{"/home/claw/.openclaw/workspace/openschichtplaner5/frontend/src/api/client.ts": {"path":"/home/claw/.openclaw/workspace/openschichtplaner5/frontend/src/api/client.ts","statementMap":{"0":{"start":{"line":392,"column":17},"end":{"line":392,"column":null}},"1":{"start":{"line":396,"column":33},"end":{"line":396,"column":null}},"2":{"start":{"line":399,"column":16},"end":{"line":399,"column":null}},"3":{"start":{"line":400,"column":2},"end":{"line":400,"column":null}},"4":{"start":{"line":404,"column":31},"end":{"line":404,"column":null}},"5":{"start":{"line":405,"column":31},"end":{"line":405,"column":null}},"6":{"start":{"line":406,"column":2},"end":{"line":406,"column":null}},"7":{"start":{"line":406,"column":21},"end":{"line":406,"column":null}},"8":{"start":{"line":407,"column":2},"end":{"line":407,"column":null}},"9":{"start":{"line":407,"column":21},"end":{"line":407,"column":null}},"10":{"start":{"line":408,"column":2},"end":{"line":408,"column":null}},"11":{"start":{"line":421,"column":2},"end":{"line":436,"column":null}},"12":{"start":{"line":422,"column":16},"end":{"line":422,"column":null}},"13":{"start":{"line":423,"column":4},"end":{"line":423,"column":null}},"14":{"start":{"line":423,"column":17},"end":{"line":423,"column":null}},"15":{"start":{"line":424,"column":17},"end":{"line":424,"column":null}},"16":{"start":{"line":425,"column":27},"end":{"line":425,"column":null}},"17":{"start":{"line":426,"column":23},"end":{"line":426,"column":null}},"18":{"start":{"line":427,"column":4},"end":{"line":431,"column":null}},"19":{"start":{"line":428,"column":6},"end":{"line":430,"column":null}},"20":{"start":{"line":432,"column":4},"end":{"line":432,"column":null}},"21":{"start":{"line":435,"column":4},"end":{"line":435,"column":null}},"22":{"start":{"line":441,"column":2},"end":{"line":441,"column":null}},"23":{"start":{"line":446,"column":18},"end":{"line":446,"column":null}},"24":{"start":{"line":447,"column":21},"end":{"line":447,"column":null}},"25":{"start":{"line":450,"column":24},"end":{"line":457,"column":null}},"26":{"start":{"line":461,"column":2},"end":{"line":461,"column":null}},"27":{"start":{"line":461,"column":40},"end":{"line":461,"column":null}},"28":{"start":{"line":462,"column":2},"end":{"line":462,"column":null}},"29":{"start":{"line":467,"column":2},"end":{"line":469,"column":null}},"30":{"start":{"line":468,"column":4},"end":{"line":468,"column":null}},"31":{"start":{"line":468,"column":26},"end":{"line":468,"column":null}},"32":{"start":{"line":474,"column":2},"end":{"line":474,"column":null}},"33":{"start":{"line":479,"column":2},"end":{"line":487,"column":null}},"34":{"start":{"line":480,"column":16},"end":{"line":480,"column":null}},"35":{"start":{"line":481,"column":4},"end":{"line":481,"column":null}},"36":{"start":{"line":481,"column":14},"end":{"line":481,"column":null}},"37":{"start":{"line":482,"column":20},"end":{"line":482,"column":null}},"38":{"start":{"line":484,"column":4},"end":{"line":484,"column":null}},"39":{"start":{"line":486,"column":4},"end":{"line":486,"column":null}},"40":{"start":{"line":492,"column":19},"end":{"line":492,"column":null}},"41":{"start":{"line":493,"column":2},"end":{"line":493,"column":null}},"42":{"start":{"line":498,"column":2},"end":{"line":504,"column":null}},"43":{"start":{"line":499,"column":17},"end":{"line":499,"column":null}},"44":{"start":{"line":500,"column":4},"end":{"line":500,"column":null}},"45":{"start":{"line":500,"column":22},"end":{"line":500,"column":null}},"46":{"start":{"line":501,"column":4},"end":{"line":501,"column":null}},"47":{"start":{"line":501,"column":23},"end":{"line":501,"column":null}},"48":{"start":{"line":505,"column":2},"end":{"line":505,"column":null}},"49":{"start":{"line":509,"column":2},"end":{"line":512,"column":null}},"50":{"start":{"line":510,"column":4},"end":{"line":510,"column":null}},"51":{"start":{"line":511,"column":4},"end":{"line":511,"column":null}},"52":{"start":{"line":513,"column":2},"end":{"line":516,"column":null}},"53":{"start":{"line":514,"column":16},"end":{"line":514,"column":null}},"54":{"start":{"line":515,"column":4},"end":{"line":515,"column":null}},"55":{"start":{"line":523,"column":34},"end":{"line":523,"column":null}},"56":{"start":{"line":524,"column":2},"end":{"line":534,"column":null}},"57":{"start":{"line":525,"column":4},"end":{"line":525,"column":null}},"58":{"start":{"line":528,"column":4},"end":{"line":532,"column":null}},"59":{"start":{"line":530,"column":6},"end":{"line":530,"column":null}},"60":{"start":{"line":530,"column":29},"end":{"line":530,"column":65}},"61":{"start":{"line":531,"column":6},"end":{"line":531,"column":null}},"62":{"start":{"line":533,"column":4},"end":{"line":533,"column":null}},"63":{"start":{"line":539,"column":2},"end":{"line":544,"column":null}},"64":{"start":{"line":540,"column":19},"end":{"line":540,"column":null}},"65":{"start":{"line":541,"column":4},"end":{"line":543,"column":null}},"66":{"start":{"line":542,"column":6},"end":{"line":542,"column":null}},"67":{"start":{"line":545,"column":14},"end":{"line":545,"column":null}},"68":{"start":{"line":546,"column":2},"end":{"line":546,"column":null}},"69":{"start":{"line":547,"column":15},"end":{"line":547,"column":null}},"70":{"start":{"line":548,"column":2},"end":{"line":550,"column":null}},"71":{"start":{"line":549,"column":4},"end":{"line":549,"column":null}},"72":{"start":{"line":551,"column":2},"end":{"line":551,"column":null}},"73":{"start":{"line":557,"column":15},"end":{"line":557,"column":null}},"74":{"start":{"line":558,"column":2},"end":{"line":562,"column":null}},"75":{"start":{"line":559,"column":4},"end":{"line":561,"column":null}},"76":{"start":{"line":560,"column":6},"end":{"line":560,"column":null}},"77":{"start":{"line":566,"column":2},"end":{"line":566,"column":null}},"78":{"start":{"line":567,"column":14},"end":{"line":571,"column":null}},"79":{"start":{"line":572,"column":2},"end":{"line":572,"column":null}},"80":{"start":{"line":573,"column":2},"end":{"line":573,"column":null}},"81":{"start":{"line":577,"column":2},"end":{"line":577,"column":null}},"82":{"start":{"line":578,"column":14},"end":{"line":582,"column":null}},"83":{"start":{"line":583,"column":2},"end":{"line":583,"column":null}},"84":{"start":{"line":584,"column":2},"end":{"line":584,"column":null}},"85":{"start":{"line":588,"column":2},"end":{"line":588,"column":null}},"86":{"start":{"line":589,"column":14},"end":{"line":592,"column":null}},"87":{"start":{"line":593,"column":2},"end":{"line":593,"column":null}},"88":{"start":{"line":594,"column":2},"end":{"line":594,"column":null}},"89":{"start":{"line":598,"column":2},"end":{"line":598,"column":null}},"90":{"start":{"line":599,"column":14},"end":{"line":603,"column":null}},"91":{"start":{"line":604,"column":2},"end":{"line":604,"column":null}},"92":{"start":{"line":605,"column":2},"end":{"line":605,"column":null}},"93":{"start":{"line":953,"column":19},"end":{"line":1595,"column":null}},"94":{"start":{"line":954,"column":18},"end":{"line":954,"column":null}},"95":{"start":{"line":956,"column":4},"end":{"line":956,"column":null}},"96":{"start":{"line":957,"column":22},"end":{"line":957,"column":null}},"97":{"start":{"line":958,"column":19},"end":{"line":958,"column":null}},"98":{"start":{"line":959,"column":19},"end":{"line":959,"column":null}},"99":{"start":{"line":960,"column":23},"end":{"line":960,"column":null}},"100":{"start":{"line":961,"column":23},"end":{"line":961,"column":null}},"101":{"start":{"line":962,"column":34},"end":{"line":962,"column":null}},"102":{"start":{"line":964,"column":4},"end":{"line":964,"column":null}},"103":{"start":{"line":965,"column":18},"end":{"line":965,"column":null}},"104":{"start":{"line":969,"column":4},"end":{"line":969,"column":null}},"105":{"start":{"line":972,"column":4},"end":{"line":972,"column":null}},"106":{"start":{"line":975,"column":4},"end":{"line":975,"column":null}},"107":{"start":{"line":978,"column":4},"end":{"line":978,"column":null}},"108":{"start":{"line":981,"column":4},"end":{"line":981,"column":null}},"109":{"start":{"line":984,"column":4},"end":{"line":984,"column":null}},"110":{"start":{"line":987,"column":14},"end":{"line":987,"column":null}},"111":{"start":{"line":988,"column":4},"end":{"line":988,"column":null}},"112":{"start":{"line":988,"column":33},"end":{"line":988,"column":null}},"113":{"start":{"line":989,"column":4},"end":{"line":989,"column":null}},"114":{"start":{"line":993,"column":4},"end":{"line":993,"column":null}},"115":{"start":{"line":996,"column":4},"end":{"line":996,"column":null}},"116":{"start":{"line":999,"column":4},"end":{"line":999,"column":null}},"117":{"start":{"line":1004,"column":7},"end":{"line":1007,"column":null}},"118":{"start":{"line":1017,"column":4},"end":{"line":1034,"column":null}},"119":{"start":{"line":1037,"column":15},"end":{"line":1037,"column":null}},"120":{"start":{"line":1037,"column":103},"end":{"line":1037,"column":112}},"121":{"start":{"line":1037,"column":129},"end":{"line":1037,"column":143}},"122":{"start":{"line":1038,"column":4},"end":{"line":1038,"column":null}},"123":{"start":{"line":1041,"column":4},"end":{"line":1041,"column":null}},"124":{"start":{"line":1043,"column":4},"end":{"line":1043,"column":null}},"125":{"start":{"line":1046,"column":4},"end":{"line":1046,"column":null}},"126":{"start":{"line":1049,"column":4},"end":{"line":1049,"column":null}},"127":{"start":{"line":1052,"column":15},"end":{"line":1052,"column":null}},"128":{"start":{"line":1052,"column":103},"end":{"line":1052,"column":112}},"129":{"start":{"line":1052,"column":129},"end":{"line":1052,"column":143}},"130":{"start":{"line":1053,"column":4},"end":{"line":1053,"column":null}},"131":{"start":{"line":1057,"column":24},"end":{"line":1057,"column":null}},"132":{"start":{"line":1058,"column":33},"end":{"line":1058,"column":null}},"133":{"start":{"line":1059,"column":29},"end":{"line":1059,"column":null}},"134":{"start":{"line":1061,"column":4},"end":{"line":1061,"column":null}},"135":{"start":{"line":1063,"column":4},"end":{"line":1063,"column":null}},"136":{"start":{"line":1065,"column":4},"end":{"line":1065,"column":null}},"137":{"start":{"line":1067,"column":4},"end":{"line":1067,"column":null}},"138":{"start":{"line":1069,"column":4},"end":{"line":1069,"column":null}},"139":{"start":{"line":1073,"column":19},"end":{"line":1073,"column":null}},"140":{"start":{"line":1074,"column":4},"end":{"line":1074,"column":null}},"141":{"start":{"line":1074,"column":14},"end":{"line":1074,"column":null}},"142":{"start":{"line":1075,"column":4},"end":{"line":1075,"column":null}},"143":{"start":{"line":1075,"column":15},"end":{"line":1075,"column":null}},"144":{"start":{"line":1076,"column":15},"end":{"line":1076,"column":null}},"145":{"start":{"line":1077,"column":4},"end":{"line":1077,"column":null}},"146":{"start":{"line":1082,"column":14},"end":{"line":1082,"column":null}},"147":{"start":{"line":1083,"column":22},"end":{"line":1083,"column":null}},"148":{"start":{"line":1084,"column":4},"end":{"line":1084,"column":null}},"149":{"start":{"line":1084,"column":16},"end":{"line":1084,"column":null}},"150":{"start":{"line":1085,"column":4},"end":{"line":1085,"column":null}},"151":{"start":{"line":1085,"column":31},"end":{"line":1085,"column":null}},"152":{"start":{"line":1086,"column":4},"end":{"line":1086,"column":null}},"153":{"start":{"line":1086,"column":24},"end":{"line":1086,"column":null}},"154":{"start":{"line":1087,"column":4},"end":{"line":1087,"column":null}},"155":{"start":{"line":1087,"column":25},"end":{"line":1087,"column":null}},"156":{"start":{"line":1088,"column":15},"end":{"line":1088,"column":null}},"157":{"start":{"line":1089,"column":4},"end":{"line":1089,"column":null}},"158":{"start":{"line":1092,"column":4},"end":{"line":1092,"column":null}},"159":{"start":{"line":1094,"column":4},"end":{"line":1094,"column":null}},"160":{"start":{"line":1096,"column":4},"end":{"line":1096,"column":null}},"161":{"start":{"line":1100,"column":4},"end":{"line":1100,"column":null}},"162":{"start":{"line":1102,"column":4},"end":{"line":1102,"column":null}},"163":{"start":{"line":1104,"column":4},"end":{"line":1104,"column":null}},"164":{"start":{"line":1108,"column":4},"end":{"line":1108,"column":null}},"165":{"start":{"line":1112,"column":19},"end":{"line":1112,"column":null}},"166":{"start":{"line":1113,"column":4},"end":{"line":1113,"column":null}},"167":{"start":{"line":1113,"column":17},"end":{"line":1113,"column":null}},"168":{"start":{"line":1114,"column":4},"end":{"line":1114,"column":null}},"169":{"start":{"line":1114,"column":20},"end":{"line":1114,"column":null}},"170":{"start":{"line":1115,"column":4},"end":{"line":1115,"column":null}},"171":{"start":{"line":1118,"column":4},"end":{"line":1118,"column":null}},"172":{"start":{"line":1120,"column":19},"end":{"line":1120,"column":null}},"173":{"start":{"line":1121,"column":4},"end":{"line":1121,"column":null}},"174":{"start":{"line":1121,"column":17},"end":{"line":1121,"column":null}},"175":{"start":{"line":1122,"column":4},"end":{"line":1122,"column":null}},"176":{"start":{"line":1125,"column":19},"end":{"line":1125,"column":null}},"177":{"start":{"line":1126,"column":4},"end":{"line":1126,"column":null}},"178":{"start":{"line":1126,"column":14},"end":{"line":1126,"column":null}},"179":{"start":{"line":1127,"column":4},"end":{"line":1127,"column":null}},"180":{"start":{"line":1127,"column":15},"end":{"line":1127,"column":null}},"181":{"start":{"line":1128,"column":4},"end":{"line":1128,"column":null}},"182":{"start":{"line":1128,"column":20},"end":{"line":1128,"column":null}},"183":{"start":{"line":1129,"column":15},"end":{"line":1129,"column":null}},"184":{"start":{"line":1130,"column":4},"end":{"line":1130,"column":null}},"185":{"start":{"line":1133,"column":4},"end":{"line":1133,"column":null}},"186":{"start":{"line":1135,"column":4},"end":{"line":1135,"column":null}},"187":{"start":{"line":1139,"column":4},"end":{"line":1139,"column":null}},"188":{"start":{"line":1141,"column":4},"end":{"line":1141,"column":null}},"189":{"start":{"line":1143,"column":4},"end":{"line":1143,"column":null}},"190":{"start":{"line":1147,"column":4},"end":{"line":1147,"column":null}},"191":{"start":{"line":1149,"column":4},"end":{"line":1149,"column":null}},"192":{"start":{"line":1151,"column":4},"end":{"line":1151,"column":null}},"193":{"start":{"line":1153,"column":4},"end":{"line":1153,"column":null}},"194":{"start":{"line":1155,"column":4},"end":{"line":1155,"column":null}},"195":{"start":{"line":1159,"column":4},"end":{"line":1159,"column":null}},"196":{"start":{"line":1163,"column":4},"end":{"line":1163,"column":null}},"197":{"start":{"line":1167,"column":4},"end":{"line":1167,"column":null}},"198":{"start":{"line":1169,"column":4},"end":{"line":1169,"column":null}},"199":{"start":{"line":1171,"column":4},"end":{"line":1171,"column":null}},"200":{"start":{"line":1175,"column":4},"end":{"line":1175,"column":null}},"201":{"start":{"line":1177,"column":4},"end":{"line":1177,"column":null}},"202":{"start":{"line":1179,"column":4},"end":{"line":1179,"column":null}},"203":{"start":{"line":1183,"column":4},"end":{"line":1183,"column":null}},"204":{"start":{"line":1185,"column":4},"end":{"line":1185,"column":null}},"205":{"start":{"line":1187,"column":4},"end":{"line":1187,"column":null}},"206":{"start":{"line":1191,"column":4},"end":{"line":1191,"column":null}},"207":{"start":{"line":1193,"column":4},"end":{"line":1193,"column":null}},"208":{"start":{"line":1195,"column":4},"end":{"line":1195,"column":null}},"209":{"start":{"line":1199,"column":4},"end":{"line":1199,"column":null}},"210":{"start":{"line":1201,"column":4},"end":{"line":1201,"column":null}},"211":{"start":{"line":1203,"column":4},"end":{"line":1203,"column":null}},"212":{"start":{"line":1207,"column":4},"end":{"line":1207,"column":null}},"213":{"start":{"line":1209,"column":4},"end":{"line":1209,"column":null}},"214":{"start":{"line":1211,"column":4},"end":{"line":1211,"column":null}},"215":{"start":{"line":1213,"column":4},"end":{"line":1213,"column":null}},"216":{"start":{"line":1215,"column":4},"end":{"line":1217,"column":null}},"217":{"start":{"line":1221,"column":4},"end":{"line":1221,"column":null}},"218":{"start":{"line":1225,"column":4},"end":{"line":1225,"column":null}},"219":{"start":{"line":1227,"column":4},"end":{"line":1227,"column":null}},"220":{"start":{"line":1229,"column":4},"end":{"line":1229,"column":null}},"221":{"start":{"line":1233,"column":4},"end":{"line":1233,"column":null}},"222":{"start":{"line":1235,"column":4},"end":{"line":1235,"column":null}},"223":{"start":{"line":1237,"column":4},"end":{"line":1237,"column":null}},"224":{"start":{"line":1239,"column":4},"end":{"line":1239,"column":null}},"225":{"start":{"line":1241,"column":4},"end":{"line":1241,"column":null}},"226":{"start":{"line":1245,"column":4},"end":{"line":1245,"column":null}},"227":{"start":{"line":1247,"column":4},"end":{"line":1247,"column":null}},"228":{"start":{"line":1249,"column":4},"end":{"line":1249,"column":null}},"229":{"start":{"line":1252,"column":21},"end":{"line":1252,"column":null}},"230":{"start":{"line":1254,"column":4},"end":{"line":1254,"column":null}},"231":{"start":{"line":1258,"column":14},"end":{"line":1258,"column":null}},"232":{"start":{"line":1259,"column":4},"end":{"line":1259,"column":null}},"233":{"start":{"line":1259,"column":14},"end":{"line":1259,"column":null}},"234":{"start":{"line":1260,"column":4},"end":{"line":1260,"column":null}},"235":{"start":{"line":1260,"column":25},"end":{"line":1260,"column":null}},"236":{"start":{"line":1261,"column":15},"end":{"line":1261,"column":null}},"237":{"start":{"line":1262,"column":4},"end":{"line":1262,"column":null}},"238":{"start":{"line":1267,"column":8},"end":{"line":1267,"column":null}},"239":{"start":{"line":1271,"column":9},"end":{"line":1271,"column":null}},"240":{"start":{"line":1273,"column":4},"end":{"line":1273,"column":null}},"241":{"start":{"line":1277,"column":15},"end":{"line":1277,"column":null}},"242":{"start":{"line":1277,"column":103},"end":{"line":1277,"column":112}},"243":{"start":{"line":1277,"column":129},"end":{"line":1277,"column":143}},"244":{"start":{"line":1278,"column":4},"end":{"line":1279,"column":null}},"245":{"start":{"line":1282,"column":4},"end":{"line":1282,"column":null}},"246":{"start":{"line":1284,"column":4},"end":{"line":1284,"column":null}},"247":{"start":{"line":1288,"column":15},"end":{"line":1288,"column":null}},"248":{"start":{"line":1289,"column":4},"end":{"line":1289,"column":null}},"249":{"start":{"line":1292,"column":4},"end":{"line":1292,"column":null}},"250":{"start":{"line":1294,"column":4},"end":{"line":1294,"column":null}},"251":{"start":{"line":1298,"column":15},"end":{"line":1298,"column":null}},"252":{"start":{"line":1299,"column":4},"end":{"line":1299,"column":null}},"253":{"start":{"line":1302,"column":4},"end":{"line":1302,"column":null}},"254":{"start":{"line":1304,"column":4},"end":{"line":1304,"column":null}},"255":{"start":{"line":1308,"column":4},"end":{"line":1310,"column":null}},"256":{"start":{"line":1312,"column":4},"end":{"line":1312,"column":null}},"257":{"start":{"line":1314,"column":4},"end":{"line":1316,"column":null}},"258":{"start":{"line":1319,"column":47},"end":{"line":1319,"column":null}},"259":{"start":{"line":1322,"column":21},"end":{"line":1322,"column":null}},"260":{"start":{"line":1323,"column":4},"end":{"line":1323,"column":null}},"261":{"start":{"line":1324,"column":16},"end":{"line":1328,"column":null}},"262":{"start":{"line":1329,"column":4},"end":{"line":1332,"column":null}},"263":{"start":{"line":1330,"column":21},"end":{"line":1330,"column":null}},"264":{"start":{"line":1330,"column":51},"end":{"line":1330,"column":78}},"265":{"start":{"line":1331,"column":6},"end":{"line":1331,"column":null}},"266":{"start":{"line":1333,"column":4},"end":{"line":1333,"column":null}},"267":{"start":{"line":1338,"column":4},"end":{"line":1338,"column":null}},"268":{"start":{"line":1342,"column":4},"end":{"line":1344,"column":null}},"269":{"start":{"line":1347,"column":30},"end":{"line":1347,"column":null}},"270":{"start":{"line":1350,"column":21},"end":{"line":1350,"column":null}},"271":{"start":{"line":1351,"column":4},"end":{"line":1351,"column":null}},"272":{"start":{"line":1352,"column":16},"end":{"line":1356,"column":null}},"273":{"start":{"line":1357,"column":4},"end":{"line":1360,"column":null}},"274":{"start":{"line":1358,"column":21},"end":{"line":1358,"column":null}},"275":{"start":{"line":1358,"column":51},"end":{"line":1358,"column":78}},"276":{"start":{"line":1359,"column":6},"end":{"line":1359,"column":null}},"277":{"start":{"line":1361,"column":4},"end":{"line":1361,"column":null}},"278":{"start":{"line":1365,"column":16},"end":{"line":1365,"column":null}},"279":{"start":{"line":1366,"column":4},"end":{"line":1366,"column":null}},"280":{"start":{"line":1367,"column":4},"end":{"line":1367,"column":null}},"281":{"start":{"line":1371,"column":4},"end":{"line":1371,"column":null}},"282":{"start":{"line":1374,"column":16},"end":{"line":1377,"column":null}},"283":{"start":{"line":1378,"column":4},"end":{"line":1378,"column":null}},"284":{"start":{"line":1389,"column":15},"end":{"line":1389,"column":null}},"285":{"start":{"line":1390,"column":4},"end":{"line":1390,"column":null}},"286":{"start":{"line":1390,"column":41},"end":{"line":1390,"column":null}},"287":{"start":{"line":1391,"column":4},"end":{"line":1391,"column":null}},"288":{"start":{"line":1391,"column":47},"end":{"line":1391,"column":null}},"289":{"start":{"line":1392,"column":4},"end":{"line":1392,"column":null}},"290":{"start":{"line":1392,"column":33},"end":{"line":1392,"column":null}},"291":{"start":{"line":1393,"column":4},"end":{"line":1393,"column":null}},"292":{"start":{"line":1403,"column":15},"end":{"line":1403,"column":null}},"293":{"start":{"line":1404,"column":4},"end":{"line":1404,"column":null}},"294":{"start":{"line":1404,"column":22},"end":{"line":1404,"column":null}},"295":{"start":{"line":1405,"column":4},"end":{"line":1405,"column":null}},"296":{"start":{"line":1405,"column":21},"end":{"line":1405,"column":null}},"297":{"start":{"line":1406,"column":4},"end":{"line":1406,"column":null}},"298":{"start":{"line":1406,"column":26},"end":{"line":1406,"column":null}},"299":{"start":{"line":1407,"column":4},"end":{"line":1407,"column":null}},"300":{"start":{"line":1407,"column":24},"end":{"line":1407,"column":null}},"301":{"start":{"line":1408,"column":14},"end":{"line":1408,"column":null}},"302":{"start":{"line":1409,"column":4},"end":{"line":1409,"column":null}},"303":{"start":{"line":1413,"column":4},"end":{"line":1413,"column":null}},"304":{"start":{"line":1417,"column":15},"end":{"line":1417,"column":null}},"305":{"start":{"line":1418,"column":4},"end":{"line":1418,"column":null}},"306":{"start":{"line":1418,"column":25},"end":{"line":1418,"column":null}},"307":{"start":{"line":1419,"column":4},"end":{"line":1421,"column":null}},"308":{"start":{"line":1425,"column":27},"end":{"line":1425,"column":null}},"309":{"start":{"line":1428,"column":30},"end":{"line":1428,"column":null}},"310":{"start":{"line":1432,"column":4},"end":{"line":1432,"column":null}},"311":{"start":{"line":1436,"column":4},"end":{"line":1436,"column":null}},"312":{"start":{"line":1440,"column":4},"end":{"line":1440,"column":null}},"313":{"start":{"line":1444,"column":15},"end":{"line":1444,"column":null}},"314":{"start":{"line":1445,"column":4},"end":{"line":1445,"column":null}},"315":{"start":{"line":1445,"column":25},"end":{"line":1445,"column":null}},"316":{"start":{"line":1446,"column":4},"end":{"line":1446,"column":null}},"317":{"start":{"line":1450,"column":15},"end":{"line":1450,"column":null}},"318":{"start":{"line":1451,"column":4},"end":{"line":1451,"column":null}},"319":{"start":{"line":1451,"column":25},"end":{"line":1451,"column":null}},"320":{"start":{"line":1452,"column":16},"end":{"line":1452,"column":null}},"321":{"start":{"line":1453,"column":16},"end":{"line":1453,"column":null}},"322":{"start":{"line":1454,"column":4},"end":{"line":1457,"column":null}},"323":{"start":{"line":1455,"column":19},"end":{"line":1455,"column":null}},"324":{"start":{"line":1455,"column":49},"end":{"line":1455,"column":76}},"325":{"start":{"line":1456,"column":6},"end":{"line":1456,"column":null}},"326":{"start":{"line":1458,"column":17},"end":{"line":1458,"column":null}},"327":{"start":{"line":1459,"column":18},"end":{"line":1459,"column":null}},"328":{"start":{"line":1460,"column":16},"end":{"line":1460,"column":null}},"329":{"start":{"line":1461,"column":21},"end":{"line":1461,"column":null}},"330":{"start":{"line":1462,"column":14},"end":{"line":1462,"column":null}},"331":{"start":{"line":1463,"column":4},"end":{"line":1463,"column":null}},"332":{"start":{"line":1464,"column":4},"end":{"line":1464,"column":null}},"333":{"start":{"line":1465,"column":4},"end":{"line":1465,"column":null}},"334":{"start":{"line":1466,"column":4},"end":{"line":1466,"column":null}},"335":{"start":{"line":1467,"column":4},"end":{"line":1467,"column":null}},"336":{"start":{"line":1468,"column":4},"end":{"line":1468,"column":null}},"337":{"start":{"line":1473,"column":4},"end":{"line":1473,"column":null}},"338":{"start":{"line":1476,"column":4},"end":{"line":1476,"column":null}},"339":{"start":{"line":1479,"column":4},"end":{"line":1479,"column":null}},"340":{"start":{"line":1483,"column":4},"end":{"line":1483,"column":null}},"341":{"start":{"line":1486,"column":4},"end":{"line":1486,"column":null}},"342":{"start":{"line":1489,"column":4},"end":{"line":1489,"column":null}},"343":{"start":{"line":1492,"column":4},"end":{"line":1492,"column":null}},"344":{"start":{"line":1495,"column":4},"end":{"line":1495,"column":null}},"345":{"start":{"line":1504,"column":4},"end":{"line":1507,"column":null}},"346":{"start":{"line":1514,"column":4},"end":{"line":1517,"column":null}},"347":{"start":{"line":1521,"column":14},"end":{"line":1521,"column":null}},"348":{"start":{"line":1522,"column":4},"end":{"line":1522,"column":null}},"349":{"start":{"line":1522,"column":36},"end":{"line":1522,"column":null}},"350":{"start":{"line":1523,"column":4},"end":{"line":1523,"column":null}},"351":{"start":{"line":1523,"column":29},"end":{"line":1523,"column":null}},"352":{"start":{"line":1524,"column":4},"end":{"line":1524,"column":null}},"353":{"start":{"line":1524,"column":30},"end":{"line":1524,"column":null}},"354":{"start":{"line":1525,"column":4},"end":{"line":1525,"column":null}},"355":{"start":{"line":1534,"column":8},"end":{"line":1534,"column":null}},"356":{"start":{"line":1537,"column":4},"end":{"line":1537,"column":null}},"357":{"start":{"line":1541,"column":14},"end":{"line":1541,"column":null}},"358":{"start":{"line":1542,"column":4},"end":{"line":1542,"column":null}},"359":{"start":{"line":1542,"column":23},"end":{"line":1542,"column":null}},"360":{"start":{"line":1543,"column":4},"end":{"line":1543,"column":null}},"361":{"start":{"line":1543,"column":36},"end":{"line":1543,"column":null}},"362":{"start":{"line":1544,"column":4},"end":{"line":1544,"column":null}},"363":{"start":{"line":1553,"column":8},"end":{"line":1553,"column":null}},"364":{"start":{"line":1559,"column":8},"end":{"line":1559,"column":null}},"365":{"start":{"line":1562,"column":4},"end":{"line":1562,"column":null}},"366":{"start":{"line":1566,"column":14},"end":{"line":1569,"column":null}},"367":{"start":{"line":1570,"column":4},"end":{"line":1570,"column":null}},"368":{"start":{"line":1570,"column":33},"end":{"line":1570,"column":null}},"369":{"start":{"line":1571,"column":4},"end":{"line":1571,"column":null}},"370":{"start":{"line":1574,"column":4},"end":{"line":1574,"column":null}},"371":{"start":{"line":1578,"column":4},"end":{"line":1578,"column":null}},"372":{"start":{"line":1585,"column":8},"end":{"line":1585,"column":null}},"373":{"start":{"line":1588,"column":4},"end":{"line":1588,"column":null}},"374":{"start":{"line":1594,"column":8},"end":{"line":1594,"column":null}}},"fnMap":{"0":{"name":"parseVersion","decl":{"start":{"line":398,"column":9},"end":{"line":398,"column":22}},"loc":{"start":{"line":398,"column":59},"end":{"line":401,"column":null}},"line":398},"1":{"name":"isVersionAtLeast","decl":{"start":{"line":403,"column":9},"end":{"line":403,"column":26}},"loc":{"start":{"line":403,"column":69},"end":{"line":409,"column":null}},"line":403},"2":{"name":"checkApiCompatibility","decl":{"start":{"line":416,"column":22},"end":{"line":416,"column":null}},"loc":{"start":{"line":420,"column":3},"end":{"line":437,"column":null}},"line":420},"3":{"name":"dispatchUnauthorized","decl":{"start":{"line":440,"column":9},"end":{"line":440,"column":32}},"loc":{"start":{"line":440,"column":32},"end":{"line":442,"column":null}},"line":440},"4":{"name":"isCacheable","decl":{"start":{"line":459,"column":9},"end":{"line":459,"column":21}},"loc":{"start":{"line":459,"column":44},"end":{"line":463,"column":null}},"line":459},"5":{"name":"invalidateStammdatenCache","decl":{"start":{"line":466,"column":16},"end":{"line":466,"column":50}},"loc":{"start":{"line":466,"column":50},"end":{"line":470,"column":null}},"line":466},"6":{"name":"invalidateCachePath","decl":{"start":{"line":473,"column":16},"end":{"line":473,"column":36}},"loc":{"start":{"line":473,"column":56},"end":{"line":475,"column":null}},"line":473},"7":{"name":"getDevToken","decl":{"start":{"line":478,"column":9},"end":{"line":478,"column":38}},"loc":{"start":{"line":478,"column":38},"end":{"line":488,"column":null}},"line":478},"8":{"name":"authHeaders","decl":{"start":{"line":491,"column":9},"end":{"line":491,"column":21}},"loc":{"start":{"line":491,"column":81},"end":{"line":494,"column":null}},"line":491},"9":{"name":"extractErrorMessage","decl":{"start":{"line":497,"column":15},"end":{"line":497,"column":35}},"loc":{"start":{"line":497,"column":67},"end":{"line":506,"column":null}},"line":497},"10":{"name":"handleResponseError","decl":{"start":{"line":508,"column":15},"end":{"line":508,"column":35}},"loc":{"start":{"line":508,"column":65},"end":{"line":517,"column":null}},"line":508},"11":{"name":"safeFetch","decl":{"start":{"line":521,"column":15},"end":{"line":521,"column":25}},"loc":{"start":{"line":521,"column":93},"end":{"line":535,"column":null}},"line":521},"12":{"name":"(anonymous_12)","decl":{"start":{"line":530,"column":24},"end":{"line":530,"column":29}},"loc":{"start":{"line":530,"column":29},"end":{"line":530,"column":65}},"line":530},"13":{"name":"fetchJSON","decl":{"start":{"line":537,"column":15},"end":{"line":537,"column":28}},"loc":{"start":{"line":537,"column":54},"end":{"line":552,"column":null}},"line":537},"14":{"name":"evictCachePrefix","decl":{"start":{"line":555,"column":9},"end":{"line":555,"column":26}},"loc":{"start":{"line":555,"column":46},"end":{"line":563,"column":null}},"line":555},"15":{"name":"postJSON","decl":{"start":{"line":565,"column":15},"end":{"line":565,"column":27}},"loc":{"start":{"line":565,"column":68},"end":{"line":574,"column":null}},"line":565},"16":{"name":"putJSON","decl":{"start":{"line":576,"column":15},"end":{"line":576,"column":26}},"loc":{"start":{"line":576,"column":67},"end":{"line":585,"column":null}},"line":576},"17":{"name":"deleteReq","decl":{"start":{"line":587,"column":15},"end":{"line":587,"column":28}},"loc":{"start":{"line":587,"column":54},"end":{"line":595,"column":null}},"line":587},"18":{"name":"patchJSON","decl":{"start":{"line":597,"column":15},"end":{"line":597,"column":28}},"loc":{"start":{"line":597,"column":69},"end":{"line":606,"column":null}},"line":597},"19":{"name":"(anonymous_19)","decl":{"start":{"line":954,"column":12},"end":{"line":954,"column":18}},"loc":{"start":{"line":954,"column":18},"end":{"line":954,"column":null}},"line":954},"20":{"name":"(anonymous_20)","decl":{"start":{"line":955,"column":23},"end":{"line":955,"column":24}},"loc":{"start":{"line":956,"column":4},"end":{"line":956,"column":null}},"line":956},"21":{"name":"(anonymous_21)","decl":{"start":{"line":957,"column":16},"end":{"line":957,"column":22}},"loc":{"start":{"line":957,"column":22},"end":{"line":957,"column":null}},"line":957},"22":{"name":"(anonymous_22)","decl":{"start":{"line":958,"column":13},"end":{"line":958,"column":19}},"loc":{"start":{"line":958,"column":19},"end":{"line":958,"column":null}},"line":958},"23":{"name":"(anonymous_23)","decl":{"start":{"line":959,"column":13},"end":{"line":959,"column":19}},"loc":{"start":{"line":959,"column":19},"end":{"line":959,"column":null}},"line":959},"24":{"name":"(anonymous_24)","decl":{"start":{"line":960,"column":17},"end":{"line":960,"column":23}},"loc":{"start":{"line":960,"column":23},"end":{"line":960,"column":null}},"line":960},"25":{"name":"(anonymous_25)","decl":{"start":{"line":961,"column":17},"end":{"line":961,"column":23}},"loc":{"start":{"line":961,"column":23},"end":{"line":961,"column":null}},"line":961},"26":{"name":"(anonymous_26)","decl":{"start":{"line":962,"column":15},"end":{"line":962,"column":16}},"loc":{"start":{"line":962,"column":34},"end":{"line":962,"column":null}},"line":962},"27":{"name":"(anonymous_27)","decl":{"start":{"line":963,"column":15},"end":{"line":963,"column":16}},"loc":{"start":{"line":964,"column":4},"end":{"line":964,"column":null}},"line":964},"28":{"name":"(anonymous_28)","decl":{"start":{"line":965,"column":12},"end":{"line":965,"column":18}},"loc":{"start":{"line":965,"column":18},"end":{"line":965,"column":null}},"line":965},"29":{"name":"(anonymous_29)","decl":{"start":{"line":968,"column":18},"end":{"line":968,"column":19}},"loc":{"start":{"line":969,"column":4},"end":{"line":969,"column":null}},"line":969},"30":{"name":"(anonymous_30)","decl":{"start":{"line":971,"column":17},"end":{"line":971,"column":18}},"loc":{"start":{"line":972,"column":4},"end":{"line":972,"column":null}},"line":972},"31":{"name":"(anonymous_31)","decl":{"start":{"line":974,"column":19},"end":{"line":974,"column":20}},"loc":{"start":{"line":975,"column":4},"end":{"line":975,"column":null}},"line":975},"32":{"name":"(anonymous_32)","decl":{"start":{"line":977,"column":24},"end":{"line":977,"column":25}},"loc":{"start":{"line":978,"column":4},"end":{"line":978,"column":null}},"line":978},"33":{"name":"(anonymous_33)","decl":{"start":{"line":980,"column":25},"end":{"line":980,"column":26}},"loc":{"start":{"line":981,"column":4},"end":{"line":981,"column":null}},"line":981},"34":{"name":"(anonymous_34)","decl":{"start":{"line":983,"column":19},"end":{"line":983,"column":20}},"loc":{"start":{"line":984,"column":4},"end":{"line":984,"column":null}},"line":984},"35":{"name":"(anonymous_35)","decl":{"start":{"line":986,"column":16},"end":{"line":986,"column":17}},"loc":{"start":{"line":986,"column":80},"end":{"line":990,"column":null}},"line":986},"36":{"name":"(anonymous_36)","decl":{"start":{"line":992,"column":19},"end":{"line":992,"column":20}},"loc":{"start":{"line":993,"column":4},"end":{"line":993,"column":null}},"line":993},"37":{"name":"(anonymous_37)","decl":{"start":{"line":995,"column":23},"end":{"line":995,"column":24}},"loc":{"start":{"line":996,"column":4},"end":{"line":996,"column":null}},"line":996},"38":{"name":"(anonymous_38)","decl":{"start":{"line":998,"column":23},"end":{"line":998,"column":24}},"loc":{"start":{"line":999,"column":4},"end":{"line":999,"column":null}},"line":999},"39":{"name":"(anonymous_39)","decl":{"start":{"line":1001,"column":16},"end":{"line":1001,"column":null}},"loc":{"start":{"line":1004,"column":7},"end":{"line":1007,"column":null}},"line":1004},"40":{"name":"(anonymous_40)","decl":{"start":{"line":1009,"column":20},"end":{"line":1009,"column":21}},"loc":{"start":{"line":1017,"column":4},"end":{"line":1034,"column":null}},"line":1017},"41":{"name":"(anonymous_41)","decl":{"start":{"line":1036,"column":15},"end":{"line":1036,"column":16}},"loc":{"start":{"line":1036,"column":93},"end":{"line":1039,"column":null}},"line":1036},"42":{"name":"(anonymous_42)","decl":{"start":{"line":1037,"column":93},"end":{"line":1037,"column":94}},"loc":{"start":{"line":1037,"column":103},"end":{"line":1037,"column":112}},"line":1037},"43":{"name":"(anonymous_43)","decl":{"start":{"line":1037,"column":118},"end":{"line":1037,"column":119}},"loc":{"start":{"line":1037,"column":129},"end":{"line":1037,"column":143}},"line":1037},"44":{"name":"(anonymous_44)","decl":{"start":{"line":1040,"column":17},"end":{"line":1040,"column":18}},"loc":{"start":{"line":1041,"column":4},"end":{"line":1041,"column":null}},"line":1041},"45":{"name":"(anonymous_45)","decl":{"start":{"line":1042,"column":17},"end":{"line":1042,"column":18}},"loc":{"start":{"line":1043,"column":4},"end":{"line":1043,"column":null}},"line":1043},"46":{"name":"(anonymous_46)","decl":{"start":{"line":1045,"column":22},"end":{"line":1045,"column":null}},"loc":{"start":{"line":1046,"column":4},"end":{"line":1046,"column":null}},"line":1046},"47":{"name":"(anonymous_47)","decl":{"start":{"line":1048,"column":23},"end":{"line":1048,"column":null}},"loc":{"start":{"line":1049,"column":4},"end":{"line":1049,"column":null}},"line":1049},"48":{"name":"(anonymous_48)","decl":{"start":{"line":1051,"column":24},"end":{"line":1051,"column":25}},"loc":{"start":{"line":1051,"column":78},"end":{"line":1054,"column":null}},"line":1051},"49":{"name":"(anonymous_49)","decl":{"start":{"line":1052,"column":93},"end":{"line":1052,"column":94}},"loc":{"start":{"line":1052,"column":103},"end":{"line":1052,"column":112}},"line":1052},"50":{"name":"(anonymous_50)","decl":{"start":{"line":1052,"column":118},"end":{"line":1052,"column":119}},"loc":{"start":{"line":1052,"column":129},"end":{"line":1052,"column":143}},"line":1052},"51":{"name":"(anonymous_51)","decl":{"start":{"line":1057,"column":18},"end":{"line":1057,"column":24}},"loc":{"start":{"line":1057,"column":24},"end":{"line":1057,"column":null}},"line":1057},"52":{"name":"(anonymous_52)","decl":{"start":{"line":1058,"column":17},"end":{"line":1058,"column":18}},"loc":{"start":{"line":1058,"column":33},"end":{"line":1058,"column":null}},"line":1058},"53":{"name":"(anonymous_53)","decl":{"start":{"line":1059,"column":23},"end":{"line":1059,"column":29}},"loc":{"start":{"line":1059,"column":29},"end":{"line":1059,"column":null}},"line":1059},"54":{"name":"(anonymous_54)","decl":{"start":{"line":1060,"column":15},"end":{"line":1060,"column":16}},"loc":{"start":{"line":1061,"column":4},"end":{"line":1061,"column":null}},"line":1061},"55":{"name":"(anonymous_55)","decl":{"start":{"line":1062,"column":25},"end":{"line":1062,"column":26}},"loc":{"start":{"line":1063,"column":4},"end":{"line":1063,"column":null}},"line":1063},"56":{"name":"(anonymous_56)","decl":{"start":{"line":1064,"column":20},"end":{"line":1064,"column":21}},"loc":{"start":{"line":1065,"column":4},"end":{"line":1065,"column":null}},"line":1065},"57":{"name":"(anonymous_57)","decl":{"start":{"line":1066,"column":20},"end":{"line":1066,"column":21}},"loc":{"start":{"line":1067,"column":4},"end":{"line":1067,"column":null}},"line":1067},"58":{"name":"(anonymous_58)","decl":{"start":{"line":1068,"column":20},"end":{"line":1068,"column":21}},"loc":{"start":{"line":1069,"column":4},"end":{"line":1069,"column":null}},"line":1069},"59":{"name":"(anonymous_59)","decl":{"start":{"line":1072,"column":27},"end":{"line":1072,"column":28}},"loc":{"start":{"line":1072,"column":62},"end":{"line":1078,"column":null}},"line":1072},"60":{"name":"(anonymous_60)","decl":{"start":{"line":1081,"column":12},"end":{"line":1081,"column":13}},"loc":{"start":{"line":1081,"column":97},"end":{"line":1090,"column":null}},"line":1081},"61":{"name":"(anonymous_61)","decl":{"start":{"line":1091,"column":11},"end":{"line":1091,"column":12}},"loc":{"start":{"line":1092,"column":4},"end":{"line":1092,"column":null}},"line":1092},"62":{"name":"(anonymous_62)","decl":{"start":{"line":1093,"column":14},"end":{"line":1093,"column":15}},"loc":{"start":{"line":1094,"column":4},"end":{"line":1094,"column":null}},"line":1094},"63":{"name":"(anonymous_63)","decl":{"start":{"line":1095,"column":14},"end":{"line":1095,"column":15}},"loc":{"start":{"line":1096,"column":4},"end":{"line":1096,"column":null}},"line":1096},"64":{"name":"(anonymous_64)","decl":{"start":{"line":1099,"column":14},"end":{"line":1099,"column":15}},"loc":{"start":{"line":1100,"column":4},"end":{"line":1100,"column":null}},"line":1100},"65":{"name":"(anonymous_65)","decl":{"start":{"line":1101,"column":16},"end":{"line":1101,"column":17}},"loc":{"start":{"line":1102,"column":4},"end":{"line":1102,"column":null}},"line":1102},"66":{"name":"(anonymous_66)","decl":{"start":{"line":1103,"column":16},"end":{"line":1103,"column":17}},"loc":{"start":{"line":1104,"column":4},"end":{"line":1104,"column":null}},"line":1104},"67":{"name":"(anonymous_67)","decl":{"start":{"line":1107,"column":26},"end":{"line":1107,"column":27}},"loc":{"start":{"line":1108,"column":4},"end":{"line":1108,"column":null}},"line":1108},"68":{"name":"(anonymous_68)","decl":{"start":{"line":1111,"column":16},"end":{"line":1111,"column":17}},"loc":{"start":{"line":1111,"column":73},"end":{"line":1116,"column":null}},"line":1111},"69":{"name":"(anonymous_69)","decl":{"start":{"line":1117,"column":22},"end":{"line":1117,"column":23}},"loc":{"start":{"line":1118,"column":4},"end":{"line":1118,"column":null}},"line":1118},"70":{"name":"(anonymous_70)","decl":{"start":{"line":1119,"column":23},"end":{"line":1119,"column":24}},"loc":{"start":{"line":1119,"column":59},"end":{"line":1123,"column":null}},"line":1119},"71":{"name":"(anonymous_71)","decl":{"start":{"line":1124,"column":15},"end":{"line":1124,"column":16}},"loc":{"start":{"line":1124,"column":71},"end":{"line":1131,"column":null}},"line":1124},"72":{"name":"(anonymous_72)","decl":{"start":{"line":1132,"column":17},"end":{"line":1132,"column":18}},"loc":{"start":{"line":1133,"column":4},"end":{"line":1133,"column":null}},"line":1133},"73":{"name":"(anonymous_73)","decl":{"start":{"line":1134,"column":17},"end":{"line":1134,"column":18}},"loc":{"start":{"line":1135,"column":4},"end":{"line":1135,"column":null}},"line":1135},"74":{"name":"(anonymous_74)","decl":{"start":{"line":1138,"column":18},"end":{"line":1138,"column":19}},"loc":{"start":{"line":1139,"column":4},"end":{"line":1139,"column":null}},"line":1139},"75":{"name":"(anonymous_75)","decl":{"start":{"line":1140,"column":18},"end":{"line":1140,"column":19}},"loc":{"start":{"line":1141,"column":4},"end":{"line":1141,"column":null}},"line":1141},"76":{"name":"(anonymous_76)","decl":{"start":{"line":1142,"column":18},"end":{"line":1142,"column":19}},"loc":{"start":{"line":1143,"column":4},"end":{"line":1143,"column":null}},"line":1143},"77":{"name":"(anonymous_77)","decl":{"start":{"line":1146,"column":15},"end":{"line":1146,"column":16}},"loc":{"start":{"line":1147,"column":4},"end":{"line":1147,"column":null}},"line":1147},"78":{"name":"(anonymous_78)","decl":{"start":{"line":1148,"column":15},"end":{"line":1148,"column":16}},"loc":{"start":{"line":1149,"column":4},"end":{"line":1149,"column":null}},"line":1149},"79":{"name":"(anonymous_79)","decl":{"start":{"line":1150,"column":15},"end":{"line":1150,"column":16}},"loc":{"start":{"line":1151,"column":4},"end":{"line":1151,"column":null}},"line":1151},"80":{"name":"(anonymous_80)","decl":{"start":{"line":1152,"column":18},"end":{"line":1152,"column":19}},"loc":{"start":{"line":1153,"column":4},"end":{"line":1153,"column":null}},"line":1153},"81":{"name":"(anonymous_81)","decl":{"start":{"line":1154,"column":21},"end":{"line":1154,"column":22}},"loc":{"start":{"line":1155,"column":4},"end":{"line":1155,"column":null}},"line":1155},"82":{"name":"(anonymous_82)","decl":{"start":{"line":1158,"column":22},"end":{"line":1158,"column":23}},"loc":{"start":{"line":1159,"column":4},"end":{"line":1159,"column":null}},"line":1159},"83":{"name":"(anonymous_83)","decl":{"start":{"line":1162,"column":21},"end":{"line":1162,"column":22}},"loc":{"start":{"line":1163,"column":4},"end":{"line":1163,"column":null}},"line":1163},"84":{"name":"(anonymous_84)","decl":{"start":{"line":1166,"column":15},"end":{"line":1166,"column":16}},"loc":{"start":{"line":1167,"column":4},"end":{"line":1167,"column":null}},"line":1167},"85":{"name":"(anonymous_85)","decl":{"start":{"line":1168,"column":15},"end":{"line":1168,"column":16}},"loc":{"start":{"line":1169,"column":4},"end":{"line":1169,"column":null}},"line":1169},"86":{"name":"(anonymous_86)","decl":{"start":{"line":1170,"column":15},"end":{"line":1170,"column":16}},"loc":{"start":{"line":1171,"column":4},"end":{"line":1171,"column":null}},"line":1171},"87":{"name":"(anonymous_87)","decl":{"start":{"line":1174,"column":19},"end":{"line":1174,"column":20}},"loc":{"start":{"line":1175,"column":4},"end":{"line":1175,"column":null}},"line":1175},"88":{"name":"(anonymous_88)","decl":{"start":{"line":1176,"column":19},"end":{"line":1176,"column":20}},"loc":{"start":{"line":1177,"column":4},"end":{"line":1177,"column":null}},"line":1177},"89":{"name":"(anonymous_89)","decl":{"start":{"line":1178,"column":19},"end":{"line":1178,"column":20}},"loc":{"start":{"line":1179,"column":4},"end":{"line":1179,"column":null}},"line":1179},"90":{"name":"(anonymous_90)","decl":{"start":{"line":1182,"column":17},"end":{"line":1182,"column":18}},"loc":{"start":{"line":1183,"column":4},"end":{"line":1183,"column":null}},"line":1183},"91":{"name":"(anonymous_91)","decl":{"start":{"line":1184,"column":17},"end":{"line":1184,"column":18}},"loc":{"start":{"line":1185,"column":4},"end":{"line":1185,"column":null}},"line":1185},"92":{"name":"(anonymous_92)","decl":{"start":{"line":1186,"column":17},"end":{"line":1186,"column":18}},"loc":{"start":{"line":1187,"column":4},"end":{"line":1187,"column":null}},"line":1187},"93":{"name":"(anonymous_93)","decl":{"start":{"line":1190,"column":19},"end":{"line":1190,"column":20}},"loc":{"start":{"line":1191,"column":4},"end":{"line":1191,"column":null}},"line":1191},"94":{"name":"(anonymous_94)","decl":{"start":{"line":1192,"column":19},"end":{"line":1192,"column":20}},"loc":{"start":{"line":1193,"column":4},"end":{"line":1193,"column":null}},"line":1193},"95":{"name":"(anonymous_95)","decl":{"start":{"line":1194,"column":19},"end":{"line":1194,"column":20}},"loc":{"start":{"line":1195,"column":4},"end":{"line":1195,"column":null}},"line":1195},"96":{"name":"(anonymous_96)","decl":{"start":{"line":1198,"column":25},"end":{"line":1198,"column":26}},"loc":{"start":{"line":1199,"column":4},"end":{"line":1199,"column":null}},"line":1199},"97":{"name":"(anonymous_97)","decl":{"start":{"line":1200,"column":29},"end":{"line":1200,"column":30}},"loc":{"start":{"line":1201,"column":4},"end":{"line":1201,"column":null}},"line":1201},"98":{"name":"(anonymous_98)","decl":{"start":{"line":1202,"column":31},"end":{"line":1202,"column":32}},"loc":{"start":{"line":1203,"column":4},"end":{"line":1203,"column":null}},"line":1203},"99":{"name":"(anonymous_99)","decl":{"start":{"line":1206,"column":19},"end":{"line":1206,"column":20}},"loc":{"start":{"line":1207,"column":4},"end":{"line":1207,"column":null}},"line":1207},"100":{"name":"(anonymous_100)","decl":{"start":{"line":1208,"column":21},"end":{"line":1208,"column":22}},"loc":{"start":{"line":1209,"column":4},"end":{"line":1209,"column":null}},"line":1209},"101":{"name":"(anonymous_101)","decl":{"start":{"line":1210,"column":21},"end":{"line":1210,"column":22}},"loc":{"start":{"line":1211,"column":4},"end":{"line":1211,"column":null}},"line":1211},"102":{"name":"(anonymous_102)","decl":{"start":{"line":1212,"column":21},"end":{"line":1212,"column":22}},"loc":{"start":{"line":1213,"column":4},"end":{"line":1213,"column":null}},"line":1213},"103":{"name":"(anonymous_103)","decl":{"start":{"line":1214,"column":26},"end":{"line":1214,"column":27}},"loc":{"start":{"line":1215,"column":4},"end":{"line":1217,"column":null}},"line":1215},"104":{"name":"(anonymous_104)","decl":{"start":{"line":1220,"column":9},"end":{"line":1220,"column":10}},"loc":{"start":{"line":1221,"column":4},"end":{"line":1221,"column":null}},"line":1221},"105":{"name":"(anonymous_105)","decl":{"start":{"line":1224,"column":14},"end":{"line":1224,"column":15}},"loc":{"start":{"line":1225,"column":4},"end":{"line":1225,"column":null}},"line":1225},"106":{"name":"(anonymous_106)","decl":{"start":{"line":1226,"column":14},"end":{"line":1226,"column":15}},"loc":{"start":{"line":1227,"column":4},"end":{"line":1227,"column":null}},"line":1227},"107":{"name":"(anonymous_107)","decl":{"start":{"line":1228,"column":14},"end":{"line":1228,"column":15}},"loc":{"start":{"line":1229,"column":4},"end":{"line":1229,"column":null}},"line":1229},"108":{"name":"(anonymous_108)","decl":{"start":{"line":1232,"column":18},"end":{"line":1232,"column":19}},"loc":{"start":{"line":1233,"column":4},"end":{"line":1233,"column":null}},"line":1233},"109":{"name":"(anonymous_109)","decl":{"start":{"line":1234,"column":26},"end":{"line":1234,"column":27}},"loc":{"start":{"line":1235,"column":4},"end":{"line":1235,"column":null}},"line":1235},"110":{"name":"(anonymous_110)","decl":{"start":{"line":1236,"column":26},"end":{"line":1236,"column":27}},"loc":{"start":{"line":1237,"column":4},"end":{"line":1237,"column":null}},"line":1237},"111":{"name":"(anonymous_111)","decl":{"start":{"line":1238,"column":26},"end":{"line":1238,"column":27}},"loc":{"start":{"line":1239,"column":4},"end":{"line":1239,"column":null}},"line":1239},"112":{"name":"(anonymous_112)","decl":{"start":{"line":1240,"column":19},"end":{"line":1240,"column":20}},"loc":{"start":{"line":1241,"column":4},"end":{"line":1241,"column":null}},"line":1241},"113":{"name":"(anonymous_113)","decl":{"start":{"line":1244,"column":19},"end":{"line":1244,"column":20}},"loc":{"start":{"line":1245,"column":4},"end":{"line":1245,"column":null}},"line":1245},"114":{"name":"(anonymous_114)","decl":{"start":{"line":1246,"column":18},"end":{"line":1246,"column":19}},"loc":{"start":{"line":1247,"column":4},"end":{"line":1247,"column":null}},"line":1247},"115":{"name":"(anonymous_115)","decl":{"start":{"line":1248,"column":21},"end":{"line":1248,"column":22}},"loc":{"start":{"line":1249,"column":4},"end":{"line":1249,"column":null}},"line":1249},"116":{"name":"(anonymous_116)","decl":{"start":{"line":1252,"column":15},"end":{"line":1252,"column":21}},"loc":{"start":{"line":1252,"column":21},"end":{"line":1252,"column":null}},"line":1252},"117":{"name":"(anonymous_117)","decl":{"start":{"line":1253,"column":18},"end":{"line":1253,"column":19}},"loc":{"start":{"line":1254,"column":4},"end":{"line":1254,"column":null}},"line":1254},"118":{"name":"(anonymous_118)","decl":{"start":{"line":1257,"column":22},"end":{"line":1257,"column":23}},"loc":{"start":{"line":1257,"column":59},"end":{"line":1263,"column":null}},"line":1257},"119":{"name":"(anonymous_119)","decl":{"start":{"line":1264,"column":25},"end":{"line":1264,"column":26}},"loc":{"start":{"line":1267,"column":8},"end":{"line":1267,"column":null}},"line":1267},"120":{"name":"(anonymous_120)","decl":{"start":{"line":1268,"column":25},"end":{"line":1268,"column":26}},"loc":{"start":{"line":1271,"column":9},"end":{"line":1271,"column":null}},"line":1271},"121":{"name":"(anonymous_121)","decl":{"start":{"line":1272,"column":25},"end":{"line":1272,"column":26}},"loc":{"start":{"line":1273,"column":4},"end":{"line":1273,"column":null}},"line":1273},"122":{"name":"(anonymous_122)","decl":{"start":{"line":1276,"column":22},"end":{"line":1276,"column":23}},"loc":{"start":{"line":1276,"column":91},"end":{"line":1280,"column":null}},"line":1276},"123":{"name":"(anonymous_123)","decl":{"start":{"line":1277,"column":93},"end":{"line":1277,"column":94}},"loc":{"start":{"line":1277,"column":103},"end":{"line":1277,"column":112}},"line":1277},"124":{"name":"(anonymous_124)","decl":{"start":{"line":1277,"column":118},"end":{"line":1277,"column":119}},"loc":{"start":{"line":1277,"column":129},"end":{"line":1277,"column":143}},"line":1277},"125":{"name":"(anonymous_125)","decl":{"start":{"line":1281,"column":21},"end":{"line":1281,"column":22}},"loc":{"start":{"line":1282,"column":4},"end":{"line":1282,"column":null}},"line":1282},"126":{"name":"(anonymous_126)","decl":{"start":{"line":1283,"column":24},"end":{"line":1283,"column":25}},"loc":{"start":{"line":1284,"column":4},"end":{"line":1284,"column":null}},"line":1284},"127":{"name":"(anonymous_127)","decl":{"start":{"line":1287,"column":21},"end":{"line":1287,"column":22}},"loc":{"start":{"line":1287,"column":43},"end":{"line":1290,"column":null}},"line":1287},"128":{"name":"(anonymous_128)","decl":{"start":{"line":1291,"column":21},"end":{"line":1291,"column":22}},"loc":{"start":{"line":1292,"column":4},"end":{"line":1292,"column":null}},"line":1292},"129":{"name":"(anonymous_129)","decl":{"start":{"line":1293,"column":24},"end":{"line":1293,"column":25}},"loc":{"start":{"line":1294,"column":4},"end":{"line":1294,"column":null}},"line":1294},"130":{"name":"(anonymous_130)","decl":{"start":{"line":1297,"column":18},"end":{"line":1297,"column":19}},"loc":{"start":{"line":1297,"column":40},"end":{"line":1300,"column":null}},"line":1297},"131":{"name":"(anonymous_131)","decl":{"start":{"line":1301,"column":18},"end":{"line":1301,"column":19}},"loc":{"start":{"line":1302,"column":4},"end":{"line":1302,"column":null}},"line":1302},"132":{"name":"(anonymous_132)","decl":{"start":{"line":1303,"column":21},"end":{"line":1303,"column":22}},"loc":{"start":{"line":1304,"column":4},"end":{"line":1304,"column":null}},"line":1304},"133":{"name":"(anonymous_133)","decl":{"start":{"line":1307,"column":19},"end":{"line":1307,"column":20}},"loc":{"start":{"line":1308,"column":4},"end":{"line":1310,"column":null}},"line":1308},"134":{"name":"(anonymous_134)","decl":{"start":{"line":1311,"column":19},"end":{"line":1311,"column":20}},"loc":{"start":{"line":1312,"column":4},"end":{"line":1312,"column":null}},"line":1312},"135":{"name":"(anonymous_135)","decl":{"start":{"line":1313,"column":28},"end":{"line":1313,"column":29}},"loc":{"start":{"line":1314,"column":4},"end":{"line":1316,"column":null}},"line":1314},"136":{"name":"(anonymous_136)","decl":{"start":{"line":1319,"column":23},"end":{"line":1319,"column":24}},"loc":{"start":{"line":1319,"column":47},"end":{"line":1319,"column":null}},"line":1319},"137":{"name":"(anonymous_137)","decl":{"start":{"line":1321,"column":23},"end":{"line":1321,"column":30}},"loc":{"start":{"line":1321,"column":102},"end":{"line":1334,"column":null}},"line":1321},"138":{"name":"(anonymous_138)","decl":{"start":{"line":1330,"column":44},"end":{"line":1330,"column":51}},"loc":{"start":{"line":1330,"column":51},"end":{"line":1330,"column":78}},"line":1330},"139":{"name":"(anonymous_139)","decl":{"start":{"line":1337,"column":18},"end":{"line":1337,"column":19}},"loc":{"start":{"line":1338,"column":4},"end":{"line":1338,"column":null}},"line":1338},"140":{"name":"(anonymous_140)","decl":{"start":{"line":1341,"column":18},"end":{"line":1341,"column":19}},"loc":{"start":{"line":1342,"column":4},"end":{"line":1344,"column":null}},"line":1342},"141":{"name":"(anonymous_141)","decl":{"start":{"line":1347,"column":16},"end":{"line":1347,"column":30}},"loc":{"start":{"line":1347,"column":30},"end":{"line":1347,"column":null}},"line":1347},"142":{"name":"(anonymous_142)","decl":{"start":{"line":1349,"column":17},"end":{"line":1349,"column":24}},"loc":{"start":{"line":1349,"column":87},"end":{"line":1362,"column":null}},"line":1349},"143":{"name":"(anonymous_143)","decl":{"start":{"line":1358,"column":44},"end":{"line":1358,"column":51}},"loc":{"start":{"line":1358,"column":51},"end":{"line":1358,"column":78}},"line":1358},"144":{"name":"(anonymous_144)","decl":{"start":{"line":1364,"column":15},"end":{"line":1364,"column":91}},"loc":{"start":{"line":1364,"column":91},"end":{"line":1368,"column":null}},"line":1364},"145":{"name":"(anonymous_145)","decl":{"start":{"line":1370,"column":24},"end":{"line":1370,"column":25}},"loc":{"start":{"line":1371,"column":4},"end":{"line":1371,"column":null}},"line":1371},"146":{"name":"(anonymous_146)","decl":{"start":{"line":1373,"column":16},"end":{"line":1373,"column":23}},"loc":{"start":{"line":1373,"column":59},"end":{"line":1379,"column":null}},"line":1373},"147":{"name":"(anonymous_147)","decl":{"start":{"line":1382,"column":19},"end":{"line":1382,"column":20}},"loc":{"start":{"line":1388,"column":8},"end":{"line":1394,"column":null}},"line":1388},"148":{"name":"(anonymous_148)","decl":{"start":{"line":1397,"column":16},"end":{"line":1397,"column":17}},"loc":{"start":{"line":1402,"column":13},"end":{"line":1410,"column":null}},"line":1402},"149":{"name":"(anonymous_149)","decl":{"start":{"line":1412,"column":13},"end":{"line":1412,"column":14}},"loc":{"start":{"line":1413,"column":4},"end":{"line":1413,"column":null}},"line":1413},"150":{"name":"(anonymous_150)","decl":{"start":{"line":1416,"column":22},"end":{"line":1416,"column":23}},"loc":{"start":{"line":1416,"column":58},"end":{"line":1422,"column":null}},"line":1416},"151":{"name":"(anonymous_151)","decl":{"start":{"line":1425,"column":21},"end":{"line":1425,"column":27}},"loc":{"start":{"line":1425,"column":27},"end":{"line":1425,"column":null}},"line":1425},"152":{"name":"(anonymous_152)","decl":{"start":{"line":1428,"column":24},"end":{"line":1428,"column":30}},"loc":{"start":{"line":1428,"column":30},"end":{"line":1428,"column":null}},"line":1428},"153":{"name":"(anonymous_153)","decl":{"start":{"line":1431,"column":21},"end":{"line":1431,"column":22}},"loc":{"start":{"line":1432,"column":4},"end":{"line":1432,"column":null}},"line":1432},"154":{"name":"(anonymous_154)","decl":{"start":{"line":1435,"column":15},"end":{"line":1435,"column":16}},"loc":{"start":{"line":1436,"column":4},"end":{"line":1436,"column":null}},"line":1436},"155":{"name":"(anonymous_155)","decl":{"start":{"line":1439,"column":10},"end":{"line":1439,"column":11}},"loc":{"start":{"line":1440,"column":4},"end":{"line":1440,"column":null}},"line":1440},"156":{"name":"(anonymous_156)","decl":{"start":{"line":1443,"column":23},"end":{"line":1443,"column":24}},"loc":{"start":{"line":1443,"column":105},"end":{"line":1447,"column":null}},"line":1443},"157":{"name":"(anonymous_157)","decl":{"start":{"line":1449,"column":25},"end":{"line":1449,"column":32}},"loc":{"start":{"line":1449,"column":120},"end":{"line":1469,"column":null}},"line":1449},"158":{"name":"(anonymous_158)","decl":{"start":{"line":1455,"column":42},"end":{"line":1455,"column":49}},"loc":{"start":{"line":1455,"column":49},"end":{"line":1455,"column":76}},"line":1455},"159":{"name":"(anonymous_159)","decl":{"start":{"line":1472,"column":25},"end":{"line":1472,"column":26}},"loc":{"start":{"line":1473,"column":4},"end":{"line":1473,"column":null}},"line":1473},"160":{"name":"(anonymous_160)","decl":{"start":{"line":1475,"column":22},"end":{"line":1475,"column":23}},"loc":{"start":{"line":1476,"column":4},"end":{"line":1476,"column":null}},"line":1476},"161":{"name":"(anonymous_161)","decl":{"start":{"line":1478,"column":18},"end":{"line":1478,"column":19}},"loc":{"start":{"line":1479,"column":4},"end":{"line":1479,"column":null}},"line":1479},"162":{"name":"(anonymous_162)","decl":{"start":{"line":1482,"column":24},"end":{"line":1482,"column":null}},"loc":{"start":{"line":1483,"column":4},"end":{"line":1483,"column":null}},"line":1483},"163":{"name":"(anonymous_163)","decl":{"start":{"line":1485,"column":26},"end":{"line":1485,"column":27}},"loc":{"start":{"line":1486,"column":4},"end":{"line":1486,"column":null}},"line":1486},"164":{"name":"(anonymous_164)","decl":{"start":{"line":1488,"column":27},"end":{"line":1488,"column":28}},"loc":{"start":{"line":1489,"column":4},"end":{"line":1489,"column":null}},"line":1489},"165":{"name":"(anonymous_165)","decl":{"start":{"line":1491,"column":26},"end":{"line":1491,"column":27}},"loc":{"start":{"line":1492,"column":4},"end":{"line":1492,"column":null}},"line":1492},"166":{"name":"(anonymous_166)","decl":{"start":{"line":1494,"column":25},"end":{"line":1494,"column":26}},"loc":{"start":{"line":1495,"column":4},"end":{"line":1495,"column":null}},"line":1495},"167":{"name":"(anonymous_167)","decl":{"start":{"line":1498,"column":12},"end":{"line":1498,"column":13}},"loc":{"start":{"line":1504,"column":4},"end":{"line":1507,"column":null}},"line":1504},"168":{"name":"(anonymous_168)","decl":{"start":{"line":1509,"column":14},"end":{"line":1509,"column":15}},"loc":{"start":{"line":1514,"column":4},"end":{"line":1517,"column":null}},"line":1514},"169":{"name":"(anonymous_169)","decl":{"start":{"line":1520,"column":13},"end":{"line":1520,"column":14}},"loc":{"start":{"line":1520,"column":87},"end":{"line":1526,"column":null}},"line":1520},"170":{"name":"(anonymous_170)","decl":{"start":{"line":1528,"column":14},"end":{"line":1528,"column":15}},"loc":{"start":{"line":1534,"column":8},"end":{"line":1534,"column":null}},"line":1534},"171":{"name":"(anonymous_171)","decl":{"start":{"line":1536,"column":14},"end":{"line":1536,"column":15}},"loc":{"start":{"line":1537,"column":4},"end":{"line":1537,"column":null}},"line":1537},"172":{"name":"(anonymous_172)","decl":{"start":{"line":1540,"column":19},"end":{"line":1540,"column":20}},"loc":{"start":{"line":1540,"column":79},"end":{"line":1545,"column":null}},"line":1540},"173":{"name":"(anonymous_173)","decl":{"start":{"line":1547,"column":21},"end":{"line":1547,"column":22}},"loc":{"start":{"line":1553,"column":8},"end":{"line":1553,"column":null}},"line":1553},"174":{"name":"(anonymous_174)","decl":{"start":{"line":1555,"column":22},"end":{"line":1555,"column":23}},"loc":{"start":{"line":1559,"column":8},"end":{"line":1559,"column":null}},"line":1559},"175":{"name":"(anonymous_175)","decl":{"start":{"line":1561,"column":21},"end":{"line":1561,"column":22}},"loc":{"start":{"line":1562,"column":4},"end":{"line":1562,"column":null}},"line":1562},"176":{"name":"(anonymous_176)","decl":{"start":{"line":1565,"column":25},"end":{"line":1565,"column":26}},"loc":{"start":{"line":1565,"column":106},"end":{"line":1572,"column":null}},"line":1565},"177":{"name":"(anonymous_177)","decl":{"start":{"line":1573,"column":18},"end":{"line":1573,"column":19}},"loc":{"start":{"line":1574,"column":4},"end":{"line":1574,"column":null}},"line":1574},"178":{"name":"(anonymous_178)","decl":{"start":{"line":1577,"column":17},"end":{"line":1577,"column":null}},"loc":{"start":{"line":1578,"column":4},"end":{"line":1578,"column":null}},"line":1578},"179":{"name":"(anonymous_179)","decl":{"start":{"line":1580,"column":18},"end":{"line":1580,"column":19}},"loc":{"start":{"line":1585,"column":8},"end":{"line":1585,"column":null}},"line":1585},"180":{"name":"(anonymous_180)","decl":{"start":{"line":1587,"column":18},"end":{"line":1587,"column":19}},"loc":{"start":{"line":1588,"column":4},"end":{"line":1588,"column":null}},"line":1588},"181":{"name":"(anonymous_181)","decl":{"start":{"line":1590,"column":21},"end":{"line":1590,"column":22}},"loc":{"start":{"line":1594,"column":8},"end":{"line":1594,"column":null}},"line":1594}},"branchMap":{"0":{"loc":{"start":{"line":392,"column":17},"end":{"line":392,"column":null}},"type":"binary-expr","locations":[{"start":{"line":392,"column":17},"end":{"line":392,"column":49}},{"start":{"line":392,"column":49},"end":{"line":392,"column":null}}],"line":392},"1":{"loc":{"start":{"line":400,"column":10},"end":{"line":400,"column":25}},"type":"binary-expr","locations":[{"start":{"line":400,"column":10},"end":{"line":400,"column":22}},{"start":{"line":400,"column":22},"end":{"line":400,"column":25}}],"line":400},"2":{"loc":{"start":{"line":400,"column":25},"end":{"line":400,"column":40}},"type":"binary-expr","locations":[{"start":{"line":400,"column":25},"end":{"line":400,"column":37}},{"start":{"line":400,"column":37},"end":{"line":400,"column":40}}],"line":400},"3":{"loc":{"start":{"line":400,"column":40},"end":{"line":400,"column":53}},"type":"binary-expr","locations":[{"start":{"line":400,"column":40},"end":{"line":400,"column":52}},{"start":{"line":400,"column":52},"end":{"line":400,"column":53}}],"line":400},"4":{"loc":{"start":{"line":406,"column":2},"end":{"line":406,"column":null}},"type":"if","locations":[{"start":{"line":406,"column":2},"end":{"line":406,"column":null}},{"start":{},"end":{}}],"line":406},"5":{"loc":{"start":{"line":407,"column":2},"end":{"line":407,"column":null}},"type":"if","locations":[{"start":{"line":407,"column":2},"end":{"line":407,"column":null}},{"start":{},"end":{}}],"line":407},"6":{"loc":{"start":{"line":423,"column":4},"end":{"line":423,"column":null}},"type":"if","locations":[{"start":{"line":423,"column":4},"end":{"line":423,"column":null}},{"start":{},"end":{}}],"line":423},"7":{"loc":{"start":{"line":425,"column":27},"end":{"line":425,"column":null}},"type":"binary-expr","locations":[{"start":{"line":425,"column":27},"end":{"line":425,"column":43}},{"start":{"line":425,"column":43},"end":{"line":425,"column":null}}],"line":425},"8":{"loc":{"start":{"line":427,"column":4},"end":{"line":431,"column":null}},"type":"if","locations":[{"start":{"line":427,"column":4},"end":{"line":431,"column":null}},{"start":{},"end":{}}],"line":427},"9":{"loc":{"start":{"line":461,"column":2},"end":{"line":461,"column":null}},"type":"if","locations":[{"start":{"line":461,"column":2},"end":{"line":461,"column":null}},{"start":{},"end":{}}],"line":461},"10":{"loc":{"start":{"line":468,"column":4},"end":{"line":468,"column":null}},"type":"if","locations":[{"start":{"line":468,"column":4},"end":{"line":468,"column":null}},{"start":{},"end":{}}],"line":468},"11":{"loc":{"start":{"line":481,"column":4},"end":{"line":481,"column":null}},"type":"if","locations":[{"start":{"line":481,"column":4},"end":{"line":481,"column":null}},{"start":{},"end":{}}],"line":481},"12":{"loc":{"start":{"line":484,"column":11},"end":{"line":484,"column":null}},"type":"cond-expr","locations":[{"start":{"line":484,"column":29},"end":{"line":484,"column":46}},{"start":{"line":484,"column":46},"end":{"line":484,"column":null}}],"line":484},"13":{"loc":{"start":{"line":491,"column":21},"end":{"line":491,"column":81}},"type":"default-arg","locations":[{"start":{"line":491,"column":53},"end":{"line":491,"column":81}}],"line":491},"14":{"loc":{"start":{"line":493,"column":9},"end":{"line":493,"column":null}},"type":"cond-expr","locations":[{"start":{"line":493,"column":20},"end":{"line":493,"column":61}},{"start":{"line":493,"column":61},"end":{"line":493,"column":null}}],"line":493},"15":{"loc":{"start":{"line":500,"column":4},"end":{"line":500,"column":null}},"type":"if","locations":[{"start":{"line":500,"column":4},"end":{"line":500,"column":null}},{"start":{},"end":{}}],"line":500},"16":{"loc":{"start":{"line":501,"column":4},"end":{"line":501,"column":null}},"type":"if","locations":[{"start":{"line":501,"column":4},"end":{"line":501,"column":null}},{"start":{},"end":{}}],"line":501},"17":{"loc":{"start":{"line":505,"column":34},"end":{"line":505,"column":72}},"type":"binary-expr","locations":[{"start":{"line":505,"column":34},"end":{"line":505,"column":52}},{"start":{"line":505,"column":52},"end":{"line":505,"column":72}}],"line":505},"18":{"loc":{"start":{"line":509,"column":2},"end":{"line":512,"column":null}},"type":"if","locations":[{"start":{"line":509,"column":2},"end":{"line":512,"column":null}},{"start":{},"end":{}}],"line":509},"19":{"loc":{"start":{"line":513,"column":2},"end":{"line":516,"column":null}},"type":"if","locations":[{"start":{"line":513,"column":2},"end":{"line":516,"column":null}},{"start":{},"end":{}}],"line":513},"20":{"loc":{"start":{"line":521,"column":60},"end":{"line":521,"column":93}},"type":"default-arg","locations":[{"start":{"line":521,"column":71},"end":{"line":521,"column":93}}],"line":521},"21":{"loc":{"start":{"line":528,"column":4},"end":{"line":532,"column":null}},"type":"if","locations":[{"start":{"line":528,"column":4},"end":{"line":532,"column":null}},{"start":{},"end":{}}],"line":528},"22":{"loc":{"start":{"line":539,"column":2},"end":{"line":544,"column":null}},"type":"if","locations":[{"start":{"line":539,"column":2},"end":{"line":544,"column":null}},{"start":{},"end":{}}],"line":539},"23":{"loc":{"start":{"line":541,"column":4},"end":{"line":543,"column":null}},"type":"if","locations":[{"start":{"line":541,"column":4},"end":{"line":543,"column":null}},{"start":{},"end":{}}],"line":541},"24":{"loc":{"start":{"line":541,"column":8},"end":{"line":541,"column":47}},"type":"binary-expr","locations":[{"start":{"line":541,"column":8},"end":{"line":541,"column":18}},{"start":{"line":541,"column":18},"end":{"line":541,"column":47}}],"line":541},"25":{"loc":{"start":{"line":548,"column":2},"end":{"line":550,"column":null}},"type":"if","locations":[{"start":{"line":548,"column":2},"end":{"line":550,"column":null}},{"start":{},"end":{}}],"line":548},"26":{"loc":{"start":{"line":559,"column":4},"end":{"line":561,"column":null}},"type":"if","locations":[{"start":{"line":559,"column":4},"end":{"line":561,"column":null}},{"start":{},"end":{}}],"line":559},"27":{"loc":{"start":{"line":559,"column":8},"end":{"line":559,"column":82}},"type":"binary-expr","locations":[{"start":{"line":559,"column":8},"end":{"line":559,"column":24}},{"start":{"line":559,"column":24},"end":{"line":559,"column":54}},{"start":{"line":559,"column":54},"end":{"line":559,"column":82}}],"line":559},"28":{"loc":{"start":{"line":962,"column":71},"end":{"line":962,"column":98}},"type":"cond-expr","locations":[{"start":{"line":962,"column":78},"end":{"line":962,"column":96}},{"start":{"line":962,"column":96},"end":{"line":962,"column":98}}],"line":962},"29":{"loc":{"start":{"line":964,"column":75},"end":{"line":964,"column":112}},"type":"cond-expr","locations":[{"start":{"line":964,"column":85},"end":{"line":964,"column":110}},{"start":{"line":964,"column":110},"end":{"line":964,"column":112}}],"line":964},"30":{"loc":{"start":{"line":969,"column":59},"end":{"line":969,"column":96}},"type":"cond-expr","locations":[{"start":{"line":969,"column":69},"end":{"line":969,"column":94}},{"start":{"line":969,"column":94},"end":{"line":969,"column":96}}],"line":969},"31":{"loc":{"start":{"line":972,"column":77},"end":{"line":972,"column":114}},"type":"cond-expr","locations":[{"start":{"line":972,"column":87},"end":{"line":972,"column":112}},{"start":{"line":972,"column":112},"end":{"line":972,"column":114}}],"line":972},"32":{"loc":{"start":{"line":984,"column":62},"end":{"line":984,"column":99}},"type":"cond-expr","locations":[{"start":{"line":984,"column":72},"end":{"line":984,"column":97}},{"start":{"line":984,"column":97},"end":{"line":984,"column":99}}],"line":984},"33":{"loc":{"start":{"line":988,"column":4},"end":{"line":988,"column":null}},"type":"if","locations":[{"start":{"line":988,"column":4},"end":{"line":988,"column":null}},{"start":{},"end":{}}],"line":988},"34":{"loc":{"start":{"line":1003,"column":4},"end":{"line":1003,"column":null}},"type":"default-arg","locations":[{"start":{"line":1003,"column":16},"end":{"line":1003,"column":null}}],"line":1003},"35":{"loc":{"start":{"line":1037,"column":15},"end":{"line":1037,"column":null}},"type":"cond-expr","locations":[{"start":{"line":1037,"column":24},"end":{"line":1037,"column":160}},{"start":{"line":1037,"column":160},"end":{"line":1037,"column":null}}],"line":1037},"36":{"loc":{"start":{"line":1038,"column":164},"end":{"line":1038,"column":182}},"type":"cond-expr","locations":[{"start":{"line":1038,"column":169},"end":{"line":1038,"column":180}},{"start":{"line":1038,"column":180},"end":{"line":1038,"column":182}}],"line":1038},"37":{"loc":{"start":{"line":1052,"column":15},"end":{"line":1052,"column":null}},"type":"cond-expr","locations":[{"start":{"line":1052,"column":24},"end":{"line":1052,"column":160}},{"start":{"line":1052,"column":160},"end":{"line":1052,"column":null}}],"line":1052},"38":{"loc":{"start":{"line":1053,"column":210},"end":{"line":1053,"column":228}},"type":"cond-expr","locations":[{"start":{"line":1053,"column":215},"end":{"line":1053,"column":226}},{"start":{"line":1053,"column":226},"end":{"line":1053,"column":228}}],"line":1053},"39":{"loc":{"start":{"line":1074,"column":4},"end":{"line":1074,"column":null}},"type":"if","locations":[{"start":{"line":1074,"column":4},"end":{"line":1074,"column":null}},{"start":{},"end":{}}],"line":1074},"40":{"loc":{"start":{"line":1075,"column":4},"end":{"line":1075,"column":null}},"type":"if","locations":[{"start":{"line":1075,"column":4},"end":{"line":1075,"column":null}},{"start":{},"end":{}}],"line":1075},"41":{"loc":{"start":{"line":1077,"column":72},"end":{"line":1077,"column":90}},"type":"cond-expr","locations":[{"start":{"line":1077,"column":77},"end":{"line":1077,"column":88}},{"start":{"line":1077,"column":88},"end":{"line":1077,"column":90}}],"line":1077},"42":{"loc":{"start":{"line":1082,"column":14},"end":{"line":1082,"column":null}},"type":"binary-expr","locations":[{"start":{"line":1082,"column":14},"end":{"line":1082,"column":24}},{"start":{"line":1082,"column":24},"end":{"line":1082,"column":null}}],"line":1082},"43":{"loc":{"start":{"line":1084,"column":4},"end":{"line":1084,"column":null}},"type":"if","locations":[{"start":{"line":1084,"column":4},"end":{"line":1084,"column":null}},{"start":{},"end":{}}],"line":1084},"44":{"loc":{"start":{"line":1085,"column":4},"end":{"line":1085,"column":null}},"type":"if","locations":[{"start":{"line":1085,"column":4},"end":{"line":1085,"column":null}},{"start":{},"end":{}}],"line":1085},"45":{"loc":{"start":{"line":1086,"column":4},"end":{"line":1086,"column":null}},"type":"if","locations":[{"start":{"line":1086,"column":4},"end":{"line":1086,"column":null}},{"start":{},"end":{}}],"line":1086},"46":{"loc":{"start":{"line":1087,"column":4},"end":{"line":1087,"column":null}},"type":"if","locations":[{"start":{"line":1087,"column":4},"end":{"line":1087,"column":null}},{"start":{},"end":{}}],"line":1087},"47":{"loc":{"start":{"line":1089,"column":42},"end":{"line":1089,"column":60}},"type":"cond-expr","locations":[{"start":{"line":1089,"column":47},"end":{"line":1089,"column":58}},{"start":{"line":1089,"column":58},"end":{"line":1089,"column":60}}],"line":1089},"48":{"loc":{"start":{"line":1092,"column":85},"end":{"line":1092,"column":103}},"type":"binary-expr","locations":[{"start":{"line":1092,"column":85},"end":{"line":1092,"column":100}},{"start":{"line":1092,"column":100},"end":{"line":1092,"column":103}}],"line":1092},"49":{"loc":{"start":{"line":1092,"column":110},"end":{"line":1092,"column":123}},"type":"binary-expr","locations":[{"start":{"line":1092,"column":110},"end":{"line":1092,"column":119}},{"start":{"line":1092,"column":119},"end":{"line":1092,"column":123}}],"line":1092},"50":{"loc":{"start":{"line":1092,"column":133},"end":{"line":1092,"column":148}},"type":"binary-expr","locations":[{"start":{"line":1092,"column":133},"end":{"line":1092,"column":145}},{"start":{"line":1092,"column":145},"end":{"line":1092,"column":148}}],"line":1092},"51":{"loc":{"start":{"line":1100,"column":39},"end":{"line":1100,"column":78}},"type":"cond-expr","locations":[{"start":{"line":1100,"column":50},"end":{"line":1100,"column":76}},{"start":{"line":1100,"column":76},"end":{"line":1100,"column":78}}],"line":1100},"52":{"loc":{"start":{"line":1113,"column":4},"end":{"line":1113,"column":null}},"type":"if","locations":[{"start":{"line":1113,"column":4},"end":{"line":1113,"column":null}},{"start":{},"end":{}}],"line":1113},"53":{"loc":{"start":{"line":1114,"column":4},"end":{"line":1114,"column":null}},"type":"if","locations":[{"start":{"line":1114,"column":4},"end":{"line":1114,"column":null}},{"start":{},"end":{}}],"line":1114},"54":{"loc":{"start":{"line":1121,"column":4},"end":{"line":1121,"column":null}},"type":"if","locations":[{"start":{"line":1121,"column":4},"end":{"line":1121,"column":null}},{"start":{},"end":{}}],"line":1121},"55":{"loc":{"start":{"line":1126,"column":4},"end":{"line":1126,"column":null}},"type":"if","locations":[{"start":{"line":1126,"column":4},"end":{"line":1126,"column":null}},{"start":{},"end":{}}],"line":1126},"56":{"loc":{"start":{"line":1127,"column":4},"end":{"line":1127,"column":null}},"type":"if","locations":[{"start":{"line":1127,"column":4},"end":{"line":1127,"column":null}},{"start":{},"end":{}}],"line":1127},"57":{"loc":{"start":{"line":1128,"column":4},"end":{"line":1128,"column":null}},"type":"if","locations":[{"start":{"line":1128,"column":4},"end":{"line":1128,"column":null}},{"start":{},"end":{}}],"line":1128},"58":{"loc":{"start":{"line":1130,"column":48},"end":{"line":1130,"column":66}},"type":"cond-expr","locations":[{"start":{"line":1130,"column":53},"end":{"line":1130,"column":64}},{"start":{"line":1130,"column":64},"end":{"line":1130,"column":66}}],"line":1130},"59":{"loc":{"start":{"line":1206,"column":20},"end":{"line":1206,"column":null}},"type":"default-arg","locations":[{"start":{"line":1206,"column":37},"end":{"line":1206,"column":null}}],"line":1206},"60":{"loc":{"start":{"line":1207,"column":49},"end":{"line":1207,"column":93}},"type":"cond-expr","locations":[{"start":{"line":1207,"column":66},"end":{"line":1207,"column":91}},{"start":{"line":1207,"column":91},"end":{"line":1207,"column":93}}],"line":1207},"61":{"loc":{"start":{"line":1216,"column":62},"end":{"line":1216,"column":116}},"type":"cond-expr","locations":[{"start":{"line":1216,"column":83},"end":{"line":1216,"column":114}},{"start":{"line":1216,"column":114},"end":{"line":1216,"column":116}}],"line":1216},"62":{"loc":{"start":{"line":1233,"column":60},"end":{"line":1233,"column":105}},"type":"cond-expr","locations":[{"start":{"line":1233,"column":78},"end":{"line":1233,"column":103}},{"start":{"line":1233,"column":103},"end":{"line":1233,"column":105}}],"line":1233},"63":{"loc":{"start":{"line":1245,"column":29},"end":{"line":1245,"column":117}},"type":"cond-expr","locations":[{"start":{"line":1245,"column":50},"end":{"line":1245,"column":98}},{"start":{"line":1245,"column":98},"end":{"line":1245,"column":117}}],"line":1245},"64":{"loc":{"start":{"line":1248,"column":59},"end":{"line":1248,"column":null}},"type":"default-arg","locations":[{"start":{"line":1248,"column":69},"end":{"line":1248,"column":null}}],"line":1248},"65":{"loc":{"start":{"line":1259,"column":4},"end":{"line":1259,"column":null}},"type":"if","locations":[{"start":{"line":1259,"column":4},"end":{"line":1259,"column":null}},{"start":{},"end":{}}],"line":1259},"66":{"loc":{"start":{"line":1260,"column":4},"end":{"line":1260,"column":null}},"type":"if","locations":[{"start":{"line":1260,"column":4},"end":{"line":1260,"column":null}},{"start":{},"end":{}}],"line":1260},"67":{"loc":{"start":{"line":1262,"column":80},"end":{"line":1262,"column":98}},"type":"cond-expr","locations":[{"start":{"line":1262,"column":85},"end":{"line":1262,"column":96}},{"start":{"line":1262,"column":96},"end":{"line":1262,"column":98}}],"line":1262},"68":{"loc":{"start":{"line":1277,"column":15},"end":{"line":1277,"column":null}},"type":"cond-expr","locations":[{"start":{"line":1277,"column":24},"end":{"line":1277,"column":160}},{"start":{"line":1277,"column":160},"end":{"line":1277,"column":null}}],"line":1277},"69":{"loc":{"start":{"line":1279,"column":30},"end":{"line":1279,"column":48}},"type":"cond-expr","locations":[{"start":{"line":1279,"column":35},"end":{"line":1279,"column":46}},{"start":{"line":1279,"column":46},"end":{"line":1279,"column":48}}],"line":1279},"70":{"loc":{"start":{"line":1288,"column":15},"end":{"line":1288,"column":null}},"type":"cond-expr","locations":[{"start":{"line":1288,"column":33},"end":{"line":1288,"column":57}},{"start":{"line":1288,"column":57},"end":{"line":1288,"column":null}}],"line":1288},"71":{"loc":{"start":{"line":1298,"column":15},"end":{"line":12
[...]
ne":395,"column":33}},"loc":{"start":{"line":395,"column":33},"end":{"line":395,"column":null}},"line":395},"40":{"name":"(anonymous_40)","decl":{"start":{"line":395,"column":41},"end":{"line":395,"column":47}},"loc":{"start":{"line":395,"column":47},"end":{"line":395,"column":78}},"line":395},"41":{"name":"(anonymous_41)","decl":{"start":{"line":404,"column":28},"end":{"line":404,"column":33}},"loc":{"start":{"line":404,"column":33},"end":{"line":404,"column":null}},"line":404},"42":{"name":"(anonymous_42)","decl":{"start":{"line":404,"column":41},"end":{"line":404,"column":47}},"loc":{"start":{"line":404,"column":47},"end":{"line":404,"column":83}},"line":404},"43":{"name":"(anonymous_43)","decl":{"start":{"line":414,"column":30},"end":{"line":414,"column":35}},"loc":{"start":{"line":414,"column":35},"end":{"line":414,"column":null}},"line":414},"44":{"name":"(anonymous_44)","decl":{"start":{"line":414,"column":43},"end":{"line":414,"column":49}},"loc":{"start":{"line":414,"column":49},"end":{"line":414,"column":84}},"line":414},"45":{"name":"(anonymous_45)","decl":{"start":{"line":429,"column":28},"end":{"line":429,"column":33}},"loc":{"start":{"line":429,"column":33},"end":{"line":429,"column":null}},"line":429},"46":{"name":"(anonymous_46)","decl":{"start":{"line":429,"column":41},"end":{"line":429,"column":47}},"loc":{"start":{"line":429,"column":47},"end":{"line":429,"column":80}},"line":429},"47":{"name":"(anonymous_47)","decl":{"start":{"line":436,"column":25},"end":{"line":436,"column":31}},"loc":{"start":{"line":436,"column":31},"end":{"line":436,"column":null}},"line":436}},"branchMap":{"0":{"loc":{"start":{"line":40,"column":44},"end":{"line":40,"column":89}},"type":"if","locations":[{"start":{"line":40,"column":44},"end":{"line":40,"column":89}},{"start":{},"end":{}}],"line":40},"1":{"loc":{"start":{"line":85,"column":12},"end":{"line":85,"column":null}},"type":"binary-expr","locations":[{"start":{"line":85,"column":12},"end":{"line":85,"column":22}},{"start":{"line":85,"column":22},"end":{"line":85,"column":null}}],"line":85},"2":{"loc":{"start":{"line":86,"column":17},"end":{"line":86,"column":null}},"type":"binary-expr","locations":[{"start":{"line":86,"column":17},"end":{"line":86,"column":32}},{"start":{"line":86,"column":32},"end":{"line":86,"column":null}}],"line":86},"3":{"loc":{"start":{"line":87,"column":16},"end":{"line":87,"column":null}},"type":"binary-expr","locations":[{"start":{"line":87,"column":16},"end":{"line":87,"column":33}},{"start":{"line":87,"column":33},"end":{"line":87,"column":null}}],"line":87},"4":{"loc":{"start":{"line":96,"column":4},"end":{"line":96,"column":null}},"type":"if","locations":[{"start":{"line":96,"column":4},"end":{"line":96,"column":null}},{"start":{},"end":{}}],"line":96},"5":{"loc":{"start":{"line":97,"column":4},"end":{"line":97,"column":null}},"type":"if","locations":[{"start":{"line":97,"column":4},"end":{"line":97,"column":null}},{"start":{},"end":{}}],"line":97},"6":{"loc":{"start":{"line":106,"column":6},"end":{"line":112,"column":null}},"type":"if","locations":[{"start":{"line":106,"column":6},"end":{"line":112,"column":null}},{"start":{"line":109,"column":13},"end":{"line":112,"column":null}}],"line":106},"7":{"loc":{"start":{"line":116,"column":15},"end":{"line":116,"column":71}},"type":"cond-expr","locations":[{"start":{"line":116,"column":36},"end":{"line":116,"column":48}},{"start":{"line":116,"column":48},"end":{"line":116,"column":71}}],"line":116},"8":{"loc":{"start":{"line":123,"column":4},"end":{"line":123,"column":null}},"type":"if","locations":[{"start":{"line":123,"column":4},"end":{"line":123,"column":null}},{"start":{},"end":{}}],"line":123},"9":{"loc":{"start":{"line":127,"column":6},"end":{"line":127,"column":null}},"type":"if","locations":[{"start":{"line":127,"column":6},"end":{"line":127,"column":null}},{"start":{},"end":{}}],"line":127},"10":{"loc":{"start":{"line":130,"column":16},"end":{"line":130,"column":72}},"type":"cond-expr","locations":[{"start":{"line":130,"column":37},"end":{"line":130,"column":49}},{"start":{"line":130,"column":49},"end":{"line":130,"column":72}}],"line":130},"11":{"loc":{"start":{"line":158,"column":4},"end":{"line":158,"column":null}},"type":"if","locations":[{"start":{"line":158,"column":4},"end":{"line":158,"column":null}},{"start":{},"end":{}}],"line":158},"12":{"loc":{"start":{"line":165,"column":16},"end":{"line":165,"column":59}},"type":"cond-expr","locations":[{"start":{"line":165,"column":37},"end":{"line":165,"column":49}},{"start":{"line":165,"column":49},"end":{"line":165,"column":59}}],"line":165},"13":{"loc":{"start":{"line":172,"column":4},"end":{"line":172,"column":null}},"type":"if","locations":[{"start":{"line":172,"column":4},"end":{"line":172,"column":null}},{"start":{},"end":{}}],"line":172},"14":{"loc":{"start":{"line":179,"column":16},"end":{"line":179,"column":59}},"type":"cond-expr","locations":[{"start":{"line":179,"column":37},"end":{"line":179,"column":49}},{"start":{"line":179,"column":49},"end":{"line":179,"column":59}}],"line":179},"15":{"loc":{"start":{"line":201,"column":13},"end":{"line":206,"column":null}},"type":"binary-expr","locations":[{"start":{"line":201,"column":13},"end":{"line":201,"column":25}},{"start":{"line":201,"column":25},"end":{"line":206,"column":null}}],"line":201},"16":{"loc":{"start":{"line":209,"column":9},"end":{"line":279,"column":null}},"type":"cond-expr","locations":[{"start":{"line":210,"column":10},"end":{"line":212,"column":null}},{"start":{"line":214,"column":10},"end":{"line":279,"column":null}}],"line":209},"17":{"loc":{"start":{"line":235,"column":40},"end":{"line":235,"column":170}},"type":"binary-expr","locations":[{"start":{"line":235,"column":40},"end":{"line":235,"column":51}},{"start":{"line":235,"column":51},"end":{"line":235,"column":107}},{"start":{"line":235,"column":101},"end":{"line":235,"column":170}}],"line":235},"18":{"loc":{"start":{"line":235,"column":107},"end":{"line":235,"column":126}},"type":"binary-expr","locations":[{"start":{"line":235,"column":107},"end":{"line":235,"column":122}},{"start":{"line":235,"column":122},"end":{"line":235,"column":126}}],"line":235},"19":{"loc":{"start":{"line":239,"column":22},"end":{"line":241,"column":null}},"type":"cond-expr","locations":[{"start":{"line":240,"column":26},"end":{"line":240,"column":null}},{"start":{"line":241,"column":26},"end":{"line":241,"column":null}}],"line":239},"20":{"loc":{"start":{"line":241,"column":26},"end":{"line":241,"column":null}},"type":"cond-expr","locations":[{"start":{"line":241,"column":40},"end":{"line":241,"column":53}},{"start":{"line":241,"column":53},"end":{"line":241,"column":null}}],"line":241},"21":{"loc":{"start":{"line":248,"column":50},"end":{"line":248,"column":77}},"type":"binary-expr","locations":[{"start":{"line":248,"column":50},"end":{"line":248,"column":67}},{"start":{"line":248,"column":67},"end":{"line":248,"column":77}}],"line":248},"22":{"loc":{"start":{"line":273,"column":17},"end":{"line":274,"column":null}},"type":"binary-expr","locations":[{"start":{"line":273,"column":17},"end":{"line":273,"column":null}},{"start":{"line":274,"column":18},"end":{"line":274,"column":null}}],"line":273},"23":{"loc":{"start":{"line":284,"column":7},"end":{"line":378,"column":null}},"type":"binary-expr","locations":[{"start":{"line":284,"column":7},"end":{"line":284,"column":null}},{"start":{"line":285,"column":8},"end":{"line":378,"column":null}}],"line":284},"24":{"loc":{"start":{"line":291,"column":42},"end":{"line":291,"column":78}},"type":"binary-expr","locations":[{"start":{"line":291,"column":42},"end":{"line":291,"column":68}},{"start":{"line":291,"column":68},"end":{"line":291,"column":78}}],"line":291},"25":{"loc":{"start":{"line":318,"column":19},"end":{"line":318,"column":null}},"type":"cond-expr","locations":[{"start":{"line":318,"column":37},"end":{"line":318,"column":51}},{"start":{"line":318,"column":51},"end":{"line":318,"column":null}}],"line":318},"26":{"loc":{"start":{"line":321,"column":15},"end":{"line":345,"column":null}},"type":"cond-expr","locations":[{"start":{"line":322,"column":16},"end":{"line":324,"column":null}},{"start":{"line":325,"column":18},"end":{"line":345,"column":null}}],"line":321},"27":{"loc":{"start":{"line":325,"column":18},"end":{"line":345,"column":null}},"type":"cond-expr","locations":[{"start":{"line":326,"column":16},"end":{"line":326,"column":null}},{"start":{"line":328,"column":16},"end":{"line":345,"column":null}}],"line":325},"28":{"loc":{"start":{"line":333,"column":25},"end":{"line":333,"column":null}},"type":"binary-expr","locations":[{"start":{"line":333,"column":25},"end":{"line":333,"column":40}},{"start":{"line":333,"column":40},"end":{"line":333,"column":null}}],"line":333},"29":{"loc":{"start":{"line":341,"column":25},"end":{"line":341,"column":null}},"type":"cond-expr","locations":[{"start":{"line":341,"column":47},"end":{"line":341,"column":53}},{"start":{"line":341,"column":53},"end":{"line":341,"column":null}}],"line":341},"30":{"loc":{"start":{"line":350,"column":13},"end":{"line":375,"column":null}},"type":"binary-expr","locations":[{"start":{"line":350,"column":13},"end":{"line":350,"column":null}},{"start":{"line":351,"column":14},"end":{"line":375,"column":null}}],"line":350},"31":{"loc":{"start":{"line":364,"column":27},"end":{"line":364,"column":null}},"type":"binary-expr","locations":[{"start":{"line":364,"column":27},"end":{"line":364,"column":42}},{"start":{"line":364,"column":42},"end":{"line":364,"column":null}}],"line":364},"32":{"loc":{"start":{"line":367,"column":27},"end":{"line":367,"column":null}},"type":"cond-expr","locations":[{"start":{"line":367,"column":49},"end":{"line":367,"column":55}},{"start":{"line":367,"column":55},"end":{"line":367,"column":null}}],"line":367},"33":{"loc":{"start":{"line":371,"column":19},"end":{"line":372,"column":null}},"type":"binary-expr","locations":[{"start":{"line":371,"column":19},"end":{"line":371,"column":null}},{"start":{"line":372,"column":20},"end":{"line":372,"column":null}}],"line":371},"34":{"loc":{"start":{"line":382,"column":7},"end":{"line":451,"column":null}},"type":"binary-expr","locations":[{"start":{"line":382,"column":7},"end":{"line":382,"column":null}},{"start":{"line":383,"column":8},"end":{"line":451,"column":null}}],"line":382},"35":{"loc":{"start":{"line":386,"column":15},"end":{"line":386,"column":null}},"type":"cond-expr","locations":[{"start":{"line":386,"column":33},"end":{"line":386,"column":61}},{"start":{"line":386,"column":61},"end":{"line":386,"column":null}}],"line":386},"36":{"loc":{"start":{"line":388,"column":13},"end":{"line":388,"column":null}},"type":"binary-expr","locations":[{"start":{"line":388,"column":13},"end":{"line":388,"column":22}},{"start":{"line":388,"column":22},"end":{"line":388,"column":null}}],"line":388},"37":{"loc":{"start":{"line":421,"column":21},"end":{"line":421,"column":null}},"type":"binary-expr","locations":[{"start":{"line":421,"column":21},"end":{"line":421,"column":39}},{"start":{"line":421,"column":39},"end":{"line":421,"column":null}}],"line":421},"38":{"loc":{"start":{"line":443,"column":26},"end":{"line":443,"column":null}},"type":"binary-expr","locations":[{"start":{"line":443,"column":26},"end":{"line":443,"column":36}},{"start":{"line":443,"column":36},"end":{"line":443,"column":null}}],"line":443},"39":{"loc":{"start":{"line":446,"column":17},"end":{"line":446,"column":149}},"type":"cond-expr","locations":[{"start":{"line":446,"column":26},"end":{"line":446,"column":144}},{"start":{"line":446,"column":144},"end":{"line":446,"column":149}}],"line":446}},"s":{"0":0,"1":0,"2":0,"3":0,"4":1,"5":7,"6":7,"7":7,"8":7,"9":7,"10":7,"11":4,"12":0,"13":0,"14":4,"15":4,"16":4,"17":7,"18":7,"19":7,"20":7,"21":7,"22":7,"23":7,"24":7,"25":7,"26":7,"27":7,"28":7,"29":7,"30":4,"31":4,"32":2,"33":2,"34":1,"35":1,"36":7,"37":4,"38":7,"39":4,"40":7,"41":0,"42":0,"43":0,"44":0,"45":7,"46":0,"47":0,"48":0,"49":0,"50":7,"51":0,"52":0,"53":0,"54":0,"55":0,"56":0,"57":0,"58":0,"59":0,"60":0,"61":0,"62":0,"63":0,"64":0,"65":0,"66":0,"67":0,"68":0,"69":0,"70":7,"71":0,"72":0,"73":0,"74":0,"75":0,"76":0,"77":0,"78":0,"79":0,"80":7,"81":0,"82":0,"83":0,"84":0,"85":0,"86":0,"87":0,"88":0,"89":7,"90":0,"91":0,"92":0,"93":0,"94":7,"95":0,"96":0,"97":0,"98":0,"99":0,"100":0,"101":0,"102":0,"103":0,"104":7,"105":0,"106":0,"107":0,"108":0,"109":0,"110":0,"111":0,"112":0,"113":0,"114":7,"115":0,"116":7,"117":0,"118":0,"119":4,"120":4,"121":0,"122":0,"123":0,"124":0,"125":0,"126":0,"127":0,"128":0,"129":0,"130":0,"131":0,"132":0,"133":0,"134":0,"135":0,"136":0,"137":0,"138":0,"139":0,"140":0,"141":0,"142":0,"143":0,"144":0},"f":{"0":0,"1":7,"2":4,"3":0,"4":4,"5":4,"6":2,"7":1,"8":4,"9":4,"10":0,"11":0,"12":0,"13":0,"14":0,"15":0,"16":0,"17":0,"18":0,"19":0,"20":0,"21":0,"22":4,"23":4,"24":0,"25":0,"26":0,"27":0,"28":0,"29":0,"30":0,"31":0,"32":0,"33":0,"34":0,"35":0,"36":0,"37":0,"38":0,"39":0,"40":0,"41":0,"42":0,"43":0,"44":0,"45":0,"46":0,"47":0},"b":{"0":[0,0],"1":[0,0],"2":[0,0],"3":[0,0],"4":[0,0],"5":[0,0],"6":[0,0],"7":[0,0],"8":[0,0],"9":[0,0],"10":[0,0],"11":[0,0],"12":[0,0],"13":[0,0],"14":[0,0],"15":[7,7],"16":[4,3],"17":[4,0,0],"18":[0,0],"19":[0,4],"20":[2,2],"21":[4,4],"22":[3,1],"23":[7,0],"24":[0,0],"25":[0,0],"26":[0,0],"27":[0,0],"28":[0,0],"29":[0,0],"30":[0,0],"31":[0,0],"32":[0,0],"33":[0,0],"34":[7,0],"35":[0,0],"36":[0,0],"37":[0,0],"38":[0,0],"39":[0,0]},"meta":{"lastBranch":40,"lastFunction":48,"lastStatement":145,"seen":{"f:10:9:10:18":0,"s:11:12:11:Infinity":0,"s:12:12:12:Infinity":1,"s:13:12:13:Infinity":2,"s:14:2:14:Infinity":3,"s:24:34:29:Infinity":4,"f:31:24:31:37":1,"s:32:19:32:Infinity":5,"s:33:34:33:Infinity":6,"s:34:26:34:Infinity":7,"s:35:28:35:Infinity":8,"s:36:32:36:Infinity":9,"s:39:2:43:Infinity":10,"f:39:12:39:18":2,"s:40:20:40:Infinity":11,"f:40:20:40:21":3,"b:40:44:40:89:undefined:undefined:undefined:undefined":0,"s:40:44:40:89":12,"s:40:68:40:89":13,"s:41:4:41:Infinity":14,"s:42:4:42:Infinity":15,"f:42:11:42:17":4,"s:42:17:42:Infinity":16,"s:44:26:44:Infinity":17,"s:45:22:45:Infinity":18,"s:46:26:46:Infinity":19,"s:47:20:47:Infinity":20,"s:48:66:48:Infinity":21,"s:49:24:49:Infinity":22,"s:52:34:52:Infinity":23,"s:53:36:53:Infinity":24,"s:54:38:54:Infinity":25,"s:55:40:55:Infinity":26,"s:56:34:56:Infinity":27,"s:57:44:57:Infinity":28,"s:59:15:65:Infinity":29,"f:59:15:59:21":5,"s:60:4:60:Infinity":30,"s:61:4:64:Infinity":31,"f:61:29:61:37":6,"s:62:6:62:Infinity":32,"s:63:6:63:Infinity":33,"f:64:13:64:14":7,"s:64:24:64:43":34,"s:64:43:64:125":35,"s:68:2:68:Infinity":36,"f:68:12:68:18":8,"s:68:20:68:28":37,"s:71:2:73:Infinity":38,"f:71:12:71:18":9,"s:72:4:72:Infinity":39,"f:72:51:72:57":10,"s:75:21:80:Infinity":40,"f:75:21:75:27":11,"s:76:4:76:Infinity":41,"s:77:4:77:Infinity":42,"s:78:4:78:Infinity":43,"s:79:4:79:Infinity":44,"s:82:19:92:Infinity":45,"f:82:19:82:20":12,"s:83:4:83:Infinity":46,"s:84:4:89:Infinity":47,"b:85:12:85:22:85:22:85:Infinity":1,"b:86:17:86:32:86:32:86:Infinity":2,"b:87:16:87:33:87:33:87:Infinity":3,"s:90:4:90:Infinity":48,"s:91:4:91:Infinity":49,"s:94:21:120:Infinity":50,"f:94:21:94:33":13,"s:95:4:95:Infinity":51,"b:96:4:96:Infinity:undefined:undefined:undefined:undefined":4,"s:96:4:96:Infinity":52,"s:96:29:96:75":53,"s:96:75:96:83":54,"b:97:4:97:Infinity:undefined:undefined:undefined:undefined":5,"s:97:4:97:Infinity":55,"s:97:34:97:75":56,"s:97:75:97:83":57,"s:98:4:98:Infinity":58,"s:99:20:104:Infinity":59,"s:105:4:119:Infinity":60,"b:106:6:112:Infinity:109:13:112:Infinity":6,"s:106:6:112:Infinity":61,"s:107:8:107:Infinity":62,"s:108:8:108:Infinity":63,"s:110:8:110:Infinity":64,"s:111:8:111:Infinity":65,"s:113:6:113:Infinity":66,"s:114:6:114:Infinity":67,"s:116:6:116:Infinity":68,"b:116:36:116:48:116:48:116:71":7,"s:118:6:118:Infinity":69,"s:122:23:132:Infinity":70,"f:122:23:122:30":14,"b:123:4:123:Infinity:undefined:undefined:undefined:undefined":8,"s:123:4:123:Infinity":71,"s:123:106:123:Infinity":72,"s:124:4:131:Infinity":73,"s:125:6:125:Infinity":74,"s:126:6:126:Infinity":75,"b:127:6:127:Infinity:undefined:undefined:undefined:undefined":9,"s:127:6:127:Infinity":76,"s:127:35:127:Infinity":77,"s:128:6:128:Infinity":78,"s:130:6:130:Infinity":79,"b:130:37:130:49:130:49:130:72":10,"s:134:21:146:Infinity":80,"f:134:21:134:28":15,"s:135:4:135:Infinity":81,"s:136:4:136:Infinity":82,"s:137:4:137:Infinity":83,"s:138:4:145:Infinity":84,"s:139:19:139:Infinity":85,"s:140:6:140:Infinity":86,"s:142:6:142:Infinity":87,"s:144:6:144:Infinity":88,"s:148:24:155:Infinity":89,"f:148:24:148:31":16,"s:149:4:154:Infinity":90,"s:150:19:150:Infinity":91,"s:151:6:151:Infinity":92,"s:153:6:153:Infinity":93,"s:157:23:169:Infinity":94,"f:157:23:157:30":17,"b:158:4:158:Infinity:undefined:undefined:undefined:undefined":11,"s:158:4:158:Infinity":95,"s:158:21:158:Infinity":96,"s:159:4:159:Infinity":97,"s:160:4:168:Infinity":98,"s:161:6:161:Infinity":99,"s:162:6:162:Infinity":100,"s:163:6:163:Infinity":101,"s:165:6:165:Infinity":102,"b:165:37:165:49:165:49:165:59":12,"s:167:6:167:Infinity":103,"s:171:23:183:Infinity":104,"f:171:23:171:30":18,"b:172:4:172:Infinity:undefined:undefined:undefined:undefined":13,"s:172:4:172:Infinity":105,"s:172:21:172:Infinity":106,"s:173:4:173:Infinity":107,"s:174:4:182:Infinity":108,"s:175:6:175:Infinity":109,"s:176:6:176:Infinity":110,"s:177:6:177:Infinity":111,"s:179:6:179:Infinity":112,"b:179:37:179:49:179:49:179:59":14,"s:181:6:181:Infinity":113,"s:185:22:185:Infinity":114,"f:185:46:185:51":19,"s:185:51:185:55":115,"s:187:2:455:Infinity":116,"f:195:23:195:29":20,"s:195:29:195:Infinity":117,"b:201:13:201:25:201:25:206:Infinity":15,"b:210:10:212:Infinity:214:10:279:Infinity":16,"f:220:24:220:29":21,"s:220:29:220:Infinity":118,"f:235:35:235:40":22,"s:235:40:235:170":119,"b:235:40:235:51:235:51:235:107:235:101:235:170":17,"b:235:107:235:122:235:122:235:126":18,"f:235:176:235:177":23,"s:236:18:271:Infinity":120,"b:240:26:240:Infinity:241:26:241:Infinity":19,"b:241:40:241:53:241:53:241:Infinity":20,"f:243:29:243:35":24,"s:243:35:243:Infinity":121,"b:248:50:248:67:248:67:248:77":21,"f:255:67:255:72":25,"s:255:72:255:Infinity":122,"f:258:35:258:41":26,"s:258:41:258:Infinity":123,"f:264:35:264:41":27,"s:264:41:264:Infinity":124,"b:273:17:273:Infinity:274:18:274:Infinity":22,"b:284:7:284:Infinity:285:8:378:Infinity":23,"b:291:42:291:68:291:68:291:78":24,"f:300:25:300:31":28,"s:300:31:300:Infinity":125,"f:315:27:315:33":29,"s:315:33:315:Infinity":126,"f:315:52:315:57":30,"s:315:57:315:59":127,"b:318:37:318:51:318:51:318:Infinity":25,"b:322:16:324:Infinity:325:18:345:Infinity":26,"b:326:16:326:Infinity:328:16:345:Infinity":27,"f:329:35:329:Infinity":31,"s:330:20:343:Infinity":128,"b:333:25:333:40:333:40:333:Infinity":28,"f:336:33:336:39":32,"s:336:39:336:Infinity":129,"b:341:47:341:53:341:53:341:Infinity":29,"b:350:13:350:Infinity:351:14:375:Infinity":30,"f:355:28:355:33":33,"s:355:33:355:55":130,"f:356:25:356:Infinity":34,"s:357:22:369:Infinity":131,"f:360:33:360:39":35,"s:360:39:360:Infinity":132,"b:364:27:364:42:364:42:364:Infinity":31,"b:367:49:367:55:367:55:367:Infinity":32,"b:371:19:371:Infinity:372:20:372:Infinity":33,"f:371:39:371:44":36,"s:371:44:371:66":133,"b:382:7:382:Infinity:383:8:451:Infinity":34,"f:383:117:383:123":37,"s:383:123:383:Infinity":134,"f:384:24:384:29":38,"s:384:29:384:50":135,"b:386:33:386:61:386:61:386:Infinity":35,"b:388:13:388:22:388:22:388:Infinity":36,"f:395:28:395:33":39,"s:395:33:395:Infinity":136,"f:395:41:395:47":40,"s:395:47:395:78":137,"f:404:28:404:33":41,"s:404:33:404:Infinity":138,"f:404:41:404:47":42,"s:404:47:404:83":139,"f:414:30:414:35":43,"s:414:35:414:Infinity":140,"f:414:43:414:49":44,"s:414:49:414:84":141,"b:421:21:421:39:421:39:421:Infinity":37,"f:429:28:429:33":45,"s:429:33:429:Infinity":142,"f:429:41:429:47":46,"s:429:47:429:80":143,"f:436:25:436:31":47,"s:436:31:436:Infinity":144,"b:443:26:443:36:443:36:443:Infinity":38,"b:446:26:446:144:446:144:446:149":39}}}
}
