{"meta": {"format": 3, "version": "7.13.4", "timestamp": "2026-02-28T22:02:09.630944", "branch_coverage": false, "show_contexts": false}, "files": {"api/__init__.py": {"executed_lines": [], "summary": {"covered_lines": 0, "num_statements": 0, "percent_covered": 100.0, "percent_covered_display": "100", "missing_lines": 0, "excluded_lines": 0, "percent_statements_covered": 100.0, "percent_statements_covered_display": "100"}, "missing_lines": [], "excluded_lines": [], "functions": {"": {"executed_lines": [], "summary": {"covered_lines": 0, "num_statements": 0, "percent_covered": 100.0, "percent_covered_display": "100", "missing_lines": 0, "excluded_lines": 0, "percent_statements_covered": 100.0, "percent_statements_covered_display": "100"}, "missing_lines": [], "excluded_lines": [], "start_line": 1}}, "classes": {"": {"executed_lines": [], "summary": {"covered_lines": 0, "num_statements": 0, "percent_covered": 100.0, "percent_covered_display": "100", "missing_lines": 0, "excluded_lines": 0, "percent_statements_covered": 100.0, "percent_statements_covered_display": "100"}, "missing_lines": [], "excluded_lines": [], "start_line": 1}}}, "api/dependencies.py": {"executed_lines": [5, 6, 7, 8, 9, 11, 12, 13, 14, 15, 18, 19, 21, 23, 24, 30, 32, 34, 35, 38, 40, 42, 43, 44, 45, 46, 47, 48, 51, 54, 58, 61, 64, 67, 68, 69, 72, 75, 76, 79, 81, 82, 83, 84, 85, 86, 87, 88, 91, 100, 101, 102, 106, 108, 110, 113, 129, 131, 133, 134, 135, 138, 140, 142, 143, 144, 147, 149, 150, 153, 155, 156, 158, 161, 163, 164, 168, 169, 170, 173, 175, 176, 180, 181, 182, 185, 187, 192], "summary": {"covered_lines": 88, "num_statements": 103, "percent_covered": 85.4368932038835, "percent_covered_display": "85", "missing_lines": 15, "excluded_lines": 0, "percent_statements_covered": 85.4368932038835, "percent_statements_covered_display": "85"}, "missing_lines": [31, 103, 109, 115, 116, 117, 118, 119, 120, 121, 125, 126, 132, 141, 157], "excluded_lines": [], "functions": {"_JsonFormatter.format": {"executed_lines": [24, 30, 32], "summary": {"covered_lines": 3, "num_statements": 4, "percent_covered": 75.0, "percent_covered_display": "75", "missing_lines": 1, "excluded_lines": 0, "percent_statements_covered": 75.0, "percent_statements_covered_display": "75"}, "missing_lines": [31], "excluded_lines": [], "start_line": 23}, "_is_token_valid": {"executed_lines": [81, 82, 83, 84, 85, 86, 87, 88], "summary": {"covered_lines": 8, "num_statements": 8, "percent_covered": 100.0, "percent_covered_display": "100", "missing_lines": 0, "excluded_lines": 0, "percent_statements_covered": 100.0, "percent_statements_covered_display": "100"}, "missing_lines": [], "excluded_lines": [], "start_line": 79}, "get_current_user": {"executed_lines": [100, 101, 102], "summary": {"covered_lines": 3, "num_statements": 4, "percent_covered": 75.0, "percent_covered_display": "75", "missing_lines": 1, "excluded_lines": 0, "percent_statements_covered": 75.0, "percent_statements_covered_display": "75"}, "missing_lines": [103], "excluded_lines": [], "start_line": 91}, "require_auth": {"executed_lines": [108, 110], "summary": {"covered_lines": 2, "num_statements": 3, "percent_covered": 66.66666666666667, "percent_covered_display": "67", "missing_lines": 1, "excluded_lines": 0, "percent_statements_covered": 66.66666666666667, "percent_statements_covered_display": "67"}, "missing_lines": [109], "excluded_lines": [], "start_line": 106}, "require_role": {"executed_lines": [], "summary": {"covered_lines": 0, "num_statements": 2, "percent_covered": 0.0, "percent_covered_display": "0", "missing_lines": 2, "excluded_lines": 0, "percent_statements_covered": 0.0, "percent_statements_covered_display": "0"}, "missing_lines": [115, 126], "excluded_lines": [], "start_line": 113}, "require_role._dep": {"executed_lines": [], "summary": {"covered_lines": 0, "num_statements": 7, "percent_covered": 0.0, "percent_covered_display": "0", "missing_lines": 7, "excluded_lines": 0, "percent_statements_covered": 0.0, "percent_statements_covered_display": "0"}, "missing_lines": [116, 117, 118, 119, 120, 121, 125], "excluded_lines": [], "start_line": 115}, "require_admin": {"executed_lines": [131, 133, 134, 135], "summary": {"covered_lines": 4, "num_statements": 5, "percent_covered": 80.0, "percent_covered_display": "80", "missing_lines": 1, "excluded_lines": 0, "percent_statements_covered": 80.0, "percent_statements_covered_display": "80"}, "missing_lines": [132], "excluded_lines": [], "start_line": 129}, "require_planer": {"executed_lines": [140, 142, 143, 144], "summary": {"covered_lines": 4, "num_statements": 5, "percent_covered": 80.0, "percent_covered_display": "80", "missing_lines": 1, "excluded_lines": 0, "percent_statements_covered": 80.0, "percent_statements_covered_display": "80"}, "missing_lines": [141], "excluded_lines": [], "start_line": 138}, "get_db": {"executed_lines": [149, 150], "summary": {"covered_lines": 2, "num_statements": 2, "percent_covered": 100.0, "percent_covered_display": "100", "missing_lines": 0, "excluded_lines": 0, "percent_statements_covered": 100.0, "percent_statements_covered_display": "100"}, "missing_lines": [], "excluded_lines": [], "start_line": 147}, "invalidate_sessions_for_user": {"executed_lines": [155, 156, 158], "summary": {"covered_lines": 3, "num_statements": 4, "percent_covered": 75.0, "percent_covered_display": "75", "missing_lines": 1, "excluded_lines": 0, "percent_statements_covered": 75.0, "percent_statements_covered_display": "75"}, "missing_lines": [157], "excluded_lines": [], "start_line": 153}, "purge_expired_sessions": {"executed_lines": [163, 164, 168, 169, 170], "summary": {"covered_lines": 5, "num_statements": 5, "percent_covered": 100.0, "percent_covered_display": "100", "missing_lines": 0, "excluded_lines": 0, "percent_statements_covered": 100.0, "percent_statements_covered_display": "100"}, "missing_lines": [], "excluded_lines": [], "start_line": 161}, "purge_stale_failed_logins": {"executed_lines": [175, 176, 180, 181, 182], "summary": {"covered_lines": 5, "num_statements": 5, "percent_covered": 100.0, "percent_covered_display": "100", "missing_lines": 0, "excluded_lines": 0, "percent_statements_covered": 100.0, "percent_statements_covered_display": "100"}, "missing_lines": [], "excluded_lines": [], "start_line": 173}, "_sanitize_500": {"executed_lines": [187, 192], "summary": {"covered_lines": 2, "num_statements": 2, "percent_covered": 100.0, "percent_covered_display": "100", "missing_lines": 0, "excluded_lines": 0, "percent_statements_covered": 100.0, "percent_statements_covered_display": "100"}, "missing_lines": [], "excluded_lines": [], "start_line": 185}, "": {"executed_lines": [5, 6, 7, 8, 9, 11, 12, 13, 14, 15, 18, 19, 21, 23, 34, 35, 38, 40, 42, 43, 44, 45, 46, 47, 48, 51, 54, 58, 61, 64, 67, 68, 69, 72, 75, 76, 79, 91, 106, 113, 129, 138, 147, 153, 161, 173, 185], "summary": {"covered_lines": 47, "num_statements": 47, "percent_covered": 100.0, "percent_covered_display": "100", "missing_lines": 0, "excluded_lines": 0, "percent_statements_covered": 100.0, "percent_statements_covered_display": "100"}, "missing_lines": [], "excluded_lines": [], "start_line": 1}}, "classes": {"_JsonFormatter": {"executed_lines": [24, 30, 32], "summary": {"covered_lines": 3, "num_statements": 4, "percent_covered": 75.0, "percent_covered_display": "75", "missing_lines": 1, "excluded_lines": 0, "percent_statements_covered": 75.0, "percent_statements_covered_display": "75"}, "missing_lines": [31], "excluded_lines": [], "start_line": 21}, "": {"executed_lines": [5, 6, 7, 8, 9, 11, 12, 13, 14, 15, 18, 19, 21, 23, 34, 35, 38, 40, 42, 43, 44, 45, 46, 47, 48, 51, 54, 58, 61, 64, 67, 68, 69, 72, 75, 76, 79, 81, 82, 83, 84, 85, 86, 87, 88, 91, 100, 101, 102, 106, 108, 110, 113, 129, 131, 133, 134, 135, 138, 140, 142, 143, 144, 147, 149, 150, 153, 155, 156, 158, 161, 163, 164, 168, 169, 170, 173, 175, 176, 180, 181, 182, 185, 187, 192], "summary": {"covered_lines": 85, "num_statements": 99, "percent_covered": 85.85858585858585, "percent_covered_display": "86", "missing_lines": 14, "excluded_lines": 0, "percent_statements_covered": 85.85858585858585, "percent_statements_covered_display": "86"}, "missing_lines": [103, 109, 115, 116, 117, 118, 119, 120, 121, 125, 126, 132, 141, 157], "excluded_lines": [], "start_line": 1}}}, "api/main.py": {"executed_lines": [2, 3, 4, 5, 6, 8, 11, 14, 16, 17, 18, 19, 20, 21, 22, 23, 27, 41, 42, 43, 46, 50, 53, 54, 59, 78, 80, 81, 82, 92, 93, 94, 96, 97, 98, 99, 100, 104, 105, 106, 107, 110, 126, 127, 129, 138, 139, 141, 142, 143, 144, 145, 147, 156, 158, 162, 163, 165, 167, 170, 171, 173, 183, 184, 185, 186, 187, 188, 189, 191, 192, 193, 196, 197, 213, 216, 217, 219, 220, 221, 222, 224, 225, 226, 227, 228, 229, 230, 231, 232, 241, 242, 243, 246, 247, 249, 250, 251, 253, 254, 256, 257, 258, 259, 263, 264, 265, 266, 270, 271, 272, 276, 281, 282, 285, 288, 301, 302, 303, 304, 305, 306, 307, 308, 309, 310, 311, 312, 313, 314, 315, 316, 317, 318, 319, 320, 321, 322, 323, 324, 325, 334, 337, 343, 345, 346, 347, 348, 349, 350, 351, 352, 353, 358, 361, 370, 374, 375, 376, 377, 378, 382, 390, 396, 401, 402, 403, 405, 406, 416, 417, 418, 423, 424, 429, 430, 431, 432, 434, 435, 436, 437, 438, 440, 441, 443, 444, 445, 446, 449, 453, 456, 457, 460, 463, 464, 468, 469, 470, 471, 472, 473, 475, 479, 482, 485, 488, 491, 492, 496, 497, 503, 504, 505, 507, 508, 509, 510, 511, 512, 513, 514, 515, 516, 520, 524, 527, 528, 529, 530, 531, 532, 537, 538, 543, 544, 545, 546, 547, 548, 549, 550, 551, 552, 553, 554, 555, 556, 557, 564, 567, 568, 569, 570, 572, 601, 605, 626, 627, 629, 630, 631, 632, 633, 636, 639, 640, 641, 643, 644, 646, 647, 648, 650, 651, 652, 654, 655, 656, 657, 668, 679, 680, 681, 682, 683, 685, 686, 687, 688, 689, 697, 698, 699, 702, 703, 705, 722, 723, 725, 726, 727, 728, 731, 732, 733, 734, 735, 736, 741, 742, 745, 767, 768, 769, 771, 772, 773, 774, 775, 776, 777, 778, 779, 781, 782, 797, 799, 808, 809, 811, 812, 813, 814, 815, 818, 819, 821, 822, 823, 826, 827, 830, 831, 832, 833, 834, 835, 836, 837, 838, 841, 842, 844, 845, 852, 853, 854, 855, 856, 857, 858, 859, 863, 864, 865, 866, 867, 868, 869, 880, 881, 882, 883, 884, 893, 897, 911, 915, 916, 918, 919, 924], "summary": {"covered_lines": 383, "num_statements": 464, "percent_covered": 82.54310344827586, "percent_covered_display": "83", "missing_lines": 81, "excluded_lines": 2, "percent_statements_covered": 82.54310344827586, "percent_statements_covered_display": "83"}, "missing_lines": [83, 84, 85, 86, 87, 101, 102, 166, 199, 200, 206, 332, 333, 379, 380, 398, 408, 411, 412, 413, 414, 518, 539, 540, 562, 563, 573, 574, 575, 576, 578, 579, 580, 581, 582, 584, 585, 586, 587, 588, 589, 590, 591, 592, 593, 602, 603, 642, 669, 746, 747, 748, 749, 750, 751, 752, 753, 754, 755, 756, 761, 762, 763, 764, 783, 784, 785, 786, 787, 795, 796, 860, 861, 876, 877, 894, 895, 920, 921, 925, 926], "excluded_lines": [88, 89], "functions": {"_periodic_cleanup": {"executed_lines": [80, 81, 82], "summary": {"covered_lines": 3, "num_statements": 8, "percent_covered": 37.5, "percent_covered_display": "38", "missing_lines": 5, "excluded_lines": 2, "percent_statements_covered": 37.5, "percent_statements_covered_display": "38"}, "missing_lines": [83, 84, 85, 86, 87], "excluded_lines": [88, 89], "start_line": 78}, "lifespan": {"executed_lines": [94, 96, 97, 98, 99, 100, 104, 105, 106, 107], "summary": {"covered_lines": 10, "num_statements": 12, "percent_covered": 83.33333333333333, "percent_covered_display": "83", "missing_lines": 2, "excluded_lines": 0, "percent_statements_covered": 83.33333333333333, "percent_statements_covered_display": "83"}, "missing_lines": [101, 102], "excluded_lines": [], "start_line": 93}, "security_headers_middleware": {"executed_lines": [141, 142, 143, 144, 145, 147, 156, 158, 162, 163, 165, 167], "summary": {"covered_lines": 12, "num_statements": 13, "percent_covered": 92.3076923076923, "percent_covered_display": "92", "missing_lines": 1, "excluded_lines": 0, "percent_statements_covered": 92.3076923076923, "percent_statements_covered_display": "92"}, "missing_lines": [166], "excluded_lines": [], "start_line": 139}, "validation_exception_handler": {"executed_lines": [173, 183, 184, 185, 186, 187, 188, 189, 191, 192, 193], "summary": {"covered_lines": 11, "num_statements": 11, "percent_covered": 100.0, "percent_covered_display": "100", "missing_lines": 0, "excluded_lines": 0, "percent_statements_covered": 100.0, "percent_statements_covered_display": "100"}, "missing_lines": [], "excluded_lines": [], "start_line": 171}, "global_exception_handler": {"executed_lines": [], "summary": {"covered_lines": 0, "num_statements": 3, "percent_covered": 0.0, "percent_covered_display": "0", "missing_lines": 3, "excluded_lines": 0, "percent_statements_covered": 0.0, "percent_statements_covered_display": "0"}, "missing_lines": [199, 200, 206], "excluded_lines": [], "start_line": 197}, "request_logging_middleware": {"executed_lines": [219, 220, 221, 222, 224, 225, 226, 227, 228, 229, 230, 231, 232, 241, 242, 243], "summary": {"covered_lines": 16, "num_statements": 16, "percent_covered": 100.0, "percent_covered_display": "100", "missing_lines": 0, "excluded_lines": 0, "percent_statements_covered": 100.0, "percent_statements_covered_display": "100"}, "missing_lines": [], "excluded_lines": [], "start_line": 217}, "auth_middleware": {"executed_lines": [249, 250, 251, 253, 254, 256, 257, 258, 259, 263, 264, 265, 266, 270, 271, 272, 276], "summary": {"covered_lines": 17, "num_statements": 17, "percent_covered": 100.0, "percent_covered_display": "100", "missing_lines": 0, "excluded_lines": 0, "percent_statements_covered": 100.0, "percent_statements_covered_display": "100"}, "missing_lines": [], "excluded_lines": [], "start_line": 247}, "ChangelogMiddleware.dispatch": {"executed_lines": [302, 303, 304, 305, 306, 307, 308, 309, 310, 311, 312, 313, 314, 315, 316, 317, 318, 319, 320, 321, 322, 323, 324, 325, 334], "summary": {"covered_lines": 25, "num_statements": 27, "percent_covered": 92.5925925925926, "percent_covered_display": "93", "missing_lines": 2, "excluded_lines": 0, "percent_statements_covered": 92.5925925925926, "percent_statements_covered_display": "93"}, "missing_lines": [332, 333], "excluded_lines": [], "start_line": 301}, "health": {"executed_lines": [374, 375, 376, 377, 378, 382], "summary": {"covered_lines": 6, "num_statements": 8, "percent_covered": 75.0, "percent_covered_display": "75", "missing_lines": 2, "excluded_lines": 0, "percent_statements_covered": 75.0, "percent_statements_covered_display": "75"}, "missing_lines": [379, 380], "excluded_lines": [], "start_line": 370}, "version": {"executed_lines": [], "summary": {"covered_lines": 0, "num_statements": 1, "percent_covered": 0.0, "percent_covered_display": "0", "missing_lines": 1, "excluded_lines": 0, "percent_statements_covered": 0.0, "percent_statements_covered_display": "0"}, "missing_lines": [398], "excluded_lines": [], "start_line": 396}, "root": {"executed_lines": [403], "summary": {"covered_lines": 1, "num_statements": 1, "percent_covered": 100.0, "percent_covered_display": "100", "missing_lines": 0, "excluded_lines": 0, "percent_statements_covered": 100.0, "percent_statements_covered_display": "100"}, "missing_lines": [], "excluded_lines": [], "start_line": 402}, "frontend_root": {"executed_lines": [], "summary": {"covered_lines": 0, "num_statements": 5, "percent_covered": 0.0, "percent_covered_display": "0", "missing_lines": 5, "excluded_lines": 0, "percent_statements_covered": 0.0, "percent_statements_covered_display": "0"}, "missing_lines": [408, 411, 412, 413, 414], "excluded_lines": [], "start_line": 406}, "get_stats": {"executed_lines": [418], "summary": {"covered_lines": 1, "num_statements": 1, "percent_covered": 100.0, "percent_covered_display": "100", "missing_lines": 0, "excluded_lines": 0, "percent_statements_covered": 100.0, "percent_statements_covered_display": "100"}, "missing_lines": [], "excluded_lines": [], "start_line": 417}, "get_dashboard_summary": {"executed_lines": [429, 430, 431, 432, 434, 435, 436, 437, 438, 440, 441, 443, 444, 445, 446, 449, 453, 456, 457, 460, 463, 464, 468, 469, 470, 471, 472, 473, 475, 479, 482, 485, 488, 491, 492, 496, 497, 503, 504, 505, 507, 508, 509, 510, 511, 512, 513, 514, 515, 516, 520, 524, 527, 528, 529, 530, 531, 532, 537, 538, 543, 544, 545, 546, 547, 548, 549, 550, 551, 552, 553, 554, 555, 556, 557, 564, 567, 568, 569, 570, 572, 601, 605], "summary": {"covered_lines": 83, "num_statements": 109, "percent_covered": 76.14678899082568, "percent_covered_display": "76", "missing_lines": 26, "excluded_lines": 0, "percent_statements_covered": 76.14678899082568, "percent_statements_covered_display": "76"}, "missing_lines": [518, 539, 540, 562, 563, 573, 574, 575, 576, 578, 579, 580, 581, 582, 584, 585, 586, 587, 588, 589, 590, 591, 592, 593, 602, 603], "excluded_lines": [], "start_line": 424}, "get_dashboard_today": {"executed_lines": [629, 630, 631, 632, 633, 636, 639, 646, 647, 648, 650, 651, 652, 654, 655, 656, 657, 668, 679, 680, 681, 682, 683, 685, 686, 687, 688, 689, 697, 698, 699, 702, 703, 705], "summary": {"covered_lines": 34, "num_statements": 35, "percent_covered": 97.14285714285714, "percent_covered_display": "97", "missing_lines": 1, "excluded_lines": 0, "percent_statements_covered": 97.14285714285714, "percent_statements_covered_display": "97"}, "missing_lines": [669], "excluded_lines": [], "start_line": 627}, "get_dashboard_today.get_shift_startend": {"executed_lines": [640, 641, 643, 644], "summary": {"covered_lines": 4, "num_statements": 5, "percent_covered": 80.0, "percent_covered_display": "80", "missing_lines": 1, "excluded_lines": 0, "percent_statements_covered": 80.0, "percent_statements_covered_display": "80"}, "missing_lines": [642], "excluded_lines": [], "start_line": 639}, "get_dashboard_upcoming": {"executed_lines": [725, 726, 727, 728, 731, 732, 733, 734, 735, 736, 741, 742, 745, 767, 768, 769, 771, 772, 773, 774, 775, 776, 777, 778, 779, 781, 782, 797, 799], "summary": {"covered_lines": 29, "num_statements": 51, "percent_covered": 56.86274509803921, "percent_covered_display": "57", "missing_lines": 22, "excluded_lines": 0, "percent_statements_covered": 56.86274509803921, "percent_statements_covered_display": "57"}, "missing_lines": [746, 747, 748, 749, 750, 751, 752, 753, 754, 755, 756, 761, 762, 763, 764, 783, 784, 785, 786, 787, 795, 796], "excluded_lines": [], "start_line": 723}, "get_dashboard_stats": {"executed_lines": [811, 812, 813, 814, 815, 818, 819, 821, 822, 823, 826, 827, 830, 831, 832, 833, 834, 835, 836, 837, 838, 841, 842, 844, 845, 852, 853, 854, 855, 856, 857, 858, 859, 863, 864, 865, 866, 867, 868, 869, 880, 881, 882, 883, 884, 893, 897], "summary": {"covered_lines": 47, "num_statements": 53, "percent_covered": 88.67924528301887, "percent_covered_display": "89", "missing_lines": 6, "excluded_lines": 0, "percent_statements_covered": 88.67924528301887, "percent_statements_covered_display": "89"}, "missing_lines": [860, 861, 876, 877, 894, 895], "excluded_lines": [], "start_line": 809}, "spa_fallback": {"executed_lines": [], "summary": {"covered_lines": 0, "num_statements": 2, "percent_covered": 0.0, "percent_covered_display": "0", "missing_lines": 2, "excluded_lines": 0, "percent_statements_covered": 0.0, "percent_statements_covered_display": "0"}, "missing_lines": [920, 921], "excluded_lines": [], "start_line": 919}, "": {"executed_lines": [2, 3, 4, 5, 6, 8, 11, 14, 16, 17, 18, 19, 20, 21, 22, 23, 27, 41, 42, 43, 46, 50, 53, 54, 59, 78, 92, 93, 110, 126, 127, 129, 138, 139, 170, 171, 196, 197, 213, 216, 217, 246, 247, 281, 282, 285, 288, 301, 337, 343, 345, 346, 347, 348, 349, 350, 351, 352, 353, 358, 361, 370, 390, 396, 401, 402, 405, 406, 416, 417, 423, 424, 626, 627, 722, 723, 808, 809, 911, 915, 916, 918, 919, 924], "summary": {"covered_lines": 84, "num_statements": 86, "percent_covered": 97.67441860465117, "percent_covered_display": "98", "missing_lines": 2, "excluded_lines": 0, "percent_statements_covered": 97.67441860465117, "percent_statements_covered_display": "98"}, "missing_lines": [925, 926], "excluded_lines": [], "start_line": 1}}, "classes": {"ChangelogMiddleware": {"executed_lines": [302, 303, 304, 305, 306, 307, 308, 309, 310, 311, 312, 313, 314, 315, 316, 317, 318, 319, 320, 321, 322, 323, 324, 325, 334], "summary": {"covered_lines": 25, "num_statements": 27, "percent_covered": 92.5925925925926, "percent_covered_display": "93", "missing_lines": 2, "excluded_lines": 0, "percent_statements_covered": 92.5925925925926, "percent_statements_covered_display": "93"}, "missing_lines": [332, 333], "excluded_lines": [], "start_line": 285}, "": {"executed_lines": [2, 3, 4, 5, 6, 8, 11, 14, 16, 17, 18, 19, 20, 21, 22, 23, 27, 41, 42, 43, 46, 50, 53, 54, 59, 78, 80, 81, 82, 92, 93, 94, 96, 97, 98, 99, 100, 104, 105, 106, 107, 110, 126, 127, 129, 138, 139, 141, 142, 143, 144, 145, 147, 156, 158, 162, 163, 165, 167, 170, 171, 173, 183, 184, 185, 186, 187, 188, 189, 191, 192, 193, 196, 197, 213, 216, 217, 219, 220, 221, 222, 224, 225, 226, 227, 228, 229, 230, 231, 232, 241, 242, 243, 246, 247, 249, 250, 251, 253, 254, 256, 257, 258, 259, 263, 264, 265, 266, 270, 271, 272, 276, 281, 282, 285, 288, 301, 337, 343, 345, 346, 347, 348, 349, 350, 351, 352, 353, 358, 361, 370, 374, 375, 376, 377, 378, 382, 390, 396, 401, 402, 403, 405, 406, 416, 417, 418, 423, 424, 429, 430, 431, 432, 434, 435, 436, 437, 438, 440, 441, 443, 444, 445, 446, 449, 453, 456, 457, 460, 463, 464, 468, 469, 470, 471, 472, 473, 475, 479, 482, 485, 488, 491, 492, 496, 497, 503, 504, 505, 507, 508, 509, 510, 511, 512, 513, 514, 515, 516, 520, 524, 527, 528, 529, 530, 531, 532, 537, 538, 543, 544, 545, 546, 547, 548, 549, 550, 551, 552, 553, 554, 555, 556, 557, 564, 567, 568, 569, 570, 572, 601, 605, 626, 627, 629, 630, 631, 632, 633, 636, 639, 640, 641, 643, 644, 646, 647, 648, 650, 651, 652, 654, 655, 656, 657, 668, 679, 680, 681, 682, 683, 685, 686, 687, 688, 689, 697, 698, 699, 702, 703, 705, 722, 723, 725, 726, 727, 728, 731, 732, 733, 734, 735, 736, 741, 742, 745, 767, 768, 769, 771, 772, 773, 774, 775, 776, 777, 778, 779, 781, 782, 797, 799, 808, 809, 811, 812, 813, 814, 815, 818, 819, 821, 822, 823, 826, 827, 830, 831, 832, 833, 834, 835, 836, 837, 838, 841, 842, 844, 845, 852, 853, 854, 855, 856, 857, 858, 859, 863, 864, 865, 866, 867, 868, 869, 880, 881, 882, 883, 884, 893, 897, 911, 915, 916, 918, 919, 924], "summary": {"covered_lines": 358, "num_statements": 437, "percent_covered": 81.92219679633867, "percent_covered_display": "82", "missing_lines": 79, "excluded_lines": 2, "percent_statements_covered": 81.92219679633867, "percent_statements_covered_display": "82"}, "missing_lines": [83, 84, 85, 86, 87, 101, 102, 166, 199, 200, 206, 379, 380, 398, 408, 411, 412, 413, 414, 518, 539, 540, 562, 563, 573, 574, 575, 576, 578, 579, 580, 581, 582, 584, 585, 586, 587, 588, 589, 590, 591, 592, 593, 602, 603, 642, 669, 746, 747, 748, 749, 750, 751, 752, 753, 754, 755, 756, 761, 762, 763, 764, 783, 784, 785, 786, 787, 795, 796, 860, 861, 876, 877, 894, 895, 920, 921, 925, 926], "excluded_lines": [88, 89], "start_line": 1}}}, "api/routers/__init__.py": {"executed_lines": [2, 4], "summary": {"covered_lines": 2, "num_statements": 2, "percent_covered": 100.0, "percent_covered_display": "100", "missing_lines": 0, "excluded_lines": 0, "percent_statements_covered": 100.0, "percent_statements_covered_display": "100"}, "missing_lines": [], "excluded_lines": [], "functions": {"": {"executed_lines": [2, 4], "summary": {"covered_lines": 2, "num_statements": 2, "percent_covered": 100.0, "percent_covered_display": "100", "missing_lines": 0, "excluded_lines": 0, "percent_statements_covered": 100.0, "percent_statements_covered_display": "100"}, "missing_lines": [], "excluded_lines": [], "start_line": 1}}, "classes": {"": {"executed_lines": [2, 4], "summary": {"covered_lines": 2, "num_statements": 2, "percent_covered": 100.0, "percent_covered_display": "100", "missing_lines": 0, "excluded_lines": 0, "percent_statements_covered": 100.0, "percent_statements_covered_display": "100"}, "missing_lines": [], "excluded_lines": [], "start_line": 1}}}, "api/routers/absences.py": {"executed_lines": [2, 3, 4, 5, 6, 9, 11, 15, 16, 18, 19, 20, 21, 22, 23, 24, 25, 26, 32, 33, 34, 35, 37, 38, 39, 40, 41, 42, 43, 44, 45, 48, 49, 55, 58, 59, 61, 64, 65, 67, 68, 70, 72, 73, 74, 75, 84, 85, 86, 87, 89, 90, 91, 92, 93, 94, 97, 100, 101, 103, 104, 105, 107, 108, 109, 111, 113, 114, 115, 116, 117, 118, 125, 130, 131, 135, 138, 139, 140, 141, 142, 143, 146, 147, 148, 149, 156, 161, 162, 166, 169, 170, 174, 179, 180, 183, 186, 187, 188, 189, 190, 192, 193, 194, 195, 196, 197, 200, 202, 203, 204, 206, 209, 210, 212, 213, 219, 224, 225, 226, 227, 228, 235, 236, 241, 248, 249, 250, 251, 254, 255, 256, 257, 262, 269, 271, 273, 274, 275, 276, 277, 282, 283, 284, 285, 290, 291, 294, 296, 297, 298, 301, 302, 305, 306, 307, 310, 311, 313, 314, 316, 317, 318, 321, 322, 323, 324, 325, 326], "summary": {"covered_lines": 169, "num_statements": 202, "percent_covered": 83.66336633663366, "percent_covered_display": "84", "missing_lines": 33, "excluded_lines": 0, "percent_statements_covered": 83.66336633663366, "percent_statements_covered_display": "84"}, "missing_lines": [27, 28, 69, 71, 76, 77, 78, 79, 95, 96, 119, 121, 122, 123, 157, 158, 198, 199, 205, 220, 221, 229, 230, 263, 264, 278, 279, 280, 286, 287, 299, 315, 319], "excluded_lines": [], "functions": {"delete_absence_only": {"executed_lines": [18, 19, 20, 21, 22, 23, 24, 25, 26], "summary": {"covered_lines": 9, "num_statements": 11, "percent_covered": 81.81818181818181, "percent_covered_display": "82", "missing_lines": 2, "excluded_lines": 0, "percent_statements_covered": 81.81818181818181, "percent_statements_covered_display": "82"}, "missing_lines": [27, 28], "excluded_lines": [], "start_line": 16}, "AbsenceCreate.validate_date": {"executed_lines": [40, 41, 42, 43, 44, 45], "summary": {"covered_lines": 6, "num_statements": 6, "percent_covered": 100.0, "percent_covered_display": "100", "missing_lines": 0, "excluded_lines": 0, "percent_statements_covered": 100.0, "percent_statements_covered_display": "100"}, "missing_lines": [], "excluded_lines": [], "start_line": 39}, "list_absences": {"executed_lines": [55], "summary": {"covered_lines": 1, "num_statements": 1, "percent_covered": 100.0, "percent_covered_display": "100", "missing_lines": 0, "excluded_lines": 0, "percent_statements_covered": 100.0, "percent_statements_covered_display": "100"}, "missing_lines": [], "excluded_lines": [], "start_line": 49}, "get_all_group_assignments": {"executed_lines": [61], "summary": {"covered_lines": 1, "num_statements": 1, "percent_covered": 100.0, "percent_covered_display": "100", "missing_lines": 0, "excluded_lines": 0, "percent_statements_covered": 100.0, "percent_statements_covered_display": "100"}, "missing_lines": [], "excluded_lines": [], "start_line": 59}, "create_absence": {"executed_lines": [67, 68, 70, 72, 73, 74, 75], "summary": {"covered_lines": 7, "num_statements": 13, "percent_covered": 53.84615384615385, "percent_covered_display": "54", "missing_lines": 6, "excluded_lines": 0, "percent_statements_covered": 53.84615384615385, "percent_statements_covered_display": "54"}, "missing_lines": [69, 71, 76, 77, 78, 79], "excluded_lines": [], "start_line": 65}, "BulkAbsenceCreate.validate_date": {"executed_lines": [92, 93, 94, 97], "summary": {"covered_lines": 4, "num_statements": 6, "percent_covered": 66.66666666666667, "percent_covered_display": "67", "missing_lines": 2, "excluded_lines": 0, "percent_statements_covered": 66.66666666666667, "percent_statements_covered_display": "67"}, "missing_lines": [95, 96], "excluded_lines": [], "start_line": 91}, "bulk_create_absence": {"executed_lines": [103, 104, 105, 107, 108, 109, 111, 113, 114, 115, 116, 117, 118, 125], "summary": {"covered_lines": 14, "num_statements": 18, "percent_covered": 77.77777777777777, "percent_covered_display": "78", "missing_lines": 4, "excluded_lines": 0, "percent_statements_covered": 77.77777777777777, "percent_statements_covered_display": "78"}, "missing_lines": [119, 121, 122, 123], "excluded_lines": [], "start_line": 101}, "get_leave_entitlements": {"executed_lines": [135], "summary": {"covered_lines": 1, "num_statements": 1, "percent_covered": 100.0, "percent_covered_display": "100", "missing_lines": 0, "excluded_lines": 0, "percent_statements_covered": 100.0, "percent_statements_covered_display": "100"}, "missing_lines": [], "excluded_lines": [], "start_line": 131}, "set_leave_entitlement": {"executed_lines": [148, 149, 156], "summary": {"covered_lines": 3, "num_statements": 5, "percent_covered": 60.0, "percent_covered_display": "60", "missing_lines": 2, "excluded_lines": 0, "percent_statements_covered": 60.0, "percent_statements_covered_display": "60"}, "missing_lines": [157, 158], "excluded_lines": [], "start_line": 147}, "get_leave_balance": {"executed_lines": [166], "summary": {"covered_lines": 1, "num_statements": 1, "percent_covered": 100.0, "percent_covered_display": "100", "missing_lines": 0, "excluded_lines": 0, "percent_statements_covered": 100.0, "percent_statements_covered_display": "100"}, "missing_lines": [], "excluded_lines": [], "start_line": 162}, "get_leave_balance_group": {"executed_lines": [174], "summary": {"covered_lines": 1, "num_statements": 1, "percent_covered": 100.0, "percent_covered_display": "100", "missing_lines": 0, "excluded_lines": 0, "percent_statements_covered": 100.0, "percent_statements_covered_display": "100"}, "missing_lines": [], "excluded_lines": [], "start_line": 170}, "get_holiday_bans": {"executed_lines": [183], "summary": {"covered_lines": 1, "num_statements": 1, "percent_covered": 100.0, "percent_covered_display": "100", "missing_lines": 0, "excluded_lines": 0, "percent_statements_covered": 100.0, "percent_statements_covered_display": "100"}, "missing_lines": [], "excluded_lines": [], "start_line": 180}, "HolidayBanCreate.validate_dates": {"executed_lines": [195, 196, 197, 200], "summary": {"covered_lines": 4, "num_statements": 6, "percent_covered": 66.66666666666667, "percent_covered_display": "67", "missing_lines": 2, "excluded_lines": 0, "percent_statements_covered": 66.66666666666667, "percent_statements_covered_display": "67"}, "missing_lines": [198, 199], "excluded_lines": [], "start_line": 194}, "HolidayBanCreate.end_after_start": {"executed_lines": [204, 206], "summary": {"covered_lines": 2, "num_statements": 3, "percent_covered": 66.66666666666667, "percent_covered_display": "67", "missing_lines": 1, "excluded_lines": 0, "percent_statements_covered": 66.66666666666667, "percent_statements_covered_display": "67"}, "missing_lines": [205], "excluded_lines": [], "start_line": 203}, "create_holiday_ban": {"executed_lines": [212, 213, 219], "summary": {"covered_lines": 3, "num_statements": 5, "percent_covered": 60.0, "percent_covered_display": "60", "missing_lines": 2, "excluded_lines": 0, "percent_statements_covered": 60.0, "percent_statements_covered_display": "60"}, "missing_lines": [220, 221], "excluded_lines": [], "start_line": 210}, "delete_holiday_ban": {"executed_lines": [226, 227, 228], "summary": {"covered_lines": 3, "num_statements": 5, "percent_covered": 60.0, "percent_covered_display": "60", "missing_lines": 2, "excluded_lines": 0, "percent_statements_covered": 60.0, "percent_statements_covered_display": "60"}, "missing_lines": [229, 230], "excluded_lines": [], "start_line": 225}, "annual_close_preview": {"executed_lines": [241], "summary": {"covered_lines": 1, "num_statements": 1, "percent_covered": 100.0, "percent_covered_display": "100", "missing_lines": 0, "excluded_lines": 0, "percent_statements_covered": 100.0, "percent_statements_covered_display": "100"}, "missing_lines": [], "excluded_lines": [], "start_line": 236}, "run_annual_close": {"executed_lines": [256, 257, 262], "summary": {"covered_lines": 3, "num_statements": 5, "percent_covered": 60.0, "percent_covered_display": "60", "missing_lines": 2, "excluded_lines": 0, "percent_statements_covered": 60.0, "percent_statements_covered_display": "60"}, "missing_lines": [263, 264], "excluded_lines": [], "start_line": 255}, "_load_absence_status": {"executed_lines": [274, 275, 276, 277], "summary": {"covered_lines": 4, "num_statements": 7, "percent_covered": 57.142857142857146, "percent_covered_display": "57", "missing_lines": 3, "excluded_lines": 0, "percent_statements_covered": 57.142857142857146, "percent_statements_covered_display": "57"}, "missing_lines": [278, 279, 280], "excluded_lines": [], "start_line": 273}, "_save_absence_status": {"executed_lines": [283, 284, 285], "summary": {"covered_lines": 3, "num_statements": 5, "percent_covered": 60.0, "percent_covered_display": "60", "missing_lines": 2, "excluded_lines": 0, "percent_statements_covered": 60.0, "percent_statements_covered_display": "60"}, "missing_lines": [286, 287], "excluded_lines": [], "start_line": 282}, "get_all_absence_statuses": {"executed_lines": [294, 296, 297, 298, 301, 302], "summary": {"covered_lines": 6, "num_statements": 7, "percent_covered": 85.71428571428571, "percent_covered_display": "86", "missing_lines": 1, "excluded_lines": 0, "percent_statements_covered": 85.71428571428571, "percent_statements_covered_display": "86"}, "missing_lines": [299], "excluded_lines": [], "start_line": 291}, "patch_absence_status": {"executed_lines": [313, 314, 316, 317, 318, 321, 322, 323, 324, 325, 326], "summary": {"covered_lines": 11, "num_statements": 13, "percent_covered": 84.61538461538461, "percent_covered_display": "85", "missing_lines": 2, "excluded_lines": 0, "percent_statements_covered": 84.61538461538461, "percent_statements_covered_display": "85"}, "missing_lines": [315, 319], "excluded_lines": [], "start_line": 311}, "": {"executed_lines": [2, 3, 4, 5, 6, 9, 11, 15, 16, 32, 33, 34, 35, 37, 38, 39, 48, 49, 58, 59, 64, 65, 84, 85, 86, 87, 89, 90, 91, 100, 101, 130, 131, 138, 139, 140, 141, 142, 143, 146, 147, 161, 162, 169, 170, 179, 180, 186, 187, 188, 189, 190, 192, 193, 194, 202, 203, 209, 210, 224, 225, 235, 236, 248, 249, 250, 251, 254, 255, 269, 271, 273, 282, 290, 291, 305, 306, 307, 310, 311], "summary": {"covered_lines": 80, "num_statements": 80, "percent_covered": 100.0, "percent_covered_display": "100", "missing_lines": 0, "excluded_lines": 0, "percent_statements_covered": 100.0, "percent_statements_covered_display": "100"}, "missing_lines": [], "excluded_lines": [], "start_line": 1}}, "classes": {"AbsenceCreate": {"executed_lines": [40, 41, 42, 43, 44, 45], "summary": {"covered_lines": 6, "num_statements": 6, "percent_covered": 100.0, "percent_covered_display": "100", "missing_lines": 0, "excluded_lines": 0, "percent_statements_covered": 100.0, "percent_statements_covered_display": "100"}, "missing_lines": [], "excluded_lines": [], "start_line": 32}, "BulkAbsenceCreate": {"executed_lines": [92, 93, 94, 97], "summary": {"covered_lines": 4, "num_statements": 6, "percent_covered": 66.66666666666667, "percent_covered_display": "67", "missing_lines": 2, "excluded_lines": 0, "percent_statements_covered": 66.66666666666667, "percent_statements_covered_display": "67"}, "missing_lines": [95, 96], "excluded_lines": [], "start_line": 84}, "LeaveEntitlementCreate": {"executed_lines": [], "summary": {"covered_lines": 0, "num_statements": 0, "percent_covered": 100.0, "percent_covered_display": "100", "missing_lines": 0, "excluded_lines": 0, "percent_statements_covered": 100.0, "percent_statements_covered_display": "100"}, "missing_lines": [], "excluded_lines": [], "start_line": 138}, "HolidayBanCreate": {"executed_lines": [195, 196, 197, 200, 204, 206], "summary": {"covered_lines": 6, "num_statements": 9, "percent_covered": 66.66666666666667, "percent_covered_display": "67", "missing_lines": 3, "excluded_lines": 0, "percent_statements_covered": 66.66666666666667, "percent_statements_covered_display": "67"}, "missing_lines": [198, 199, 205], "excluded_lines": [], "start_line": 186}, "AnnualCloseBody": {"executed_lines": [], "summary": {"covered_lines": 0, "num_statements": 0, "percent_covered": 100.0, "percent_covered_display": "100", "missing_lines": 0, "excluded_lines": 0, "percent_statements_covered": 100.0, "percent_statements_covered_display": "100"}, "missing_lines": [], "excluded_lines": [], "start_line": 248}, "AbsenceStatusPatch": {"executed_lines": [], "summary": {"covered_lines": 0, "num_statements": 0, "percent_covered": 100.0, "percent_covered_display": "100", "missing_lines": 0, "excluded_lines": 0, "percent_statements_covered": 100.0, "percent_statements_covered_display": "100"}, "missing_lines": [], "excluded_lines": [], "start_line": 305}, "": {"executed_lines": [2, 3, 4, 5, 6, 9, 11, 15, 16, 18, 19, 20, 21, 22, 23, 24, 25, 26, 32, 33, 34, 35, 37, 38, 39, 48, 49, 55, 58, 59, 61, 64, 65, 67, 68, 70, 72, 73, 74, 75, 84, 85, 86, 87, 89, 90, 91, 100, 101, 103, 104, 105, 107, 108, 109, 111, 113, 114, 115, 116, 117, 118, 125, 130, 131, 135, 138, 139, 140, 141, 142, 143, 146, 147, 148, 149, 156, 161, 162, 166, 169, 170, 174, 179, 180, 183, 186, 187, 188, 189, 190, 192, 193, 194, 202, 203, 209, 210, 212, 213, 219, 224, 225, 226, 227, 228, 235, 236, 241, 248, 249, 250, 251, 254, 255, 256, 257, 262, 269, 271, 273, 274, 275, 276, 277, 282, 283, 284, 285, 290, 291, 294, 296, 297, 298, 301, 302, 305, 306, 307, 310, 311, 313, 314, 316, 317, 318, 321, 322, 323, 324, 325, 326], "summary": {"covered_lines": 153, "num_statements": 181, "percent_covered": 84.5303867403315, "percent_covered_display": "85", "missing_lines": 28, "excluded_lines": 0, "percent_statements_covered": 84.5303867403315, "percent_statements_covered_display": "85"}, "missing_lines": [27, 28, 69, 71, 76, 77, 78, 79, 119, 121, 122, 123, 157, 158, 220, 221, 229, 230, 263, 264, 278, 279, 280, 286, 287, 299, 315, 319], "excluded_lines": [], "start_line": 1}}}, "api/routers/admin.py": {"executed_lines": [2, 3, 4, 5, 6, 7, 8, 9, 10, 11, 15, 21, 22, 29, 30, 31, 32, 33, 36, 37, 38, 39, 40, 41, 44, 46, 47, 53, 58, 59, 60, 61, 62, 69, 70, 72, 73, 78, 79, 80, 81, 82, 83, 84, 85, 88, 89, 91, 92, 93, 94, 98, 106, 107, 110, 111, 114, 115, 116, 118, 119, 120, 123, 125, 126, 127, 128, 129, 130, 131, 132, 133, 136, 138, 142, 150, 155, 156, 160, 161, 165, 169, 170, 171, 172, 175, 176, 177, 179, 180, 181, 183, 184, 185, 186, 187, 188, 189, 195, 196, 198, 199, 202, 207, 208, 209, 210, 211, 212, 220, 223, 224, 248, 249, 266, 267, 269, 270, 273, 276, 277, 278, 279, 280, 281, 282, 283, 287, 288, 290, 297, 298, 305, 307, 308, 311, 316, 319, 320, 326, 327, 331, 332, 333, 336, 337, 338, 339, 340, 341, 343, 344, 347, 348, 352, 353, 354, 355, 357, 358, 363, 364, 371, 372, 373, 375, 376, 379, 380, 381, 383, 384, 385, 388, 389, 390, 391, 393, 398, 399, 400, 402, 407, 408, 411, 412, 415, 416, 417, 418, 419, 420, 422, 423, 424, 426, 428, 429, 430, 433, 434, 435, 436, 437, 440, 441, 442, 443, 444, 445, 446, 448, 450, 451, 456, 466, 468, 469, 470, 472, 473, 474, 478, 479, 480, 481, 484, 485, 486, 487, 488, 489, 492, 493, 494, 496, 497, 505, 507, 509, 510, 511, 514, 515, 517, 518, 521, 522, 524, 525, 526, 528, 529, 530, 532, 533, 534], "summary": {"covered_lines": 257, "num_statements": 330, "percent_covered": 77.87878787878788, "percent_covered_display": "78", "missing_lines": 73, "excluded_lines": 0, "percent_statements_covered": 77.87878787878788, "percent_statements_covered_display": "78"}, "missing_lines": [26, 42, 43, 45, 54, 55, 63, 64, 74, 75, 99, 100, 117, 143, 144, 145, 146, 147, 157, 158, 162, 190, 191, 192, 200, 217, 218, 227, 228, 230, 231, 232, 234, 235, 236, 238, 239, 241, 251, 252, 254, 255, 256, 258, 259, 260, 262, 263, 271, 284, 285, 309, 321, 328, 329, 334, 342, 345, 351, 377, 394, 395, 403, 404, 421, 453, 454, 471, 475, 476, 508, 527, 531], "excluded_lines": [], "functions": {"get_periods": {"executed_lines": [], "summary": {"covered_lines": 0, "num_statements": 1, "percent_covered": 0.0, "percent_covered_display": "0", "missing_lines": 1, "excluded_lines": 0, "percent_statements_covered": 0.0, "percent_statements_covered_display": "0"}, "missing_lines": [26], "excluded_lines": [], "start_line": 22}, "create_period": {"executed_lines": [38, 39, 40, 41, 44, 46, 47, 53], "summary": {"covered_lines": 8, "num_statements": 13, "percent_covered": 61.53846153846154, "percent_covered_display": "62", "missing_lines": 5, "excluded_lines": 0, "percent_statements_covered": 61.53846153846154, "percent_statements_covered_display": "62"}, "missing_lines": [42, 43, 45, 54, 55], "excluded_lines": [], "start_line": 37}, "delete_period": {"executed_lines": [60, 61, 62], "summary": {"covered_lines": 3, "num_statements": 5, "percent_covered": 60.0, "percent_covered_display": "60", "missing_lines": 2, "excluded_lines": 0, "percent_statements_covered": 60.0, "percent_statements_covered_display": "60"}, "missing_lines": [63, 64], "excluded_lines": [], "start_line": 59}, "get_settings": {"executed_lines": [72, 73], "summary": {"covered_lines": 2, "num_statements": 4, "percent_covered": 50.0, "percent_covered_display": "50", "missing_lines": 2, "excluded_lines": 0, "percent_statements_covered": 50.0, "percent_statements_covered_display": "50"}, "missing_lines": [74, 75], "excluded_lines": [], "start_line": 70}, "update_settings": {"executed_lines": [91, 92, 93, 94, 98], "summary": {"covered_lines": 5, "num_statements": 7, "percent_covered": 71.42857142857143, "percent_covered_display": "71", "missing_lines": 2, "excluded_lines": 0, "percent_statements_covered": 71.42857142857143, "percent_statements_covered_display": "71"}, "missing_lines": [99, 100], "excluded_lines": [], "start_line": 89}, "_get_db_path": {"executed_lines": [111], "summary": {"covered_lines": 1, "num_statements": 1, "percent_covered": 100.0, "percent_covered_display": "100", "missing_lines": 0, "excluded_lines": 0, "percent_statements_covered": 100.0, "percent_statements_covered_display": "100"}, "missing_lines": [], "excluded_lines": [], "start_line": 110}, "_get_backup_dir": {"executed_lines": [115, 116, 118, 119, 120], "summary": {"covered_lines": 5, "num_statements": 6, "percent_covered": 83.33333333333333, "percent_covered_display": "83", "missing_lines": 1, "excluded_lines": 0, "percent_statements_covered": 83.33333333333333, "percent_statements_covered_display": "83"}, "missing_lines": [117], "excluded_lines": [], "start_line": 114}, "_create_zip_bytes": {"executed_lines": [125, 126, 127, 128, 129, 130, 131, 132, 133], "summary": {"covered_lines": 9, "num_statements": 9, "percent_covered": 100.0, "percent_covered_display": "100", "missing_lines": 0, "excluded_lines": 0, "percent_statements_covered": 100.0, "percent_statements_covered_display": "100"}, "missing_lines": [], "excluded_lines": [], "start_line": 123}, "_rotate_backups": {"executed_lines": [138, 142], "summary": {"covered_lines": 2, "num_statements": 7, "percent_covered": 28.571428571428573, "percent_covered_display": "29", "missing_lines": 5, "excluded_lines": 0, "percent_statements_covered": 28.571428571428573, "percent_statements_covered_display": "29"}, "missing_lines": [143, 144, 145, 146, 147], "excluded_lines": [], "start_line": 136}, "create_auto_backup": {"executed_lines": [155, 156, 160, 161, 165, 169, 170, 171, 172, 175, 176, 177, 179, 180, 181, 183, 184, 185, 186, 187, 188, 189], "summary": {"covered_lines": 22, "num_statements": 28, "percent_covered": 78.57142857142857, "percent_covered_display": "79", "missing_lines": 6, "excluded_lines": 0, "percent_statements_covered": 78.57142857142857, "percent_statements_covered_display": "79"}, "missing_lines": [157, 158, 162, 190, 191, 192], "excluded_lines": [], "start_line": 150}, "list_backups": {"executed_lines": [198, 199, 202, 207, 208, 209, 210, 211, 212, 220], "summary": {"covered_lines": 10, "num_statements": 13, "percent_covered": 76.92307692307692, "percent_covered_display": "77", "missing_lines": 3, "excluded_lines": 0, "percent_statements_covered": 76.92307692307692, "percent_statements_covered_display": "77"}, "missing_lines": [200, 217, 218], "excluded_lines": [], "start_line": 196}, "download_saved_backup": {"executed_lines": [], "summary": {"covered_lines": 0, "num_statements": 11, "percent_covered": 0.0, "percent_covered_display": "0", "missing_lines": 11, "excluded_lines": 0, "percent_statements_covered": 0.0, "percent_statements_covered_display": "0"}, "missing_lines": [227, 228, 230, 231, 232, 234, 235, 236, 238, 239, 241], "excluded_lines": [], "start_line": 224}, "delete_saved_backup": {"executed_lines": [], "summary": {"covered_lines": 0, "num_statements": 10, "percent_covered": 0.0, "percent_covered_display": "0", "missing_lines": 10, "excluded_lines": 0, "percent_statements_covered": 0.0, "percent_statements_covered_display": "0"}, "missing_lines": [251, 252, 254, 255, 256, 258, 259, 260, 262, 263], "excluded_lines": [], "start_line": 249}, "backup_download": {"executed_lines": [269, 270, 273, 276, 277, 278, 279, 280, 281, 282, 283, 287, 288, 290], "summary": {"covered_lines": 14, "num_statements": 17, "percent_covered": 82.3529411764706, "percent_covered_display": "82", "missing_lines": 3, "excluded_lines": 0, "percent_statements_covered": 82.3529411764706, "percent_statements_covered_display": "82"}, "missing_lines": [271, 284, 285], "excluded_lines": [], "start_line": 267}, "backup_restore": {"executed_lines": [305, 307, 308, 311, 316, 319, 320, 326, 327, 331, 332, 333, 336, 337, 338, 339, 340, 341, 343, 344, 347, 348, 352, 353, 354, 355, 357, 358], "summary": {"covered_lines": 28, "num_statements": 36, "percent_covered": 77.77777777777777, "percent_covered_display": "78", "missing_lines": 8, "excluded_lines": 0, "percent_statements_covered": 77.77777777777777, "percent_statements_covered_display": "78"}, "missing_lines": [309, 321, 328, 329, 334, 342, 345, 351], "excluded_lines": [], "start_line": 298}, "compact_database": {"executed_lines": [371, 372, 373, 375, 376, 379, 380, 381, 383, 384, 385, 388, 389, 390, 391, 393, 398, 399, 400, 402, 407, 408, 411, 412, 415, 416, 417, 418, 419, 420, 422, 423, 424, 426, 428, 429, 430, 433, 434, 435, 436, 437, 440, 441, 442, 443, 444, 445, 446, 448, 450, 451, 456], "summary": {"covered_lines": 53, "num_statements": 61, "percent_covered": 86.88524590163935, "percent_covered_display": "87", "missing_lines": 8, "excluded_lines": 0, "percent_statements_covered": 86.88524590163935, "percent_statements_covered_display": "87"}, "missing_lines": [377, 394, 395, 403, 404, 421, 453, 454], "excluded_lines": [], "start_line": 364}, "_load_frontend_errors": {"executed_lines": [469, 470, 472, 473, 474], "summary": {"covered_lines": 5, "num_statements": 8, "percent_covered": 62.5, "percent_covered_display": "62", "missing_lines": 3, "excluded_lines": 0, "percent_statements_covered": 62.5, "percent_statements_covered_display": "62"}, "missing_lines": [471, 475, 476], "excluded_lines": [], "start_line": 468}, "_save_frontend_errors": {"executed_lines": [479, 480, 481], "summary": {"covered_lines": 3, "num_statements": 3, "percent_covered": 100.0, "percent_covered_display": "100", "missing_lines": 0, "excluded_lines": 0, "percent_statements_covered": 100.0, "percent_statements_covered_display": "100"}, "missing_lines": [], "excluded_lines": [], "start_line": 478}, "report_frontend_error": {"executed_lines": [496, 497, 505, 507, 509, 510, 511], "summary": {"covered_lines": 7, "num_statements": 8, "percent_covered": 87.5, "percent_covered_display": "88", "missing_lines": 1, "excluded_lines": 0, "percent_statements_covered": 87.5, "percent_statements_covered_display": "88"}, "missing_lines": [508], "excluded_lines": [], "start_line": 494}, "get_frontend_errors": {"executed_lines": [517, 518], "summary": {"covered_lines": 2, "num_statements": 2, "percent_covered": 100.0, "percent_covered_display": "100", "missing_lines": 0, "excluded_lines": 0, "percent_statements_covered": 100.0, "percent_statements_covered_display": "100"}, "missing_lines": [], "excluded_lines": [], "start_line": 515}, "get_cache_stats": {"executed_lines": [524, 525, 526, 528, 529, 530, 532, 533, 534], "summary": {"covered_lines": 9, "num_statements": 11, "percent_covered": 81.81818181818181, "percent_covered_display": "82", "missing_lines": 2, "excluded_lines": 0, "percent_statements_covered": 81.81818181818181, "percent_statements_covered_display": "82"}, "missing_lines": [527, 531], "excluded_lines": [], "start_line": 522}, "": {"executed_lines": [2, 3, 4, 5, 6, 7, 8, 9, 10, 11, 15, 21, 22, 29, 30, 31, 32, 33, 36, 37, 58, 59, 69, 70, 78, 79, 80, 81, 82, 83, 84, 85, 88, 89, 106, 107, 110, 114, 123, 136, 150, 195, 196, 223, 224, 248, 249, 266, 267, 297, 298, 363, 364, 466, 468, 478, 484, 485, 486, 487, 488, 489, 492, 493, 494, 514, 515, 521, 522], "summary": {"covered_lines": 69, "num_statements": 69, "percent_covered": 100.0, "percent_covered_display": "100", "missing_lines": 0, "excluded_lines": 0, "percent_statements_covered": 100.0, "percent_statements_covered_display": "100"}, "missing_lines": [], "excluded_lines": [], "start_line": 1}}, "classes": {"PeriodCreate": {"executed_lines": [], "summary": {"covered_lines": 0, "num_statements": 0, "percent_covered": 100.0, "percent_covered_display": "100", "missing_lines": 0, "excluded_lines": 0, "percent_statements_covered": 100.0, "percent_statements_covered_display": "100"}, "missing_lines": [], "excluded_lines": [], "start_line": 29}, "SettingsUpdate": {"executed_lines": [], "summary": {"covered_lines": 0, "num_statements": 0, "percent_covered": 100.0, "percent_covered_display": "100", "missing_lines": 0, "excluded_lines": 0, "percent_statements_covered": 100.0, "percent_statements_covered_display": "100"}, "missing_lines": [], "excluded_lines": [], "start_line": 78}, "FrontendErrorReport": {"executed_lines": [], "summary": {"covered_lines": 0, "num_statements": 0, "percent_covered": 100.0, "percent_covered_display": "100", "missing_lines": 0, "excluded_lines": 0, "percent_statements_covered": 100.0, "percent_statements_covered_display": "100"}, "missing_lines": [], "excluded_lines": [], "start_line": 484}, "": {"executed_lines": [2, 3, 4, 5, 6, 7, 8, 9, 10, 11, 15, 21, 22, 29, 30, 31, 32, 33, 36, 37, 38, 39, 40, 41, 44, 46, 47, 53, 58, 59, 60, 61, 62, 69, 70, 72, 73, 78, 79, 80, 81, 82, 83, 84, 85, 88, 89, 91, 92, 93, 94, 98, 106, 107, 110, 111, 114, 115, 116, 118, 119, 120, 123, 125, 126, 127, 128, 129, 130, 131, 132, 133, 136, 138, 142, 150, 155, 156, 160, 161, 165, 169, 170, 171, 172, 175, 176, 177, 179, 180, 181, 183, 184, 185, 186, 187, 188, 189, 195, 196, 198, 199, 202, 207, 208, 209, 210, 211, 212, 220, 223, 224, 248, 249, 266, 267, 269, 270, 273, 276, 277, 278, 279, 280, 281, 282, 283, 287, 288, 290, 297, 298, 305, 307, 308, 311, 316, 319, 320, 326, 327, 331, 332, 333, 336, 337, 338, 339, 340, 341, 343, 344, 347, 348, 352, 353, 354, 355, 357, 358, 363, 364, 371, 372, 373, 375, 376, 379, 380, 381, 383, 384, 385, 388, 389, 390, 391, 393, 398, 399, 400, 402, 407, 408, 411, 412, 415, 416, 417, 418, 419, 420, 422, 423, 424, 426, 428, 429, 430, 433, 434, 435, 436, 437, 440, 441, 442, 443, 444, 445, 446, 448, 450, 451, 456, 466, 468, 469, 470, 472, 473, 474, 478, 479, 480, 481, 484, 485, 486, 487, 488, 489, 492, 493, 494, 496, 497, 505, 507, 509, 510, 511, 514, 515, 517, 518, 521, 522, 524, 525, 526, 528, 529, 530, 532, 533, 534], "summary": {"covered_lines": 257, "num_statements": 330, "percent_covered": 77.87878787878788, "percent_covered_display": "78", "missing_lines": 73, "excluded_lines": 0, "percent_statements_covered": 77.87878787878788, "percent_statements_covered_display": "78"}, "missing_lines": [26, 42, 43, 45, 54, 55, 63, 64, 74, 75, 99, 100, 117, 143, 144, 145, 146, 147, 157, 158, 162, 190, 191, 192, 200, 217, 218, 227, 228, 230, 231, 232, 234, 235, 236, 238, 239, 241, 251, 252, 254, 255, 256, 258, 259, 260, 262, 263, 271, 284, 285, 309, 321, 328, 329, 334, 342, 345, 351, 377, 394, 395, 403, 404, 421, 453, 454, 471, 475, 476, 508, 527, 531], "excluded_lines": [], "start_line": 1}}}, "api/routers/auth.py": {"executed_lines": [2, 3, 4, 5, 6, 7, 12, 16, 17, 18, 23, 24, 25, 26, 27, 30, 31, 32, 33, 34, 37, 38, 39, 42, 43, 44, 46, 48, 49, 50, 51, 52, 56, 65, 66, 67, 68, 69, 70, 71, 72, 76, 77, 78, 83, 84, 85, 86, 87, 88, 89, 90, 94, 95, 96, 101, 102, 105, 106, 107, 108, 109, 110, 111, 112, 114, 115, 119, 120, 121, 126, 127, 128, 130, 131, 132, 136, 137, 138, 139, 148, 149, 150, 151, 154, 157, 158, 161, 162, 163, 165, 166, 167, 168, 174, 175, 176, 177, 185, 186, 188, 189, 190], "summary": {"covered_lines": 103, "num_statements": 119, "percent_covered": 86.5546218487395, "percent_covered_display": "87", "missing_lines": 16, "excluded_lines": 0, "percent_statements_covered": 86.5546218487395, "percent_statements_covered_display": "87"}, "missing_lines": [45, 47, 57, 58, 59, 60, 61, 62, 79, 80, 97, 98, 122, 123, 140, 143], "excluded_lines": [], "functions": {"get_users": {"executed_lines": [18], "summary": {"covered_lines": 1, "num_statements": 1, "percent_covered": 100.0, "percent_covered_display": "100", "missing_lines": 0, "excluded_lines": 0, "percent_statements_covered": 100.0, "percent_statements_covered_display": "100"}, "missing_lines": [], "excluded_lines": [], "start_line": 17}, "create_user": {"executed_lines": [44, 46, 48, 49, 50, 51, 52, 56], "summary": {"covered_lines": 8, "num_statements": 16, "percent_covered": 50.0, "percent_covered_display": "50", "missing_lines": 8, "excluded_lines": 0, "percent_statements_covered": 50.0, "percent_statements_covered_display": "50"}, "missing_lines": [45, 47, 57, 58, 59, 60, 61, 62], "excluded_lines": [], "start_line": 43}, "update_user": {"executed_lines": [67, 68, 69, 70, 71, 72, 76, 77, 78], "summary": {"covered_lines": 9, "num_statements": 11, "percent_covered": 81.81818181818181, "percent_covered_display": "82", "missing_lines": 2, "excluded_lines": 0, "percent_statements_covered": 81.81818181818181, "percent_statements_covered_display": "82"}, "missing_lines": [79, 80], "excluded_lines": [], "start_line": 66}, "delete_user": {"executed_lines": [85, 86, 87, 88, 89, 90, 94, 95, 96], "summary": {"covered_lines": 9, "num_statements": 11, "percent_covered": 81.81818181818181, "percent_covered_display": "82", "missing_lines": 2, "excluded_lines": 0, "percent_statements_covered": 81.81818181818181, "percent_statements_covered_display": "82"}, "missing_lines": [97, 98], "excluded_lines": [], "start_line": 84}, "change_user_password": {"executed_lines": [107, 108, 109, 110, 111, 112, 114, 115, 119, 120, 121], "summary": {"covered_lines": 11, "num_statements": 13, "percent_covered": 84.61538461538461, "percent_covered_display": "85", "missing_lines": 2, "excluded_lines": 0, "percent_statements_covered": 84.61538461538461, "percent_statements_covered_display": "85"}, "missing_lines": [122, 123], "excluded_lines": [], "start_line": 106}, "login": {"executed_lines": [130, 131, 132, 136, 137, 138, 139, 148, 149, 150, 151, 154, 157, 158, 161, 162, 163, 165, 166, 167, 168, 174, 175, 176, 177], "summary": {"covered_lines": 25, "num_statements": 27, "percent_covered": 92.5925925925926, "percent_covered_display": "93", "missing_lines": 2, "excluded_lines": 0, "percent_statements_covered": 92.5925925925926, "percent_statements_covered_display": "93"}, "missing_lines": [140, 143], "excluded_lines": [], "start_line": 128}, "logout": {"executed_lines": [188, 189, 190], "summary": {"covered_lines": 3, "num_statements": 3, "percent_covered": 100.0, "percent_covered_display": "100", "missing_lines": 0, "excluded_lines": 0, "percent_statements_covered": 100.0, "percent_statements_covered_display": "100"}, "missing_lines": [], "excluded_lines": [], "start_line": 186}, "": {"executed_lines": [2, 3, 4, 5, 6, 7, 12, 16, 17, 23, 24, 25, 26, 27, 30, 31, 32, 33, 34, 37, 38, 39, 42, 43, 65, 66, 83, 84, 101, 102, 105, 106, 126, 127, 128, 185, 186], "summary": {"covered_lines": 37, "num_statements": 37, "percent_covered": 100.0, "percent_covered_display": "100", "missing_lines": 0, "excluded_lines": 0, "percent_statements_covered": 100.0, "percent_statements_covered_display": "100"}, "missing_lines": [], "excluded_lines": [], "start_line": 1}}, "classes": {"UserCreate": {"executed_lines": [], "summary": {"covered_lines": 0, "num_statements": 0, "percent_covered": 100.0, "percent_covered_display": "100", "missing_lines": 0, "excluded_lines": 0, "percent_statements_covered": 100.0, "percent_statements_covered_display": "100"}, "missing_lines": [], "excluded_lines": [], "start_line": 23}, "UserUpdate": {"executed_lines": [], "summary": {"covered_lines": 0, "num_statements": 0, "percent_covered": 100.0, "percent_covered_display": "100", "missing_lines": 0, "excluded_lines": 0, "percent_statements_covered": 100.0, "percent_statements_covered_display": "100"}, "missing_lines": [], "excluded_lines": [], "start_line": 30}, "LoginBody": {"executed_lines": [], "summary": {"covered_lines": 0, "num_statements": 0, "percent_covered": 100.0, "percent_covered_display": "100", "missing_lines": 0, "excluded_lines": 0, "percent_statements_covered": 100.0, "percent_statements_covered_display": "100"}, "missing_lines": [], "excluded_lines": [], "start_line": 37}, "ChangePasswordBody": {"executed_lines": [], "summary": {"covered_lines": 0, "num_statements": 0, "percent_covered": 100.0, "percent_covered_display": "100", "missing_lines": 0, "excluded_lines": 0, "percent_statements_covered": 100.0, "percent_statements_covered_display": "100"}, "missing_lines": [], "excluded_lines": [], "start_line": 101}, "": {"executed_lines": [2, 3, 4, 5, 6, 7, 12, 16, 17, 18, 23, 24, 25, 26, 27, 30, 31, 32, 33, 34, 37, 38, 39, 42, 43, 44, 46, 48, 49, 50, 51, 52, 56, 65, 66, 67, 68, 69, 70, 71, 72, 76, 77, 78, 83, 84, 85, 86, 87, 88, 89, 90, 94, 95, 96, 101, 102, 105, 106, 107, 108, 109, 110, 111, 112, 114, 115, 119, 120, 121, 126, 127, 128, 130, 131, 132, 136, 137, 138, 139, 148, 149, 150, 151, 154, 157, 158, 161, 162, 163, 165, 166, 167, 168, 174, 175, 176, 177, 185, 186, 188, 189, 190], "summary": {"covered_lines": 103, "num_statements": 119, "percent_covered": 86.5546218487395, "percent_covered_display": "87", "missing_lines": 16, "excluded_lines": 0, "percent_statements_covered": 86.5546218487395, "percent_statements_covered_display": "87"}, "missing_lines": [45, 47, 57, 58, 59, 60, 61, 62, 79, 80, 97, 98, 122, 123, 140, 143], "excluded_lines": [], "start_line": 1}}}, "api/routers/employees.py": {"executed_lines": [2, 3, 4, 5, 6, 10, 14, 15, 16, 19, 20, 21, 22, 23, 24, 27, 28, 29, 30, 32, 33, 34, 35, 38, 39, 40, 41, 42, 43, 44, 49, 52, 54, 55, 56, 57, 58, 59, 60, 63, 66, 67, 68, 69, 70, 71, 72, 73, 74, 75, 76, 77, 78, 80, 81, 82, 83, 84, 85, 86, 87, 88, 89, 91, 92, 94, 95, 96, 97, 98, 99, 100, 102, 103, 104, 106, 107, 108, 109, 111, 113, 114, 115, 116, 118, 120, 121, 122, 124, 127, 128, 129, 130, 131, 132, 133, 134, 135, 136, 137, 138, 139, 140, 142, 143, 144, 145, 146, 147, 148, 149, 150, 151, 153, 154, 156, 157, 158, 159, 160, 161, 162, 164, 165, 166, 168, 169, 170, 171, 173, 175, 176, 177, 183, 184, 186, 187, 188, 192, 202, 203, 204, 206, 207, 208, 212, 213, 215, 216, 221, 222, 223, 224, 225, 227, 231, 240, 243, 244, 257, 258, 259, 260, 261, 262, 263, 264, 265, 266, 267, 270, 271, 272, 273, 274, 275, 276, 277, 278, 279, 280, 281, 284, 285, 288, 289, 290, 291, 292, 293, 294, 295, 300, 301, 302, 303, 304, 305, 306, 307, 308, 313, 314, 315, 316, 317, 318, 323, 324, 325, 326, 327, 332, 333, 334, 335, 336, 346, 347, 394, 395, 396, 397, 400, 401, 403, 404, 406, 407, 408, 409, 410, 411, 415, 416, 417, 418, 419, 421, 422, 426, 427, 428, 437, 439], "summary": {"covered_lines": 245, "num_statements": 330, "percent_covered": 74.24242424242425, "percent_covered_display": "74", "missing_lines": 85, "excluded_lines": 0, "percent_statements_covered": 74.24242424242425, "percent_statements_covered_display": "74"}, "missing_lines": [61, 62, 110, 117, 123, 172, 178, 179, 180, 193, 194, 195, 196, 197, 198, 199, 214, 217, 218, 226, 232, 233, 234, 235, 245, 246, 247, 248, 249, 250, 251, 252, 296, 297, 309, 310, 319, 320, 328, 329, 337, 338, 349, 350, 351, 353, 354, 355, 356, 358, 359, 360, 361, 363, 364, 365, 366, 367, 370, 371, 372, 373, 374, 376, 377, 378, 379, 380, 381, 383, 384, 385, 386, 387, 389, 412, 413, 423, 424, 429, 430, 431, 432, 433, 434], "excluded_lines": [], "functions": {"get_employees": {"executed_lines": [16], "summary": {"covered_lines": 1, "num_statements": 1, "percent_covered": 100.0, "percent_covered_display": "100", "missing_lines": 0, "excluded_lines": 0, "percent_statements_covered": 100.0, "percent_statements_covered_display": "100"}, "missing_lines": [], "excluded_lines": [], "start_line": 15}, "get_employee": {"executed_lines": [21, 22, 23, 24], "summary": {"covered_lines": 4, "num_statements": 4, "percent_covered": 100.0, "percent_covered_display": "100", "missing_lines": 0, "excluded_lines": 0, "percent_statements_covered": 100.0, "percent_statements_covered_display": "100"}, "missing_lines": [], "excluded_lines": [], "start_line": 20}, "get_groups": {"executed_lines": [29, 30, 32, 33, 34, 35], "summary": {"covered_lines": 6, "num_statements": 6, "percent_covered": 100.0, "percent_covered_display": "100", "missing_lines": 0, "excluded_lines": 0, "percent_statements_covered": 100.0, "percent_statements_covered_display": "100"}, "missing_lines": [], "excluded_lines": [], "start_line": 28}, "get_group_members": {"executed_lines": [40, 41, 42, 43, 44], "summary": {"covered_lines": 5, "num_statements": 5, "percent_covered": 100.0, "percent_covered_display": "100", "missing_lines": 0, "excluded_lines": 0, "percent_statements_covered": 100.0, "percent_statements_covered_display": "100"}, "missing_lines": [], "excluded_lines": [], "start_line": 39}, "_validate_date_field": {"executed_lines": [54, 55, 56, 57, 58, 59, 60, 63], "summary": {"covered_lines": 8, "num_statements": 10, "percent_covered": 80.0, "percent_covered_display": "80", "missing_lines": 2, "excluded_lines": 0, "percent_statements_covered": 80.0, "percent_statements_covered_display": "80"}, "missing_lines": [61, 62], "excluded_lines": [], "start_line": 52}, "EmployeeCreate.name_not_blank": {"executed_lines": [109, 111], "summary": {"covered_lines": 2, "num_statements": 3, "percent_covered": 66.66666666666667, "percent_covered_display": "67", "missing_lines": 1, "excluded_lines": 0, "percent_statements_covered": 66.66666666666667, "percent_statements_covered_display": "67"}, "missing_lines": [110], "excluded_lines": [], "start_line": 108}, "EmployeeCreate.validate_dates": {"executed_lines": [116, 118], "summary": {"covered_lines": 2, "num_statements": 3, "percent_covered": 66.66666666666667, "percent_covered_display": "67", "missing_lines": 1, "excluded_lines": 0, "percent_statements_covered": 66.66666666666667, "percent_statements_covered_display": "67"}, "missing_lines": [117], "excluded_lines": [], "start_line": 115}, "EmployeeCreate.empend_after_empstart": {"executed_lines": [122, 124], "summary": {"covered_lines": 2, "num_statements": 3, "percent_covered": 66.66666666666667, "percent_covered_display": "67", "missing_lines": 1, "excluded_lines": 0, "percent_statements_covered": 66.66666666666667, "percent_statements_covered_display": "67"}, "missing_lines": [123], "excluded_lines": [], "start_line": 121}, "EmployeeUpdate.name_not_blank": {"executed_lines": [171, 173], "summary": {"covered_lines": 2, "num_statements": 3, "percent_covered": 66.66666666666667, "percent_covered_display": "67", "missing_lines": 1, "excluded_lines": 0, "percent_statements_covered": 66.66666666666667, "percent_statements_covered_display": "67"}, "missing_lines": [172], "excluded_lines": [], "start_line": 170}, "EmployeeUpdate.validate_dates": {"executed_lines": [], "summary": {"covered_lines": 0, "num_statements": 3, "percent_covered": 0.0, "percent_covered_display": "0", "missing_lines": 3, "excluded_lines": 0, "percent_statements_covered": 0.0, "percent_statements_covered_display": "0"}, "missing_lines": [178, 179, 180], "excluded_lines": [], "start_line": 177}, "create_employee": {"executed_lines": [186, 187, 188, 192], "summary": {"covered_lines": 4, "num_statements": 11, "percent_covered": 36.36363636363637, "percent_covered_display": "36", "missing_lines": 7, "excluded_lines": 0, "percent_statements_covered": 36.36363636363637, "percent_statements_covered_display": "36"}, "missing_lines": [193, 194, 195, 196, 197, 198, 199], "excluded_lines": [], "start_line": 184}, "update_employee": {"executed_lines": [204, 206, 207, 208, 212, 213, 215, 216], "summary": {"covered_lines": 8, "num_statements": 11, "percent_covered": 72.72727272727273, "percent_covered_display": "73", "missing_lines": 3, "excluded_lines": 0, "percent_statements_covered": 72.72727272727273, "percent_statements_covered_display": "73"}, "missing_lines": [214, 217, 218], "excluded_lines": [], "start_line": 203}, "delete_employee": {"executed_lines": [223, 224, 225, 227, 231], "summary": {"covered_lines": 5, "num_statements": 10, "percent_covered": 50.0, "percent_covered_display": "50", "missing_lines": 5, "excluded_lines": 0, "percent_statements_covered": 50.0, "percent_statements_covered_display": "50"}, "missing_lines": [226, 232, 233, 234, 235], "excluded_lines": [], "start_line": 222}, "get_employee_photo": {"executed_lines": [], "summary": {"covered_lines": 0, "num_statements": 8, "percent_covered": 0.0, "percent_covered_display": "0", "missing_lines": 8, "excluded_lines": 0, "percent_statements_covered": 0.0, "percent_statements_covered_display": "0"}, "missing_lines": [245, 246, 247, 248, 249, 250, 251, 252], "excluded_lines": [], "start_line": 244}, "create_group": {"executed_lines": [290, 291, 292, 293, 294, 295], "summary": {"covered_lines": 6, "num_statements": 8, "percent_covered": 75.0, "percent_covered_display": "75", "missing_lines": 2, "excluded_lines": 0, "percent_statements_covered": 75.0, "percent_statements_covered_display": "75"}, "missing_lines": [296, 297], "excluded_lines": [], "start_line": 289}, "update_group": {"executed_lines": [302, 303, 304, 305, 306, 307, 308], "summary": {"covered_lines": 7, "num_statements": 9, "percent_covered": 77.77777777777777, "percent_covered_display": "78", "missing_lines": 2, "excluded_lines": 0, "percent_statements_covered": 77.77777777777777, "percent_statements_covered_display": "78"}, "missing_lines": [309, 310], "excluded_lines": [], "start_line": 301}, "delete_group": {"executed_lines": [315, 316, 317, 318], "summary": {"covered_lines": 4, "num_statements": 6, "percent_covered": 66.66666666666667, "percent_covered_display": "67", "missing_lines": 2, "excluded_lines": 0, "percent_statements_covered": 66.66666666666667, "percent_statements_covered_display": "67"}, "missing_lines": [319, 320], "excluded_lines": [], "start_line": 314}, "add_group_member": {"executed_lines": [325, 326, 327], "summary": {"covered_lines": 3, "num_statements": 5, "percent_covered": 60.0, "percent_covered_display": "60", "missing_lines": 2, "excluded_lines": 0, "percent_statements_covered": 60.0, "percent_statements_covered_display": "60"}, "missing_lines": [328, 329], "excluded_lines": [], "start_line": 324}, "remove_group_member": {"executed_lines": [334, 335, 336], "summary": {"covered_lines": 3, "num_statements": 5, "percent_covered": 60.0, "percent_covered_display": "60", "missing_lines": 2, "excluded_lines": 0, "percent_statements_covered": 60.0, "percent_statements_covered_display": "60"}, "missing_lines": [337, 338], "excluded_lines": [], "start_line": 333}, "upload_employee_photo": {"executed_lines": [], "summary": {"covered_lines": 0, "num_statements": 33, "percent_covered": 0.0, "percent_covered_display": "0", "missing_lines": 33, "excluded_lines": 0, "percent_statements_covered": 0.0, "percent_statements_covered_display": "0"}, "missing_lines": [349, 350, 351, 353, 354, 355, 356, 358, 359, 360, 361, 363, 364, 365, 366, 367, 370, 371, 372, 373, 374, 376, 377, 378, 379, 380, 381, 383, 384, 385, 386, 387, 389], "excluded_lines": [], "start_line": 347}, "bulk_employee_action": {"executed_lines": [403, 404, 406, 407, 408, 409, 410, 411, 415, 416, 417, 418, 419, 421, 422, 426, 427, 428, 437, 439], "summary": {"covered_lines": 20, "num_statements": 30, "percent_covered": 66.66666666666667, "percent_covered_display": "67", "missing_lines": 10, "excluded_lines": 0, "percent_statements_covered": 66.66666666666667, "percent_statements_covered_display": "67"}, "missing_lines": [412, 413, 423, 424, 429, 430, 431, 432, 433, 434], "excluded_lines": [], "start_line": 401}, "": {"executed_lines": [2, 3, 4, 5, 6, 10, 14, 15, 19, 20, 27, 28, 38, 39, 49, 52, 66, 67, 68, 69, 70, 71, 72, 73, 74, 75, 76, 77, 78, 80, 81, 82, 83, 84, 85, 86, 87, 88, 89, 91, 92, 94, 95, 96, 97, 98, 99, 100, 102, 103, 104, 106, 107, 108, 113, 114, 115, 120, 121, 127, 128, 129, 130, 131, 132, 133, 134, 135, 136, 137, 138, 139, 140, 142, 143, 144, 145, 146, 147, 148, 149, 150, 151, 153, 154, 156, 157, 158, 159, 160, 161, 162, 164, 165, 166, 168, 169, 170, 175, 176, 177, 183, 184, 202, 203, 221, 222, 240, 243, 244, 257, 258, 259, 260, 261, 262, 263, 264, 265, 266, 267, 270, 271, 272, 273, 274, 275, 276, 277, 278, 279, 280, 281, 284, 285, 288, 289, 300, 301, 313, 314, 323, 324, 332, 333, 346, 347, 394, 395, 396, 397, 400, 401], "summary": {"covered_lines": 153, "num_statements": 153, "percent_covered": 100.0, "percent_covered_display": "100", "missing_lines": 0, "excluded_lines": 0, "percent_statements_covered": 100.0, "percent_statements_covered_display": "100"}, "missing_lines": [], "excluded_lines": [], "start_line": 1}}, "classes": {"EmployeeCreate": {"executed_lines": [109, 111, 116, 118, 122, 124], "summary": {"covered_lines": 6, "num_statements": 9, "percent_covered": 66.66666666666667, "percent_covered_display": "67", "missing_lines": 3, "excluded_lines": 0, "percent_statements_covered": 66.66666666666667, "percent_statements_covered_display": "67"}, "missing_lines": [110, 117, 123], "excluded_lines": [], "start_line": 66}, "EmployeeUpdate": {"executed_lines": [171, 173], "summary": {"covered_lines": 2, "num_statements": 6, "percent_covered": 33.333333333333336, "percent_covered_display": "33", "missing_lines": 4, "excluded_lines": 0, "percent_statements_covered": 33.333333333333336, "percent_statements_covered_display": "33"}, "missing_lines": [172, 178, 179, 180], "excluded_lines": [], "start_line": 127}, "GroupCreate": {"executed_lines": [], "summary": {"covered_lines": 0, "num_statements": 0, "percent_covered": 100.0, "percent_covered_display": "100", "missing_lines": 0, "excluded_lines": 0, "percent_statements_covered": 100.0, "percent_statements_covered_display": "100"}, "missing_lines": [], "excluded_lines": [], "start_line": 257}, "GroupUpdate": {"executed_lines": [], "summary": {"covered_lines": 0, "num_statements": 0, "percent_covered": 100.0, "percent_covered_display": "100", "missing_lines": 0, "excluded_lines": 0, "percent_statements_covered": 100.0, "percent_statements_covered_display": "100"}, "missing_lines": [], "excluded_lines": [], "start_line": 270}, "GroupMemberBody": {"executed_lines": [], "summary": {"covered_lines": 0, "num_statements": 0, "percent_covered": 100.0, "percent_covered_display": "100", "missing_lines": 0, "excluded_lines": 0, "percent_statements_covered": 100.0, "percent_statements_covered_display": "100"}, "missing_lines": [], "excluded_lines": [], "start_line": 284}, "BulkEmployeeAction": {"executed_lines": [], "summary": {"covered_lines": 0, "num_statements": 0, "percent_covered": 100.0, "percent_covered_display": "100", "missing_lines": 0, "excluded_lines": 0, "percent_statements_covered": 100.0, "percent_statements_covered_display": "100"}, "missing_lines": [], "excluded_lines": [], "start_line": 394}, "": {"executed_lines": [2, 3, 4, 5, 6, 10, 14, 15, 16, 19, 20, 21, 22, 23, 24, 27, 28, 29, 30, 32, 33, 34, 35, 38, 39, 40, 41, 42, 43, 44, 49, 52, 54, 55, 56, 57, 58, 59, 60, 63, 66, 67, 68, 69, 70, 71, 72, 73, 74, 75, 76, 77, 78, 80, 81, 82, 83, 84, 85, 86, 87, 88, 89, 91, 92, 94, 95, 96, 97, 98, 99, 100, 102, 103, 104, 106, 107, 108, 113, 114, 115, 120, 121, 127, 128, 129, 130, 131, 132, 133, 134, 135, 136, 137, 138, 139, 140, 142, 143, 144, 145, 146, 147, 148, 149, 150, 151, 153, 154, 156, 157, 158, 159, 160, 161, 162, 164, 165, 166, 168, 169, 170, 175, 176, 177, 183, 184, 186, 187, 188, 192, 202, 203, 204, 206, 207, 208, 212, 213, 215, 216, 221, 222, 223, 224, 225, 227, 231, 240, 243, 244, 257, 258, 259, 260, 261, 262, 263, 264, 265, 266, 267, 270, 271, 272, 273, 274, 275, 276, 277, 278, 279, 280, 281, 284, 285, 288, 289, 290, 291, 292, 293, 294, 295, 300, 301, 302, 303, 304, 305, 306, 307, 308, 313, 314, 315, 316, 317, 318, 323, 324, 325, 326, 327, 332, 333, 334, 335, 336, 346, 347, 394, 395, 396, 397, 400, 401, 403, 404, 406, 407, 408, 409, 410, 411, 415, 416, 417, 418, 419, 421, 422, 426, 427, 428, 437, 439], "summary": {"covered_lines": 237, "num_statements": 315, "percent_covered": 75.23809523809524, "percent_covered_display": "75", "missing_lines": 78, "excluded_lines": 0, "percent_statements_covered": 75.23809523809524, "percent_statements_covered_display": "75"}, "missing_lines": [61, 62, 193, 194, 195, 196, 197, 198, 199, 214, 217, 218, 226, 232, 233, 234, 235, 245, 246, 247, 248, 249, 250, 251, 252, 296, 297, 309, 310, 319, 320, 328, 329, 337, 338, 349, 350, 351, 353, 354, 355, 356, 358, 359, 360, 361, 363, 364, 365, 366, 367, 370, 371, 372, 373, 374, 376, 377, 378, 379, 380, 381, 383, 384, 385, 386, 387, 389, 412, 413, 423, 424, 429, 430, 431, 432, 433, 434], "excluded_lines": [], "start_line": 1}}}, "api/routers/events.py": {"executed_lines": [2, 3, 4, 5, 6, 7, 8, 9, 11, 13, 17, 18, 21, 26, 27, 28, 29, 30, 31, 32, 33, 34, 35, 36, 39, 40, 43, 45, 47, 60, 61, 62, 63, 64, 65, 66, 69, 73], "summary": {"covered_lines": 38, "num_statements": 56, "percent_covered": 67.85714285714286, "percent_covered_display": "68", "missing_lines": 18, "excluded_lines": 0, "percent_statements_covered": 67.85714285714286, "percent_statements_covered_display": "68"}, "missing_lines": [37, 38, 48, 49, 50, 51, 52, 53, 54, 55, 56, 58, 75, 76, 77, 78, 79, 81], "excluded_lines": [], "functions": {"broadcast": {"executed_lines": [26, 27, 28, 29, 30, 31, 32, 33, 34, 35, 36, 39, 40], "summary": {"covered_lines": 13, "num_statements": 15, "percent_covered": 86.66666666666667, "percent_covered_display": "87", "missing_lines": 2, "excluded_lines": 0, "percent_statements_covered": 86.66666666666667, "percent_statements_covered_display": "87"}, "missing_lines": [37, 38], "excluded_lines": [], "start_line": 21}, "_event_generator": {"executed_lines": [45, 47, 60, 61, 62, 63, 64, 65, 66], "summary": {"covered_lines": 9, "num_statements": 19, "percent_covered": 47.36842105263158, "percent_covered_display": "47", "missing_lines": 10, "excluded_lines": 0, "percent_statements_covered": 47.36842105263158, "percent_statements_covered_display": "47"}, "missing_lines": [48, 49, 50, 51, 52, 53, 54, 55, 56, 58], "excluded_lines": [], "start_line": 43}, "sse_stream": {"executed_lines": [], "summary": {"covered_lines": 0, "num_statements": 6, "percent_covered": 0.0, "percent_covered_display": "0", "missing_lines": 6, "excluded_lines": 0, "percent_statements_covered": 0.0, "percent_statements_covered_display": "0"}, "missing_lines": [75, 76, 77, 78, 79, 81], "excluded_lines": [], "start_line": 73}, "": {"executed_lines": [2, 3, 4, 5, 6, 7, 8, 9, 11, 13, 17, 18, 21, 43, 69, 73], "summary": {"covered_lines": 16, "num_statements": 16, "percent_covered": 100.0, "percent_covered_display": "100", "missing_lines": 0, "excluded_lines": 0, "percent_statements_covered": 100.0, "percent_statements_covered_display": "100"}, "missing_lines": [], "excluded_lines": [], "start_line": 1}}, "classes": {"": {"executed_lines": [2, 3, 4, 5, 6, 7, 8, 9, 11, 13, 17, 18, 21, 26, 27, 28, 29, 30, 31, 32, 33, 34, 35, 36, 39, 40, 43, 45, 47, 60, 61, 62, 63, 64, 65, 66, 69, 73], "summary": {"covered_lines": 38, "num_statements": 56, "percent_covered": 67.85714285714286, "percent_covered_display": "68", "missing_lines": 18, "excluded_lines": 0, "percent_statements_covered": 67.85714285714286, "percent_statements_covered_display": "68"}, "missing_lines": [37, 38, 48, 49, 50, 51, 52, 53, 54, 55, 56, 58, 75, 76, 77, 78, 79, 81], "excluded_lines": [], "start_line": 1}}}, "api/routers/master_data.py": {"executed_lines": [2, 3, 4, 5, 9, 13, 14, 15, 18, 19, 20, 23, 24, 25, 28, 29, 30, 35, 36, 41, 42, 47, 52, 53, 54, 55, 56, 57, 60, 61, 62, 64, 66, 68, 69, 76, 83, 84, 85, 86, 87, 88, 89, 90, 91, 92, 93, 94, 95, 96, 97, 98, 99, 100, 101, 102, 103, 104, 105, 108, 109, 110, 111, 112, 113, 114, 115, 116, 117, 118, 119, 120, 121, 122, 123, 124, 125, 126, 127, 128, 129, 130, 131, 134, 135, 136, 137, 138, 140, 141, 142, 143, 152, 153, 154, 155, 156, 157, 158, 159, 160, 165, 166, 167, 168, 169, 170, 177, 178, 179, 180, 181, 182, 183, 184, 185, 188, 189, 190, 191, 192, 193, 194, 195, 196, 197, 200, 201, 202, 203, 204, 206, 207, 208, 213, 214, 215, 216, 217, 218, 219, 220, 225, 226, 227, 228, 229, 236, 237, 238, 239, 242, 243, 244, 245, 248, 249, 250, 251, 252, 253, 254, 255, 256, 257, 258, 259, 264, 265, 266, 267, 268, 269, 270, 271, 276, 277, 278, 279, 280, 287, 288, 289, 290, 291, 292, 293, 296, 297, 298, 299, 300, 301, 302, 303, 306, 307, 308, 309, 310, 311, 312, 317, 318, 319, 320, 321, 322, 323, 324, 329, 330, 331, 332, 333, 340, 341, 343, 344, 349, 350, 352, 353, 354, 359, 360, 362, 363, 364, 371, 372, 373, 374, 375, 376, 377, 378, 381, 382, 383, 384, 385, 386, 387, 388, 389, 392, 393, 394, 397, 398, 399, 400, 401, 402, 403, 405, 407, 408, 409, 414, 415, 421, 422, 423, 428, 429, 430, 431, 432, 433, 434, 435, 440, 441, 442, 443, 444, 451, 452, 457, 458, 463, 464, 465, 466, 467, 468, 469, 472, 473, 474, 475, 476, 477, 478, 481, 482, 484, 485, 486, 487, 488, 489, 490, 498, 503, 504, 506, 508, 509, 510, 511, 512, 513, 514, 519, 520, 522, 523, 524, 525, 526, 527, 528, 534, 535, 536, 537, 539, 540, 541, 542, 544, 545, 546, 548, 549, 550, 554, 555, 556, 558, 559, 560, 561, 562, 563, 565, 566, 567, 568, 569, 570, 572, 573, 574, 575, 576, 577, 579, 580, 581, 582, 584, 585, 586, 587, 596, 597, 598, 600, 601, 602, 603, 604, 605, 606, 607, 608, 609, 610, 611, 612, 614, 615, 616, 617, 618, 619, 620, 622, 623, 624, 625, 626, 627, 628, 630, 631, 632, 634, 638, 647, 648, 649, 651, 652, 653, 654, 655, 656, 657, 658, 659, 661, 662, 664, 665, 666, 667, 670, 671, 672, 673, 674, 675, 677, 678, 679, 680, 690, 691, 692, 693, 694, 695, 696, 697, 701, 702, 703, 704, 705, 713], "summary": {"covered_lines": 445, "num_statements": 508, "percent_covered": 87.5984251968504, "percent_covered_display": "88", "missing_lines": 63, "excluded_lines": 0, "percent_statements_covered": 87.5984251968504, "percent_statements_covered_display": "88"}, "missing_lines": [43, 63, 65, 67, 77, 78, 139, 144, 145, 146, 147, 148, 149, 161, 162, 171, 172, 205, 209, 210, 221, 222, 230, 231, 260, 261, 272, 273, 281, 282, 313, 314, 325, 326, 334, 335, 345, 346, 355, 356, 365, 366, 404, 406, 410, 411, 424, 425, 436, 437, 445, 446, 459, 460, 499, 500, 515, 516, 529, 530, 547, 551, 552], "excluded_lines": [], "functions": {"get_shifts": {"executed_lines": [15], "summary": {"covered_lines": 1, "num_statements": 1, "percent_covered": 100.0, "percent_covered_display": "100", "missing_lines": 0, "excluded_lines": 0, "percent_statements_covered": 100.0, "percent_statements_covered_display": "100"}, "missing_lines": [], "excluded_lines": [], "start_line": 14}, "get_leave_types": {"executed_lines": [20], "summary": {"covered_lines": 1, "num_statements": 1, "percent_covered": 100.0, "percent_covered_display": "100", "missing_lines": 0, "excluded_lines": 0, "percent_statements_covered": 100.0, "percent_statements_covered_display": "100"}, "missing_lines": [], "excluded_lines": [], "start_line": 19}, "get_workplaces": {"executed_lines": [25], "sum
[...]
50, 3351, 3352, 3353, 3363, 3364, 3374, 3375, 3376, 3379, 3383, 3384, 3392, 3393, 3397, 3398, 3399, 3402, 3403, 3404, 3405, 3406, 3411, 3412, 3413, 3414, 3423, 3424, 3435, 3436, 3437, 3438, 3439, 3440, 3441, 3453, 3454, 3456, 3457, 3469, 3470, 3480, 3481, 3493, 3494, 3496, 3497, 3513, 3514, 3515, 3516, 3519, 3520, 3521, 3525, 3526, 3527, 3528, 3529, 3530, 3531, 3532, 3537, 3538, 3539, 3540, 3541, 3564, 3565, 3569, 3570, 3571, 3572, 3582, 3583, 3587, 3588, 3589, 3590, 3591, 3592, 3593, 3594, 3595, 3596, 3597, 3601, 3602, 3603, 3604, 3605, 3606, 3607, 3615, 3616, 3617, 3618, 3619, 3620, 3621, 3623, 3624, 3626, 3627, 3628, 3629, 3630, 3631, 3632, 3633, 3634, 3636, 3643, 3645, 3646, 3649, 3650, 3651, 3652, 3653, 3656, 3657, 3658, 3659, 3660, 3662, 3674, 3675, 3676, 3677, 3678, 3679, 3680, 3681, 3682, 3683, 3687, 3688, 3689, 3690, 3691, 3692, 3693, 3694, 3695, 3696, 3699, 3724, 3725, 3726, 3727, 3728, 3729, 3730, 3731, 3732, 3733, 3734, 3737, 3738, 3739, 3740, 3741, 3742, 3743, 3744, 3746, 3747, 3748, 3749, 3750, 3751, 3752, 3753, 3754, 3755, 3756, 3757, 3759, 3783, 3784, 3786, 3787, 3805, 3806, 3807, 3808, 3809, 3810, 3811, 3813, 3827, 3828, 3829, 3841, 3846, 3847, 3849, 3850, 3856, 3857, 3865, 3866, 3872, 3873, 3874, 3875, 3877, 3878, 3883, 3884, 3885, 3894, 3898, 3899, 3900, 3901, 3905, 3906, 3908, 3909, 3913, 3914, 3915, 3916, 3917, 3918, 3919, 3924, 3925, 3926, 3927, 3928, 3929, 3935, 3939, 3940, 3941, 3942, 3946, 3947, 3949, 3950, 3954, 3955, 3956, 3957, 3958, 3959, 3960, 3966, 3967, 3968, 3973, 3974, 3976, 3977, 3978, 3982, 3984, 3985, 3986, 3987, 3989, 3990, 3995, 3996, 3997, 3998, 3999, 4000, 4005, 4013, 4015, 4016, 4017, 4018, 4019, 4025, 4026, 4027, 4032, 4033, 4035, 4036, 4037, 4040, 4041, 4042, 4043, 4044, 4045, 4046, 4054, 4055, 4056, 4057, 4058, 4059, 4064, 4065, 4074, 4075, 4076, 4077, 4081, 4082, 4084, 4085, 4086, 4089, 4090, 4091, 4106, 4107, 4108, 4109, 4111, 4112, 4113, 4114, 4116, 4117, 4118, 4119, 4129, 4130, 4148, 4149, 4150, 4151, 4152, 4153, 4154, 4156, 4159, 4160, 4161, 4162, 4163, 4166, 4167, 4170, 4171, 4172, 4173, 4174, 4175, 4176, 4177, 4180, 4181, 4182, 4183, 4184, 4185, 4186, 4187, 4190, 4191, 4192, 4194, 4195, 4196, 4197, 4198, 4199, 4204, 4205, 4206, 4207, 4208, 4211, 4212, 4213, 4214, 4215, 4216, 4217, 4218, 4219, 4221, 4223, 4235, 4237, 4258, 4261, 4262, 4264, 4265, 4266, 4271, 4272, 4273, 4277, 4285, 4286, 4287, 4288, 4295, 4296, 4297, 4301, 4302, 4303, 4304, 4305, 4306, 4315, 4317, 4318, 4319, 4320, 4367, 4368, 4370, 4371, 4372, 4373, 4374, 4376, 4377, 4378, 4379, 4380, 4381, 4385, 4398, 4399, 4401, 4402, 4407, 4408, 4409, 4410, 4413, 4414, 4415, 4416, 4417, 4419, 4420, 4423, 4424, 4425, 4426, 4428, 4429, 4430, 4431, 4432, 4433, 4497, 4498, 4503, 4504, 4505, 4508, 4509, 4511, 4512, 4513, 4524, 4525, 4526, 4527, 4532, 4561, 4562, 4563, 4564, 4573, 4585, 4586, 4587, 4588], "summary": {"covered_lines": 1992, "num_statements": 2452, "percent_covered": 81.23980424143556, "percent_covered_display": "81", "missing_lines": 460, "excluded_lines": 0, "percent_statements_covered": 81.23980424143556, "percent_statements_covered_display": "81"}, "missing_lines": [47, 50, 104, 114, 115, 116, 117, 119, 164, 165, 184, 195, 234, 235, 237, 238, 239, 240, 276, 277, 278, 351, 379, 381, 450, 454, 455, 456, 457, 458, 459, 460, 461, 462, 463, 464, 465, 466, 468, 503, 513, 514, 515, 517, 526, 532, 536, 593, 719, 720, 763, 764, 844, 872, 873, 888, 889, 904, 905, 906, 907, 919, 920, 925, 926, 927, 931, 932, 945, 986, 987, 988, 989, 990, 991, 992, 993, 1031, 1032, 1033, 1045, 1046, 1047, 1048, 1049, 1050, 1051, 1053, 1054, 1055, 1056, 1058, 1059, 1060, 1144, 1151, 1152, 1153, 1154, 1155, 1156, 1157, 1158, 1210, 1211, 1212, 1213, 1269, 1270, 1271, 1275, 1321, 1322, 1355, 1356, 1357, 1358, 1359, 1360, 1361, 1447, 1448, 1449, 1450, 1451, 1452, 1453, 1454, 1455, 1477, 1523, 1524, 1525, 1526, 1527, 1581, 1582, 1583, 1584, 1588, 1726, 1756, 1757, 1758, 1845, 1847, 1849, 1851, 1864, 1872, 1873, 1874, 1913, 1993, 2001, 2007, 2013, 2024, 2025, 2082, 2117, 2135, 2137, 2139, 2160, 2162, 2216, 2253, 2296, 2313, 2314, 2352, 2364, 2426, 2439, 2440, 2485, 2486, 2501, 2517, 2518, 2519, 2520, 2521, 2522, 2523, 2534, 2535, 2541, 2559, 2566, 2601, 2629, 2657, 2658, 2687, 2695, 2696, 2739, 2756, 2757, 2758, 2759, 2760, 2862, 2863, 2914, 2915, 2916, 2917, 2918, 2919, 2935, 2936, 2937, 2938, 2939, 2940, 2941, 2942, 2995, 2996, 2997, 2998, 2999, 3000, 3001, 3017, 3018, 3019, 3020, 3021, 3022, 3023, 3024, 3049, 3110, 3111, 3112, 3113, 3114, 3115, 3116, 3130, 3131, 3132, 3133, 3137, 3138, 3139, 3140, 3190, 3191, 3229, 3259, 3260, 3261, 3262, 3263, 3264, 3265, 3318, 3320, 3321, 3322, 3323, 3324, 3325, 3326, 3327, 3328, 3329, 3330, 3336, 3380, 3381, 3458, 3459, 3460, 3495, 3517, 3524, 3542, 3543, 3544, 3545, 3546, 3547, 3548, 3549, 3550, 3635, 3647, 3661, 3684, 3685, 3700, 3701, 3702, 3703, 3704, 3705, 3706, 3707, 3708, 3709, 3710, 3712, 3713, 3714, 3715, 3716, 3718, 3719, 3720, 3721, 3785, 3830, 3831, 3832, 3833, 3834, 3851, 3852, 3853, 3876, 3886, 3887, 3888, 3902, 3903, 3904, 3943, 3944, 3945, 3975, 3979, 3980, 3983, 4001, 4002, 4004, 4034, 4038, 4039, 4060, 4061, 4063, 4083, 4087, 4088, 4092, 4093, 4094, 4115, 4200, 4201, 4263, 4267, 4268, 4322, 4323, 4324, 4325, 4327, 4328, 4329, 4330, 4331, 4332, 4333, 4335, 4336, 4338, 4339, 4341, 4342, 4343, 4345, 4346, 4347, 4349, 4351, 4353, 4375, 4382, 4383, 4384, 4403, 4404, 4418, 4421, 4422, 4436, 4437, 4438, 4439, 4440, 4441, 4442, 4443, 4444, 4445, 4446, 4447, 4448, 4451, 4454, 4455, 4456, 4457, 4458, 4459, 4461, 4462, 4463, 4464, 4465, 4466, 4467, 4469, 4470, 4471, 4472, 4473, 4475, 4476, 4479, 4483, 4510, 4514, 4515, 4518, 4519, 4520, 4528, 4537, 4538, 4539, 4540, 4553, 4554, 4555, 4565, 4566, 4567, 4568, 4569, 4570, 4571, 4572, 4576, 4577, 4578, 4579, 4580, 4581, 4582, 4589, 4590], "excluded_lines": [], "start_line": 19}, "": {"executed_lines": [4, 5, 6, 7, 8, 9, 10, 11, 16, 19, 20, 23, 26, 54, 64, 73, 92, 130, 137, 146, 151, 162, 168, 191, 198, 207, 214, 224, 248, 252, 334, 341, 346, 369, 439, 483, 493, 519, 562, 584, 654, 663, 690, 700, 713, 733, 745, 760, 767, 792, 803, 1072, 1078, 1118, 1131, 1141, 1181, 1300, 1412, 1484, 1647, 1679, 1691, 1703, 1715, 1747, 1778, 1797, 1822, 1832, 1867, 1886, 1891, 1900, 1943, 1969, 1980, 2030, 2052, 2067, 2076, 2093, 2104, 2143, 2166, 2176, 2198, 2211, 2221, 2235, 2248, 2258, 2278, 2291, 2301, 2304, 2316, 2322, 2342, 2354, 2367, 2387, 2408, 2421, 2431, 2432, 2442, 2443, 2450, 2451, 2459, 2460, 2464, 2474, 2488, 2587, 2614, 2619, 2644, 2682, 2689, 2731, 2750, 2772, 2799, 2811, 2854, 2908, 2927, 2953, 2980, 2991, 3009, 3042, 3066, 3185, 3214, 3344, 3366, 3395, 3409, 3433, 3444, 3491, 3511, 3535, 3567, 3585, 3599, 3611, 3638, 3778, 3804, 3824, 3843, 3870, 3881, 3896, 3911, 3922, 3937, 3952, 3964, 3970, 3992, 4023, 4029, 4048, 4079, 4098, 4134, 4256, 4260, 4270, 4275, 4279, 4299, 4308, 4360, 4388, 4502, 4507, 4517, 4522, 4534, 4557, 4575, 4584], "summary": {"covered_lines": 188, "num_statements": 188, "percent_covered": 100.0, "percent_covered_display": "100", "missing_lines": 0, "excluded_lines": 0, "percent_statements_covered": 100.0, "percent_statements_covered_display": "100"}, "missing_lines": [], "excluded_lines": [], "start_line": 1}}}, "sp5lib/dbf_reader.py": {"executed_lines": [5, 6, 9, 15, 19, 20, 21, 22, 24, 27, 37, 40, 42, 43, 44, 45, 46, 47, 48, 49, 50, 51, 57, 58, 59, 64, 66, 67, 68, 69, 70, 71, 74, 77, 86, 87, 88, 90, 92, 94, 95, 96, 98, 99, 100, 103, 104, 105, 106, 107, 108, 109, 110, 111, 112, 113, 116, 117, 119, 120, 121, 122, 125, 126, 128, 129, 131, 132, 133, 134, 136, 138, 139, 141, 142, 144, 145, 146, 148, 149, 162, 163, 165, 167, 170, 172, 173, 174, 175, 176, 177, 178, 179, 180, 181, 182, 183, 184, 185, 186, 187, 188], "summary": {"covered_lines": 102, "num_statements": 118, "percent_covered": 86.44067796610169, "percent_covered_display": "86", "missing_lines": 16, "excluded_lines": 0, "percent_statements_covered": 86.44067796610169, "percent_statements_covered_display": "86"}, "missing_lines": [17, 38, 52, 53, 60, 61, 72, 73, 150, 151, 152, 154, 155, 156, 158, 160], "excluded_lines": [], "functions": {"_is_utf16_le": {"executed_lines": [15, 19, 20, 21, 22, 24], "summary": {"covered_lines": 6, "num_statements": 7, "percent_covered": 85.71428571428571, "percent_covered_display": "86", "missing_lines": 1, "excluded_lines": 0, "percent_statements_covered": 85.71428571428571, "percent_statements_covered_display": "86"}, "missing_lines": [17], "excluded_lines": [], "start_line": 9}, "_decode_string": {"executed_lines": [37, 40, 42, 43, 44, 45, 46, 47, 48, 49, 50, 51, 57, 58, 59], "summary": {"covered_lines": 15, "num_statements": 20, "percent_covered": 75.0, "percent_covered_display": "75", "missing_lines": 5, "excluded_lines": 0, "percent_statements_covered": 75.0, "percent_statements_covered_display": "75"}, "missing_lines": [38, 52, 53, 60, 61], "excluded_lines": [], "start_line": 27}, "_parse_date": {"executed_lines": [66, 67, 68, 69, 70, 71, 74], "summary": {"covered_lines": 7, "num_statements": 9, "percent_covered": 77.77777777777777, "percent_covered_display": "78", "missing_lines": 2, "excluded_lines": 0, "percent_statements_covered": 77.77777777777777, "percent_statements_covered_display": "78"}, "missing_lines": [72, 73], "excluded_lines": [], "start_line": 64}, "read_dbf": {"executed_lines": [86, 87, 88, 90, 92, 94, 95, 96, 98, 99, 100, 103, 104, 105, 106, 107, 108, 109, 110, 111, 112, 113, 116, 117, 119, 120, 121, 122, 125, 126, 128, 129, 131, 132, 133, 134, 136, 138, 139, 141, 142, 144, 145, 146, 148, 149, 162, 163, 165, 167], "summary": {"covered_lines": 50, "num_statements": 58, "percent_covered": 86.20689655172414, "percent_covered_display": "86", "missing_lines": 8, "excluded_lines": 0, "percent_statements_covered": 86.20689655172414, "percent_statements_covered_display": "86"}, "missing_lines": [150, 151, 152, 154, 155, 156, 158, 160], "excluded_lines": [], "start_line": 77}, "get_table_fields": {"executed_lines": [172, 173, 174, 175, 176, 177, 178, 179, 180, 181, 182, 183, 184, 185, 186, 187, 188], "summary": {"covered_lines": 17, "num_statements": 17, "percent_covered": 100.0, "percent_covered_display": "100", "missing_lines": 0, "excluded_lines": 0, "percent_statements_covered": 100.0, "percent_statements_covered_display": "100"}, "missing_lines": [], "excluded_lines": [], "start_line": 170}, "": {"executed_lines": [5, 6, 9, 27, 64, 77, 170], "summary": {"covered_lines": 7, "num_statements": 7, "percent_covered": 100.0, "percent_covered_display": "100", "missing_lines": 0, "excluded_lines": 0, "percent_statements_covered": 100.0, "percent_statements_covered_display": "100"}, "missing_lines": [], "excluded_lines": [], "start_line": 1}}, "classes": {"": {"executed_lines": [5, 6, 9, 15, 19, 20, 21, 22, 24, 27, 37, 40, 42, 43, 44, 45, 46, 47, 48, 49, 50, 51, 57, 58, 59, 64, 66, 67, 68, 69, 70, 71, 74, 77, 86, 87, 88, 90, 92, 94, 95, 96, 98, 99, 100, 103, 104, 105, 106, 107, 108, 109, 110, 111, 112, 113, 116, 117, 119, 120, 121, 122, 125, 126, 128, 129, 131, 132, 133, 134, 136, 138, 139, 141, 142, 144, 145, 146, 148, 149, 162, 163, 165, 167, 170, 172, 173, 174, 175, 176, 177, 178, 179, 180, 181, 182, 183, 184, 185, 186, 187, 188], "summary": {"covered_lines": 102, "num_statements": 118, "percent_covered": 86.44067796610169, "percent_covered_display": "86", "missing_lines": 16, "excluded_lines": 0, "percent_statements_covered": 86.44067796610169, "percent_statements_covered_display": "86"}, "missing_lines": [17, 38, 52, 53, 60, 61, 72, 73, 150, 151, 152, 154, 155, 156, 158, 160], "excluded_lines": [], "start_line": 1}}}, "sp5lib/dbf_writer.py": {"executed_lines": [25, 26, 27, 28, 29, 30, 32, 37, 44, 45, 47, 49, 50, 54, 57, 59, 60, 62, 63, 64, 67, 69, 72, 74, 75, 76, 78, 79, 81, 84, 85, 86, 88, 90, 91, 92, 93, 94, 95, 97, 98, 99, 100, 101, 103, 104, 105, 106, 107, 109, 110, 121, 123, 124, 125, 126, 127, 129, 130, 131, 132, 135, 137, 138, 139, 142, 144, 145, 150, 151, 153, 154, 155, 156, 158, 163, 182, 183, 184, 186, 189, 191, 193, 197, 198, 201, 202, 205, 206, 207, 208, 209, 213, 214, 216, 217, 218, 220, 223, 233, 235, 236, 240, 242, 243, 244, 245, 246, 247, 248, 249, 252, 274, 276, 277, 281, 284, 285, 286, 288, 291, 292, 295, 296, 297, 298, 299, 300, 302, 303, 304, 307, 332, 333, 335, 336, 338, 339, 344, 346, 347, 351, 353, 354, 355, 356, 357, 358, 360, 361, 363, 365, 366, 368, 370, 375, 377, 378, 380, 381, 382, 383, 385, 386, 387, 388, 389, 390, 391, 392, 394, 395, 406, 407, 409, 412, 414, 415, 416, 417], "summary": {"covered_lines": 180, "num_statements": 202, "percent_covered": 89.10891089108911, "percent_covered_display": "89", "missing_lines": 22, "excluded_lines": 0, "percent_statements_covered": 89.10891089108911, "percent_statements_covered_display": "89"}, "missing_lines": [52, 68, 112, 113, 116, 128, 190, 211, 289, 340, 342, 348, 349, 359, 396, 397, 398, 399, 400, 401, 402, 404], "excluded_lines": [], "functions": {"_encode_string": {"executed_lines": [44, 45, 47, 49, 50, 54, 57, 59, 60, 62, 63, 64, 67, 69], "summary": {"covered_lines": 14, "num_statements": 16, "percent_covered": 87.5, "percent_covered_display": "88", "missing_lines": 2, "excluded_lines": 0, "percent_statements_covered": 87.5, "percent_statements_covered_display": "88"}, "missing_lines": [52, 68], "excluded_lines": [], "start_line": 37}, "_encode_field": {"executed_lines": [74, 75, 76, 78, 79, 81, 84, 85, 86, 88, 90, 91, 92, 93, 94, 95, 97, 98, 99, 100, 101, 103, 104, 105, 106, 107, 109, 110], "summary": {"covered_lines": 28, "num_statements": 31, "percent_covered": 90.3225806451613, "percent_covered_display": "90", "missing_lines": 3, "excluded_lines": 0, "percent_statements_covered": 90.3225806451613, "percent_statements_covered_display": "90"}, "missing_lines": [112, 113, 116], "excluded_lines": [], "start_line": 72}, "_read_header_info": {"executed_lines": [123, 124, 125, 126, 127, 129, 130, 131, 132], "summary": {"covered_lines": 9, "num_statements": 10, "percent_covered": 90.0, "percent_covered_display": "90", "missing_lines": 1, "excluded_lines": 0, "percent_statements_covered": 90.0, "percent_statements_covered_display": "90"}, "missing_lines": [128], "excluded_lines": [], "start_line": 121}, "_stamp_header": {"executed_lines": [137, 138, 139], "summary": {"covered_lines": 3, "num_statements": 3, "percent_covered": 100.0, "percent_covered_display": "100", "missing_lines": 0, "excluded_lines": 0, "percent_statements_covered": 100.0, "percent_statements_covered_display": "100"}, "missing_lines": [], "excluded_lines": [], "start_line": 135}, "_update_record_count": {"executed_lines": [144, 145], "summary": {"covered_lines": 2, "num_statements": 2, "percent_covered": 100.0, "percent_covered_display": "100", "missing_lines": 0, "excluded_lines": 0, "percent_statements_covered": 100.0, "percent_statements_covered_display": "100"}, "missing_lines": [], "excluded_lines": [], "start_line": 142}, "_exclusive_open": {"executed_lines": [153, 154, 155, 156, 158], "summary": {"covered_lines": 5, "num_statements": 5, "percent_covered": 100.0, "percent_covered_display": "100", "missing_lines": 0, "excluded_lines": 0, "percent_statements_covered": 100.0, "percent_statements_covered_display": "100"}, "missing_lines": [], "excluded_lines": [], "start_line": 151}, "append_record": {"executed_lines": [182, 183, 184, 186, 189, 191, 193, 197, 198, 201, 202, 205, 206, 207, 208, 209, 213, 214, 216, 217, 218, 220], "summary": {"covered_lines": 22, "num_statements": 24, "percent_covered": 91.66666666666667, "percent_covered_display": "92", "missing_lines": 2, "excluded_lines": 0, "percent_statements_covered": 91.66666666666667, "percent_statements_covered_display": "92"}, "missing_lines": [190, 211], "excluded_lines": [], "start_line": 163}, "delete_record": {"executed_lines": [233, 235, 236, 240, 242, 243, 244, 245, 246, 247, 248, 249], "summary": {"covered_lines": 12, "num_statements": 12, "percent_covered": 100.0, "percent_covered_display": "100", "missing_lines": 0, "excluded_lines": 0, "percent_statements_covered": 100.0, "percent_statements_covered_display": "100"}, "missing_lines": [], "excluded_lines": [], "start_line": 223}, "update_record": {"executed_lines": [274, 276, 277, 281, 284, 285, 286, 288, 291, 292, 295, 296, 297, 298, 299, 300, 302, 303, 304], "summary": {"covered_lines": 19, "num_statements": 20, "percent_covered": 95.0, "percent_covered_display": "95", "missing_lines": 1, "excluded_lines": 0, "percent_statements_covered": 95.0, "percent_statements_covered_display": "95"}, "missing_lines": [289], "excluded_lines": [], "start_line": 252}, "find_all_records": {"executed_lines": [332, 333, 335, 336, 338, 339, 344, 346, 347, 351, 353, 354, 355, 356, 357, 358, 360, 361, 363, 365, 366, 368, 370], "summary": {"covered_lines": 23, "num_statements": 28, "percent_covered": 82.14285714285714, "percent_covered_display": "82", "missing_lines": 5, "excluded_lines": 0, "percent_statements_covered": 82.14285714285714, "percent_statements_covered_display": "82"}, "missing_lines": [340, 342, 348, 349, 359], "excluded_lines": [], "start_line": 307}, "_parse_record": {"executed_lines": [377, 378, 380, 381, 382, 383, 385, 386, 387, 388, 389, 390, 391, 392, 394, 395, 406, 407, 409], "summary": {"covered_lines": 19, "num_statements": 27, "percent_covered": 70.37037037037037, "percent_covered_display": "70", "missing_lines": 8, "excluded_lines": 0, "percent_statements_covered": 70.37037037037037, "percent_statements_covered_display": "70"}, "missing_lines": [396, 397, 398, 399, 400, 401, 402, 404], "excluded_lines": [], "start_line": 375}, "_matches": {"executed_lines": [414, 415, 416, 417], "summary": {"covered_lines": 4, "num_statements": 4, "percent_covered": 100.0, "percent_covered_display": "100", "missing_lines": 0, "excluded_lines": 0, "percent_statements_covered": 100.0, "percent_statements_covered_display": "100"}, "missing_lines": [], "excluded_lines": [], "start_line": 412}, "": {"executed_lines": [25, 26, 27, 28, 29, 30, 32, 37, 72, 121, 135, 142, 150, 151, 163, 223, 252, 307, 375, 412], "summary": {"covered_lines": 20, "num_statements": 20, "percent_covered": 100.0, "percent_covered_display": "100", "missing_lines": 0, "excluded_lines": 0, "percent_statements_covered": 100.0, "percent_statements_covered_display": "100"}, "missing_lines": [], "excluded_lines": [], "start_line": 1}}, "classes": {"": {"executed_lines": [25, 26, 27, 28, 29, 30, 32, 37, 44, 45, 47, 49, 50, 54, 57, 59, 60, 62, 63, 64, 67, 69, 72, 74, 75, 76, 78, 79, 81, 84, 85, 86, 88, 90, 91, 92, 93, 94, 95, 97, 98, 99, 100, 101, 103, 104, 105, 106, 107, 109, 110, 121, 123, 124, 125, 126, 127, 129, 130, 131, 132, 135, 137, 138, 139, 142, 144, 145, 150, 151, 153, 154, 155, 156, 158, 163, 182, 183, 184, 186, 189, 191, 193, 197, 198, 201, 202, 205, 206, 207, 208, 209, 213, 214, 216, 217, 218, 220, 223, 233, 235, 236, 240, 242, 243, 244, 245, 246, 247, 248, 249, 252, 274, 276, 277, 281, 284, 285, 286, 288, 291, 292, 295, 296, 297, 298, 299, 300, 302, 303, 304, 307, 332, 333, 335, 336, 338, 339, 344, 346, 347, 351, 353, 354, 355, 356, 357, 358, 360, 361, 363, 365, 366, 368, 370, 375, 377, 378, 380, 381, 382, 383, 385, 386, 387, 388, 389, 390, 391, 392, 394, 395, 406, 407, 409, 412, 414, 415, 416, 417], "summary": {"covered_lines": 180, "num_statements": 202, "percent_covered": 89.10891089108911, "percent_covered_display": "89", "missing_lines": 22, "excluded_lines": 0, "percent_statements_covered": 89.10891089108911, "percent_statements_covered_display": "89"}, "missing_lines": [52, 68, 112, 113, 116, 128, 190, 211, 289, 340, 342, 348, 349, 359, 396, 397, 398, 399, 400, 401, 402, 404], "excluded_lines": [], "start_line": 1}}}}, "totals": {"covered_lines": 6240, "num_statements": 7810, "percent_covered": 79.89756722151088, "percent_covered_display": "80", "missing_lines": 1570, "excluded_lines": 2, "percent_statements_covered": 79.89756722151088, "percent_statements_covered_display": "80"}}