{"meta": {"format": 3, "version": "7.13.4", "timestamp": "2026-02-28T22:21:56.010149", "branch_coverage": false, "show_contexts": false}, "files": {"api/__init__.py": {"executed_lines": [], "summary": {"covered_lines": 0, "num_statements": 0, "percent_covered": 100.0, "percent_covered_display": "100", "missing_lines": 0, "excluded_lines": 0, "percent_statements_covered": 100.0, "percent_statements_covered_display": "100"}, "missing_lines": [], "excluded_lines": [], "functions": {"": {"executed_lines": [], "summary": {"covered_lines": 0, "num_statements": 0, "percent_covered": 100.0, "percent_covered_display": "100", "missing_lines": 0, "excluded_lines": 0, "percent_statements_covered": 100.0, "percent_statements_covered_display": "100"}, "missing_lines": [], "excluded_lines": [], "start_line": 1}}, "classes": {"": {"executed_lines": [], "summary": {"covered_lines": 0, "num_statements": 0, "percent_covered": 100.0, "percent_covered_display": "100", "missing_lines": 0, "excluded_lines": 0, "percent_statements_covered": 100.0, "percent_statements_covered_display": "100"}, "missing_lines": [], "excluded_lines": [], "start_line": 1}}}, "api/dependencies.py": {"executed_lines": [5, 6, 7, 8, 9, 11, 12, 13, 14, 15, 18, 19, 21, 23, 24, 30, 32, 34, 35, 38, 40, 42, 43, 44, 45, 46, 47, 48, 51, 54, 58, 61, 64, 67, 68, 69, 72, 75, 76, 79, 81, 82, 83, 84, 85, 86, 87, 88, 91, 100, 101, 102, 106, 108, 110, 113, 129, 131, 133, 134, 135, 138, 140, 142, 143, 144, 147, 149, 150, 153, 155, 156, 158, 161, 163, 164, 168, 169, 170, 173, 175, 176, 180, 181, 182, 185, 187, 192], "summary": {"covered_lines": 88, "num_statements": 103, "percent_covered": 85.4368932038835, "percent_covered_display": "85", "missing_lines": 15, "excluded_lines": 0, "percent_statements_covered": 85.4368932038835, "percent_statements_covered_display": "85"}, "missing_lines": [31, 103, 109, 115, 116, 117, 118, 119, 120, 121, 125, 126, 132, 141, 157], "excluded_lines": [], "functions": {"_JsonFormatter.format": {"executed_lines": [24, 30, 32], "summary": {"covered_lines": 3, "num_statements": 4, "percent_covered": 75.0, "percent_covered_display": "75", "missing_lines": 1, "excluded_lines": 0, "percent_statements_covered": 75.0, "percent_statements_covered_display": "75"}, "missing_lines": [31], "excluded_lines": [], "start_line": 23}, "_is_token_valid": {"executed_lines": [81, 82, 83, 84, 85, 86, 87, 88], "summary": {"covered_lines": 8, "num_statements": 8, "percent_covered": 100.0, "percent_covered_display": "100", "missing_lines": 0, "excluded_lines": 0, "percent_statements_covered": 100.0, "percent_statements_covered_display": "100"}, "missing_lines": [], "excluded_lines": [], "start_line": 79}, "get_current_user": {"executed_lines": [100, 101, 102], "summary": {"covered_lines": 3, "num_statements": 4, "percent_covered": 75.0, "percent_covered_display": "75", "missing_lines": 1, "excluded_lines": 0, "percent_statements_covered": 75.0, "percent_statements_covered_display": "75"}, "missing_lines": [103], "excluded_lines": [], "start_line": 91}, "require_auth": {"executed_lines": [108, 110], "summary": {"covered_lines": 2, "num_statements": 3, "percent_covered": 66.66666666666667, "percent_covered_display": "67", "missing_lines": 1, "excluded_lines": 0, "percent_statements_covered": 66.66666666666667, "percent_statements_covered_display": "67"}, "missing_lines": [109], "excluded_lines": [], "start_line": 106}, "require_role": {"executed_lines": [], "summary": {"covered_lines": 0, "num_statements": 2, "percent_covered": 0.0, "percent_covered_display": "0", "missing_lines": 2, "excluded_lines": 0, "percent_statements_covered": 0.0, "percent_statements_covered_display": "0"}, "missing_lines": [115, 126], "excluded_lines": [], "start_line": 113}, "require_role._dep": {"executed_lines": [], "summary": {"covered_lines": 0, "num_statements": 7, "percent_covered": 0.0, "percent_covered_display": "0", "missing_lines": 7, "excluded_lines": 0, "percent_statements_covered": 0.0, "percent_statements_covered_display": "0"}, "missing_lines": [116, 117, 118, 119, 120, 121, 125], "excluded_lines": [], "start_line": 115}, "require_admin": {"executed_lines": [131, 133, 134, 135], "summary": {"covered_lines": 4, "num_statements": 5, "percent_covered": 80.0, "percent_covered_display": "80", "missing_lines": 1, "excluded_lines": 0, "percent_statements_covered": 80.0, "percent_statements_covered_display": "80"}, "missing_lines": [132], "excluded_lines": [], "start_line": 129}, "require_planer": {"executed_lines": [140, 142, 143, 144], "summary": {"covered_lines": 4, "num_statements": 5, "percent_covered": 80.0, "percent_covered_display": "80", "missing_lines": 1, "excluded_lines": 0, "percent_statements_covered": 80.0, "percent_statements_covered_display": "80"}, "missing_lines": [141], "excluded_lines": [], "start_line": 138}, "get_db": {"executed_lines": [149, 150], "summary": {"covered_lines": 2, "num_statements": 2, "percent_covered": 100.0, "percent_covered_display": "100", "missing_lines": 0, "excluded_lines": 0, "percent_statements_covered": 100.0, "percent_statements_covered_display": "100"}, "missing_lines": [], "excluded_lines": [], "start_line": 147}, "invalidate_sessions_for_user": {"executed_lines": [155, 156, 158], "summary": {"covered_lines": 3, "num_statements": 4, "percent_covered": 75.0, "percent_covered_display": "75", "missing_lines": 1, "excluded_lines": 0, "percent_statements_covered": 75.0, "percent_statements_covered_display": "75"}, "missing_lines": [157], "excluded_lines": [], "start_line": 153}, "purge_expired_sessions": {"executed_lines": [163, 164, 168, 169, 170], "summary": {"covered_lines": 5, "num_statements": 5, "percent_covered": 100.0, "percent_covered_display": "100", "missing_lines": 0, "excluded_lines": 0, "percent_statements_covered": 100.0, "percent_statements_covered_display": "100"}, "missing_lines": [], "excluded_lines": [], "start_line": 161}, "purge_stale_failed_logins": {"executed_lines": [175, 176, 180, 181, 182], "summary": {"covered_lines": 5, "num_statements": 5, "percent_covered": 100.0, "percent_covered_display": "100", "missing_lines": 0, "excluded_lines": 0, "percent_statements_covered": 100.0, "percent_statements_covered_display": "100"}, "missing_lines": [], "excluded_lines": [], "start_line": 173}, "_sanitize_500": {"executed_lines": [187, 192], "summary": {"covered_lines": 2, "num_statements": 2, "percent_covered": 100.0, "percent_covered_display": "100", "missing_lines": 0, "excluded_lines": 0, "percent_statements_covered": 100.0, "percent_statements_covered_display": "100"}, "missing_lines": [], "excluded_lines": [], "start_line": 185}, "": {"executed_lines": [5, 6, 7, 8, 9, 11, 12, 13, 14, 15, 18, 19, 21, 23, 34, 35, 38, 40, 42, 43, 44, 45, 46, 47, 48, 51, 54, 58, 61, 64, 67, 68, 69, 72, 75, 76, 79, 91, 106, 113, 129, 138, 147, 153, 161, 173, 185], "summary": {"covered_lines": 47, "num_statements": 47, "percent_covered": 100.0, "percent_covered_display": "100", "missing_lines": 0, "excluded_lines": 0, "percent_statements_covered": 100.0, "percent_statements_covered_display": "100"}, "missing_lines": [], "excluded_lines": [], "start_line": 1}}, "classes": {"_JsonFormatter": {"executed_lines": [24, 30, 32], "summary": {"covered_lines": 3, "num_statements": 4, "percent_covered": 75.0, "percent_covered_display": "75", "missing_lines": 1, "excluded_lines": 0, "percent_statements_covered": 75.0, "percent_statements_covered_display": "75"}, "missing_lines": [31], "excluded_lines": [], "start_line": 21}, "": {"executed_lines": [5, 6, 7, 8, 9, 11, 12, 13, 14, 15, 18, 19, 21, 23, 34, 35, 38, 40, 42, 43, 44, 45, 46, 47, 48, 51, 54, 58, 61, 64, 67, 68, 69, 72, 75, 76, 79, 81, 82, 83, 84, 85, 86, 87, 88, 91, 100, 101, 102, 106, 108, 110, 113, 129, 131, 133, 134, 135, 138, 140, 142, 143, 144, 147, 149, 150, 153, 155, 156, 158, 161, 163, 164, 168, 169, 170, 173, 175, 176, 180, 181, 182, 185, 187, 192], "summary": {"covered_lines": 85, "num_statements": 99, "percent_covered": 85.85858585858585, "percent_covered_display": "86", "missing_lines": 14, "excluded_lines": 0, "percent_statements_covered": 85.85858585858585, "percent_statements_covered_display": "86"}, "missing_lines": [103, 109, 115, 116, 117, 118, 119, 120, 121, 125, 126, 132, 141, 157], "excluded_lines": [], "start_line": 1}}}, "api/main.py": {"executed_lines": [2, 3, 4, 5, 6, 8, 11, 14, 16, 17, 18, 19, 20, 21, 22, 23, 27, 41, 42, 43, 46, 50, 53, 54, 59, 78, 80, 81, 82, 92, 93, 94, 96, 97, 98, 99, 100, 104, 105, 106, 107, 110, 126, 127, 129, 138, 139, 141, 142, 143, 144, 145, 147, 156, 158, 162, 163, 165, 167, 170, 171, 173, 183, 184, 185, 186, 187, 188, 189, 191, 192, 193, 196, 197, 213, 216, 217, 219, 220, 221, 222, 224, 225, 226, 227, 228, 229, 230, 231, 232, 241, 242, 243, 246, 247, 249, 250, 251, 253, 254, 256, 257, 258, 259, 263, 264, 265, 266, 270, 271, 272, 276, 281, 282, 285, 288, 301, 302, 303, 304, 305, 306, 307, 308, 309, 310, 311, 312, 313, 314, 315, 316, 317, 318, 319, 320, 321, 322, 323, 324, 325, 334, 337, 343, 345, 346, 347, 348, 349, 350, 351, 352, 353, 358, 361, 370, 374, 375, 376, 377, 378, 382, 390, 396, 401, 402, 403, 405, 406, 416, 417, 418, 423, 424, 429, 430, 431, 432, 434, 435, 436, 437, 438, 440, 441, 443, 444, 445, 446, 449, 453, 456, 457, 460, 463, 464, 468, 469, 470, 471, 472, 473, 475, 479, 482, 485, 488, 491, 492, 496, 497, 503, 504, 505, 507, 508, 509, 510, 511, 512, 513, 514, 515, 516, 520, 524, 527, 528, 529, 530, 531, 532, 537, 538, 543, 544, 545, 546, 547, 548, 549, 550, 551, 552, 553, 554, 555, 556, 557, 564, 567, 568, 569, 570, 572, 601, 605, 626, 627, 629, 630, 631, 632, 633, 636, 639, 640, 641, 643, 644, 646, 647, 648, 650, 651, 652, 654, 655, 656, 657, 668, 679, 680, 681, 682, 683, 685, 686, 687, 688, 689, 697, 698, 699, 702, 703, 705, 722, 723, 725, 726, 727, 728, 731, 732, 733, 734, 735, 736, 741, 742, 745, 767, 768, 769, 771, 772, 773, 774, 775, 776, 777, 778, 779, 781, 782, 797, 799, 808, 809, 811, 812, 813, 814, 815, 818, 819, 821, 822, 823, 826, 827, 830, 831, 832, 833, 834, 835, 836, 837, 838, 841, 842, 844, 845, 852, 853, 854, 855, 856, 857, 858, 859, 863, 864, 865, 866, 867, 868, 869, 880, 881, 882, 883, 884, 893, 897, 911, 915, 916, 918, 919, 920, 921, 924], "summary": {"covered_lines": 385, "num_statements": 464, "percent_covered": 82.97413793103448, "percent_covered_display": "83", "missing_lines": 79, "excluded_lines": 2, "percent_statements_covered": 82.97413793103448, "percent_statements_covered_display": "83"}, "missing_lines": [83, 84, 85, 86, 87, 101, 102, 166, 199, 200, 206, 332, 333, 379, 380, 398, 408, 411, 412, 413, 414, 518, 539, 540, 562, 563, 573, 574, 575, 576, 578, 579, 580, 581, 582, 584, 585, 586, 587, 588, 589, 590, 591, 592, 593, 602, 603, 642, 669, 746, 747, 748, 749, 750, 751, 752, 753, 754, 755, 756, 761, 762, 763, 764, 783, 784, 785, 786, 787, 795, 796, 860, 861, 876, 877, 894, 895, 925, 926], "excluded_lines": [88, 89], "functions": {"_periodic_cleanup": {"executed_lines": [80, 81, 82], "summary": {"covered_lines": 3, "num_statements": 8, "percent_covered": 37.5, "percent_covered_display": "38", "missing_lines": 5, "excluded_lines": 2, "percent_statements_covered": 37.5, "percent_statements_covered_display": "38"}, "missing_lines": [83, 84, 85, 86, 87], "excluded_lines": [88, 89], "start_line": 78}, "lifespan": {"executed_lines": [94, 96, 97, 98, 99, 100, 104, 105, 106, 107], "summary": {"covered_lines": 10, "num_statements": 12, "percent_covered": 83.33333333333333, "percent_covered_display": "83", "missing_lines": 2, "excluded_lines": 0, "percent_statements_covered": 83.33333333333333, "percent_statements_covered_display": "83"}, "missing_lines": [101, 102], "excluded_lines": [], "start_line": 93}, "security_headers_middleware": {"executed_lines": [141, 142, 143, 144, 145, 147, 156, 158, 162, 163, 165, 167], "summary": {"covered_lines": 12, "num_statements": 13, "percent_covered": 92.3076923076923, "percent_covered_display": "92", "missing_lines": 1, "excluded_lines": 0, "percent_statements_covered": 92.3076923076923, "percent_statements_covered_display": "92"}, "missing_lines": [166], "excluded_lines": [], "start_line": 139}, "validation_exception_handler": {"executed_lines": [173, 183, 184, 185, 186, 187, 188, 189, 191, 192, 193], "summary": {"covered_lines": 11, "num_statements": 11, "percent_covered": 100.0, "percent_covered_display": "100", "missing_lines": 0, "excluded_lines": 0, "percent_statements_covered": 100.0, "percent_statements_covered_display": "100"}, "missing_lines": [], "excluded_lines": [], "start_line": 171}, "global_exception_handler": {"executed_lines": [], "summary": {"covered_lines": 0, "num_statements": 3, "percent_covered": 0.0, "percent_covered_display": "0", "missing_lines": 3, "excluded_lines": 0, "percent_statements_covered": 0.0, "percent_statements_covered_display": "0"}, "missing_lines": [199, 200, 206], "excluded_lines": [], "start_line": 197}, "request_logging_middleware": {"executed_lines": [219, 220, 221, 222, 224, 225, 226, 227, 228, 229, 230, 231, 232, 241, 242, 243], "summary": {"covered_lines": 16, "num_statements": 16, "percent_covered": 100.0, "percent_covered_display": "100", "missing_lines": 0, "excluded_lines": 0, "percent_statements_covered": 100.0, "percent_statements_covered_display": "100"}, "missing_lines": [], "excluded_lines": [], "start_line": 217}, "auth_middleware": {"executed_lines": [249, 250, 251, 253, 254, 256, 257, 258, 259, 263, 264, 265, 266, 270, 271, 272, 276], "summary": {"covered_lines": 17, "num_statements": 17, "percent_covered": 100.0, "percent_covered_display": "100", "missing_lines": 0, "excluded_lines": 0, "percent_statements_covered": 100.0, "percent_statements_covered_display": "100"}, "missing_lines": [], "excluded_lines": [], "start_line": 247}, "ChangelogMiddleware.dispatch": {"executed_lines": [302, 303, 304, 305, 306, 307, 308, 309, 310, 311, 312, 313, 314, 315, 316, 317, 318, 319, 320, 321, 322, 323, 324, 325, 334], "summary": {"covered_lines": 25, "num_statements": 27, "percent_covered": 92.5925925925926, "percent_covered_display": "93", "missing_lines": 2, "excluded_lines": 0, "percent_statements_covered": 92.5925925925926, "percent_statements_covered_display": "93"}, "missing_lines": [332, 333], "excluded_lines": [], "start_line": 301}, "health": {"executed_lines": [374, 375, 376, 377, 378, 382], "summary": {"covered_lines": 6, "num_statements": 8, "percent_covered": 75.0, "percent_covered_display": "75", "missing_lines": 2, "excluded_lines": 0, "percent_statements_covered": 75.0, "percent_statements_covered_display": "75"}, "missing_lines": [379, 380], "excluded_lines": [], "start_line": 370}, "version": {"executed_lines": [], "summary": {"covered_lines": 0, "num_statements": 1, "percent_covered": 0.0, "percent_covered_display": "0", "missing_lines": 1, "excluded_lines": 0, "percent_statements_covered": 0.0, "percent_statements_covered_display": "0"}, "missing_lines": [398], "excluded_lines": [], "start_line": 396}, "root": {"executed_lines": [403], "summary": {"covered_lines": 1, "num_statements": 1, "percent_covered": 100.0, "percent_covered_display": "100", "missing_lines": 0, "excluded_lines": 0, "percent_statements_covered": 100.0, "percent_statements_covered_display": "100"}, "missing_lines": [], "excluded_lines": [], "start_line": 402}, "frontend_root": {"executed_lines": [], "summary": {"covered_lines": 0, "num_statements": 5, "percent_covered": 0.0, "percent_covered_display": "0", "missing_lines": 5, "excluded_lines": 0, "percent_statements_covered": 0.0, "percent_statements_covered_display": "0"}, "missing_lines": [408, 411, 412, 413, 414], "excluded_lines": [], "start_line": 406}, "get_stats": {"executed_lines": [418], "summary": {"covered_lines": 1, "num_statements": 1, "percent_covered": 100.0, "percent_covered_display": "100", "missing_lines": 0, "excluded_lines": 0, "percent_statements_covered": 100.0, "percent_statements_covered_display": "100"}, "missing_lines": [], "excluded_lines": [], "start_line": 417}, "get_dashboard_summary": {"executed_lines": [429, 430, 431, 432, 434, 435, 436, 437, 438, 440, 441, 443, 444, 445, 446, 449, 453, 456, 457, 460, 463, 464, 468, 469, 470, 471, 472, 473, 475, 479, 482, 485, 488, 491, 492, 496, 497, 503, 504, 505, 507, 508, 509, 510, 511, 512, 513, 514, 515, 516, 520, 524, 527, 528, 529, 530, 531, 532, 537, 538, 543, 544, 545, 546, 547, 548, 549, 550, 551, 552, 553, 554, 555, 556, 557, 564, 567, 568, 569, 570, 572, 601, 605], "summary": {"covered_lines": 83, "num_statements": 109, "percent_covered": 76.14678899082568, "percent_covered_display": "76", "missing_lines": 26, "excluded_lines": 0, "percent_statements_covered": 76.14678899082568, "percent_statements_covered_display": "76"}, "missing_lines": [518, 539, 540, 562, 563, 573, 574, 575, 576, 578, 579, 580, 581, 582, 584, 585, 586, 587, 588, 589, 590, 591, 592, 593, 602, 603], "excluded_lines": [], "start_line": 424}, "get_dashboard_today": {"executed_lines": [629, 630, 631, 632, 633, 636, 639, 646, 647, 648, 650, 651, 652, 654, 655, 656, 657, 668, 679, 680, 681, 682, 683, 685, 686, 687, 688, 689, 697, 698, 699, 702, 703, 705], "summary": {"covered_lines": 34, "num_statements": 35, "percent_covered": 97.14285714285714, "percent_covered_display": "97", "missing_lines": 1, "excluded_lines": 0, "percent_statements_covered": 97.14285714285714, "percent_statements_covered_display": "97"}, "missing_lines": [669], "excluded_lines": [], "start_line": 627}, "get_dashboard_today.get_shift_startend": {"executed_lines": [640, 641, 643, 644], "summary": {"covered_lines": 4, "num_statements": 5, "percent_covered": 80.0, "percent_covered_display": "80", "missing_lines": 1, "excluded_lines": 0, "percent_statements_covered": 80.0, "percent_statements_covered_display": "80"}, "missing_lines": [642], "excluded_lines": [], "start_line": 639}, "get_dashboard_upcoming": {"executed_lines": [725, 726, 727, 728, 731, 732, 733, 734, 735, 736, 741, 742, 745, 767, 768, 769, 771, 772, 773, 774, 775, 776, 777, 778, 779, 781, 782, 797, 799], "summary": {"covered_lines": 29, "num_statements": 51, "percent_covered": 56.86274509803921, "percent_covered_display": "57", "missing_lines": 22, "excluded_lines": 0, "percent_statements_covered": 56.86274509803921, "percent_statements_covered_display": "57"}, "missing_lines": [746, 747, 748, 749, 750, 751, 752, 753, 754, 755, 756, 761, 762, 763, 764, 783, 784, 785, 786, 787, 795, 796], "excluded_lines": [], "start_line": 723}, "get_dashboard_stats": {"executed_lines": [811, 812, 813, 814, 815, 818, 819, 821, 822, 823, 826, 827, 830, 831, 832, 833, 834, 835, 836, 837, 838, 841, 842, 844, 845, 852, 853, 854, 855, 856, 857, 858, 859, 863, 864, 865, 866, 867, 868, 869, 880, 881, 882, 883, 884, 893, 897], "summary": {"covered_lines": 47, "num_statements": 53, "percent_covered": 88.67924528301887, "percent_covered_display": "89", "missing_lines": 6, "excluded_lines": 0, "percent_statements_covered": 88.67924528301887, "percent_statements_covered_display": "89"}, "missing_lines": [860, 861, 876, 877, 894, 895], "excluded_lines": [], "start_line": 809}, "spa_fallback": {"executed_lines": [920, 921], "summary": {"covered_lines": 2, "num_statements": 2, "percent_covered": 100.0, "percent_covered_display": "100", "missing_lines": 0, "excluded_lines": 0, "percent_statements_covered": 100.0, "percent_statements_covered_display": "100"}, "missing_lines": [], "excluded_lines": [], "start_line": 919}, "": {"executed_lines": [2, 3, 4, 5, 6, 8, 11, 14, 16, 17, 18, 19, 20, 21, 22, 23, 27, 41, 42, 43, 46, 50, 53, 54, 59, 78, 92, 93, 110, 126, 127, 129, 138, 139, 170, 171, 196, 197, 213, 216, 217, 246, 247, 281, 282, 285, 288, 301, 337, 343, 345, 346, 347, 348, 349, 350, 351, 352, 353, 358, 361, 370, 390, 396, 401, 402, 405, 406, 416, 417, 423, 424, 626, 627, 722, 723, 808, 809, 911, 915, 916, 918, 919, 924], "summary": {"covered_lines": 84, "num_statements": 86, "percent_covered": 97.67441860465117, "percent_covered_display": "98", "missing_lines": 2, "excluded_lines": 0, "percent_statements_covered": 97.67441860465117, "percent_statements_covered_display": "98"}, "missing_lines": [925, 926], "excluded_lines": [], "start_line": 1}}, "classes": {"ChangelogMiddleware": {"executed_lines": [302, 303, 304, 305, 306, 307, 308, 309, 310, 311, 312, 313, 314, 315, 316, 317, 318, 319, 320, 321, 322, 323, 324, 325, 334], "summary": {"covered_lines": 25, "num_statements": 27, "percent_covered": 92.5925925925926, "percent_covered_display": "93", "missing_lines": 2, "excluded_lines": 0, "percent_statements_covered": 92.5925925925926, "percent_statements_covered_display": "93"}, "missing_lines": [332, 333], "excluded_lines": [], "start_line": 285}, "": {"executed_lines": [2, 3, 4, 5, 6, 8, 11, 14, 16, 17, 18, 19, 20, 21, 22, 23, 27, 41, 42, 43, 46, 50, 53, 54, 59, 78, 80, 81, 82, 92, 93, 94, 96, 97, 98, 99, 100, 104, 105, 106, 107, 110, 126, 127, 129, 138, 139, 141, 142, 143, 144, 145, 147, 156, 158, 162, 163, 165, 167, 170, 171, 173, 183, 184, 185, 186, 187, 188, 189, 191, 192, 193, 196, 197, 213, 216, 217, 219, 220, 221, 222, 224, 225, 226, 227, 228, 229, 230, 231, 232, 241, 242, 243, 246, 247, 249, 250, 251, 253, 254, 256, 257, 258, 259, 263, 264, 265, 266, 270, 271, 272, 276, 281, 282, 285, 288, 301, 337, 343, 345, 346, 347, 348, 349, 350, 351, 352, 353, 358, 361, 370, 374, 375, 376, 377, 378, 382, 390, 396, 401, 402, 403, 405, 406, 416, 417, 418, 423, 424, 429, 430, 431, 432, 434, 435, 436, 437, 438, 440, 441, 443, 444, 445, 446, 449, 453, 456, 457, 460, 463, 464, 468, 469, 470, 471, 472, 473, 475, 479, 482, 485, 488, 491, 492, 496, 497, 503, 504, 505, 507, 508, 509, 510, 511, 512, 513, 514, 515, 516, 520, 524, 527, 528, 529, 530, 531, 532, 537, 538, 543, 544, 545, 546, 547, 548, 549, 550, 551, 552, 553, 554, 555, 556, 557, 564, 567, 568, 569, 570, 572, 601, 605, 626, 627, 629, 630, 631, 632, 633, 636, 639, 640, 641, 643, 644, 646, 647, 648, 650, 651, 652, 654, 655, 656, 657, 668, 679, 680, 681, 682, 683, 685, 686, 687, 688, 689, 697, 698, 699, 702, 703, 705, 722, 723, 725, 726, 727, 728, 731, 732, 733, 734, 735, 736, 741, 742, 745, 767, 768, 769, 771, 772, 773, 774, 775, 776, 777, 778, 779, 781, 782, 797, 799, 808, 809, 811, 812, 813, 814, 815, 818, 819, 821, 822, 823, 826, 827, 830, 831, 832, 833, 834, 835, 836, 837, 838, 841, 842, 844, 845, 852, 853, 854, 855, 856, 857, 858, 859, 863, 864, 865, 866, 867, 868, 869, 880, 881, 882, 883, 884, 893, 897, 911, 915, 916, 918, 919, 920, 921, 924], "summary": {"covered_lines": 360, "num_statements": 437, "percent_covered": 82.37986270022883, "percent_covered_display": "82", "missing_lines": 77, "excluded_lines": 2, "percent_statements_covered": 82.37986270022883, "percent_statements_covered_display": "82"}, "missing_lines": [83, 84, 85, 86, 87, 101, 102, 166, 199, 200, 206, 379, 380, 398, 408, 411, 412, 413, 414, 518, 539, 540, 562, 563, 573, 574, 575, 576, 578, 579, 580, 581, 582, 584, 585, 586, 587, 588, 589, 590, 591, 592, 593, 602, 603, 642, 669, 746, 747, 748, 749, 750, 751, 752, 753, 754, 755, 756, 761, 762, 763, 764, 783, 784, 785, 786, 787, 795, 796, 860, 861, 876, 877, 894, 895, 925, 926], "excluded_lines": [88, 89], "start_line": 1}}}, "api/routers/__init__.py": {"executed_lines": [2, 4], "summary": {"covered_lines": 2, "num_statements": 2, "percent_covered": 100.0, "percent_covered_display": "100", "missing_lines": 0, "excluded_lines": 0, "percent_statements_covered": 100.0, "percent_statements_covered_display": "100"}, "missing_lines": [], "excluded_lines": [], "functions": {"": {"executed_lines": [2, 4], "summary": {"covered_lines": 2, "num_statements": 2, "percent_covered": 100.0, "percent_covered_display": "100", "missing_lines": 0, "excluded_lines": 0, "percent_statements_covered": 100.0, "percent_statements_covered_display": "100"}, "missing_lines": [], "excluded_lines": [], "start_line": 1}}, "classes": {"": {"executed_lines": [2, 4], "summary": {"covered_lines": 2, "num_statements": 2, "percent_covered": 100.0, "percent_covered_display": "100", "missing_lines": 0, "excluded_lines": 0, "percent_statements_covered": 100.0, "percent_statements_covered_display": "100"}, "missing_lines": [], "excluded_lines": [], "start_line": 1}}}, "api/routers/absences.py": {"executed_lines": [2, 3, 4, 5, 6, 9, 11, 15, 16, 18, 19, 20, 21, 22, 23, 24, 25, 26, 32, 33, 34, 35, 37, 38, 39, 40, 41, 42, 43, 44, 45, 48, 49, 55, 58, 59, 61, 64, 65, 67, 68, 69, 70, 71, 72, 73, 74, 75, 84, 85, 86, 87, 89, 90, 91, 92, 93, 94, 97, 100, 101, 103, 104, 105, 107, 108, 109, 111, 113, 114, 115, 116, 117, 118, 125, 130, 131, 135, 138, 139, 140, 141, 142, 143, 146, 147, 148, 149, 156, 161, 162, 166, 169, 170, 174, 179, 180, 183, 186, 187, 188, 189, 190, 192, 193, 194, 195, 196, 197, 200, 202, 203, 204, 206, 209, 210, 212, 213, 219, 224, 225, 226, 227, 228, 235, 236, 241, 248, 249, 250, 251, 254, 255, 256, 257, 262, 269, 271, 273, 274, 275, 276, 277, 282, 283, 284, 285, 290, 291, 294, 296, 297, 298, 301, 302, 305, 306, 307, 310, 311, 313, 314, 316, 317, 318, 321, 322, 323, 324, 325, 326], "summary": {"covered_lines": 171, "num_statements": 202, "percent_covered": 84.65346534653466, "percent_covered_display": "85", "missing_lines": 31, "excluded_lines": 0, "percent_statements_covered": 84.65346534653466, "percent_statements_covered_display": "85"}, "missing_lines": [27, 28, 76, 77, 78, 79, 95, 96, 119, 121, 122, 123, 157, 158, 198, 199, 205, 220, 221, 229, 230, 263, 264, 278, 279, 280, 286, 287, 299, 315, 319], "excluded_lines": [], "functions": {"delete_absence_only": {"executed_lines": [18, 19, 20, 21, 22, 23, 24, 25, 26], "summary": {"covered_lines": 9, "num_statements": 11, "percent_covered": 81.81818181818181, "percent_covered_display": "82", "missing_lines": 2, "excluded_lines": 0, "percent_statements_covered": 81.81818181818181, "percent_statements_covered_display": "82"}, "missing_lines": [27, 28], "excluded_lines": [], "start_line": 16}, "AbsenceCreate.validate_date": {"executed_lines": [40, 41, 42, 43, 44, 45], "summary": {"covered_lines": 6, "num_statements": 6, "percent_covered": 100.0, "percent_covered_display": "100", "missing_lines": 0, "excluded_lines": 0, "percent_statements_covered": 100.0, "percent_statements_covered_display": "100"}, "missing_lines": [], "excluded_lines": [], "start_line": 39}, "list_absences": {"executed_lines": [55], "summary": {"covered_lines": 1, "num_statements": 1, "percent_covered": 100.0, "percent_covered_display": "100", "missing_lines": 0, "excluded_lines": 0, "percent_statements_covered": 100.0, "percent_statements_covered_display": "100"}, "missing_lines": [], "excluded_lines": [], "start_line": 49}, "get_all_group_assignments": {"executed_lines": [61], "summary": {"covered_lines": 1, "num_statements": 1, "percent_covered": 100.0, "percent_covered_display": "100", "missing_lines": 0, "excluded_lines": 0, "percent_statements_covered": 100.0, "percent_statements_covered_display": "100"}, "missing_lines": [], "excluded_lines": [], "start_line": 59}, "create_absence": {"executed_lines": [67, 68, 69, 70, 71, 72, 73, 74, 75], "summary": {"covered_lines": 9, "num_statements": 13, "percent_covered": 69.23076923076923, "percent_covered_display": "69", "missing_lines": 4, "excluded_lines": 0, "percent_statements_covered": 69.23076923076923, "percent_statements_covered_display": "69"}, "missing_lines": [76, 77, 78, 79], "excluded_lines": [], "start_line": 65}, "BulkAbsenceCreate.validate_date": {"executed_lines": [92, 93, 94, 97], "summary": {"covered_lines": 4, "num_statements": 6, "percent_covered": 66.66666666666667, "percent_covered_display": "67", "missing_lines": 2, "excluded_lines": 0, "percent_statements_covered": 66.66666666666667, "percent_statements_covered_display": "67"}, "missing_lines": [95, 96], "excluded_lines": [], "start_line": 91}, "bulk_create_absence": {"executed_lines": [103, 104, 105, 107, 108, 109, 111, 113, 114, 115, 116, 117, 118, 125], "summary": {"covered_lines": 14, "num_statements": 18, "percent_covered": 77.77777777777777, "percent_covered_display": "78", "missing_lines": 4, "excluded_lines": 0, "percent_statements_covered": 77.77777777777777, "percent_statements_covered_display": "78"}, "missing_lines": [119, 121, 122, 123], "excluded_lines": [], "start_line": 101}, "get_leave_entitlements": {"executed_lines": [135], "summary": {"covered_lines": 1, "num_statements": 1, "percent_covered": 100.0, "percent_covered_display": "100", "missing_lines": 0, "excluded_lines": 0, "percent_statements_covered": 100.0, "percent_statements_covered_display": "100"}, "missing_lines": [], "excluded_lines": [], "start_line": 131}, "set_leave_entitlement": {"executed_lines": [148, 149, 156], "summary": {"covered_lines": 3, "num_statements": 5, "percent_covered": 60.0, "percent_covered_display": "60", "missing_lines": 2, "excluded_lines": 0, "percent_statements_covered": 60.0, "percent_statements_covered_display": "60"}, "missing_lines": [157, 158], "excluded_lines": [], "start_line": 147}, "get_leave_balance": {"executed_lines": [166], "summary": {"covered_lines": 1, "num_statements": 1, "percent_covered": 100.0, "percent_covered_display": "100", "missing_lines": 0, "excluded_lines": 0, "percent_statements_covered": 100.0, "percent_statements_covered_display": "100"}, "missing_lines": [], "excluded_lines": [], "start_line": 162}, "get_leave_balance_group": {"executed_lines": [174], "summary": {"covered_lines": 1, "num_statements": 1, "percent_covered": 100.0, "percent_covered_display": "100", "missing_lines": 0, "excluded_lines": 0, "percent_statements_covered": 100.0, "percent_statements_covered_display": "100"}, "missing_lines": [], "excluded_lines": [], "start_line": 170}, "get_holiday_bans": {"executed_lines": [183], "summary": {"covered_lines": 1, "num_statements": 1, "percent_covered": 100.0, "percent_covered_display": "100", "missing_lines": 0, "excluded_lines": 0, "percent_statements_covered": 100.0, "percent_statements_covered_display": "100"}, "missing_lines": [], "excluded_lines": [], "start_line": 180}, "HolidayBanCreate.validate_dates": {"executed_lines": [195, 196, 197, 200], "summary": {"covered_lines": 4, "num_statements": 6, "percent_covered": 66.66666666666667, "percent_covered_display": "67", "missing_lines": 2, "excluded_lines": 0, "percent_statements_covered": 66.66666666666667, "percent_statements_covered_display": "67"}, "missing_lines": [198, 199], "excluded_lines": [], "start_line": 194}, "HolidayBanCreate.end_after_start": {"executed_lines": [204, 206], "summary": {"covered_lines": 2, "num_statements": 3, "percent_covered": 66.66666666666667, "percent_covered_display": "67", "missing_lines": 1, "excluded_lines": 0, "percent_statements_covered": 66.66666666666667, "percent_statements_covered_display": "67"}, "missing_lines": [205], "excluded_lines": [], "start_line": 203}, "create_holiday_ban": {"executed_lines": [212, 213, 219], "summary": {"covered_lines": 3, "num_statements": 5, "percent_covered": 60.0, "percent_covered_display": "60", "missing_lines": 2, "excluded_lines": 0, "percent_statements_covered": 60.0, "percent_statements_covered_display": "60"}, "missing_lines": [220, 221], "excluded_lines": [], "start_line": 210}, "delete_holiday_ban": {"executed_lines": [226, 227, 228], "summary": {"covered_lines": 3, "num_statements": 5, "percent_covered": 60.0, "percent_covered_display": "60", "missing_lines": 2, "excluded_lines": 0, "percent_statements_covered": 60.0, "percent_statements_covered_display": "60"}, "missing_lines": [229, 230], "excluded_lines": [], "start_line": 225}, "annual_close_preview": {"executed_lines": [241], "summary": {"covered_lines": 1, "num_statements": 1, "percent_covered": 100.0, "percent_covered_display": "100", "missing_lines": 0, "excluded_lines": 0, "percent_statements_covered": 100.0, "percent_statements_covered_display": "100"}, "missing_lines": [], "excluded_lines": [], "start_line": 236}, "run_annual_close": {"executed_lines": [256, 257, 262], "summary": {"covered_lines": 3, "num_statements": 5, "percent_covered": 60.0, "percent_covered_display": "60", "missing_lines": 2, "excluded_lines": 0, "percent_statements_covered": 60.0, "percent_statements_covered_display": "60"}, "missing_lines": [263, 264], "excluded_lines": [], "start_line": 255}, "_load_absence_status": {"executed_lines": [274, 275, 276, 277], "summary": {"covered_lines": 4, "num_statements": 7, "percent_covered": 57.142857142857146, "percent_covered_display": "57", "missing_lines": 3, "excluded_lines": 0, "percent_statements_covered": 57.142857142857146, "percent_statements_covered_display": "57"}, "missing_lines": [278, 279, 280], "excluded_lines": [], "start_line": 273}, "_save_absence_status": {"executed_lines": [283, 284, 285], "summary": {"covered_lines": 3, "num_statements": 5, "percent_covered": 60.0, "percent_covered_display": "60", "missing_lines": 2, "excluded_lines": 0, "percent_statements_covered": 60.0, "percent_statements_covered_display": "60"}, "missing_lines": [286, 287], "excluded_lines": [], "start_line": 282}, "get_all_absence_statuses": {"executed_lines": [294, 296, 297, 298, 301, 302], "summary": {"covered_lines": 6, "num_statements": 7, "percent_covered": 85.71428571428571, "percent_covered_display": "86", "missing_lines": 1, "excluded_lines": 0, "percent_statements_covered": 85.71428571428571, "percent_statements_covered_display": "86"}, "missing_lines": [299], "excluded_lines": [], "start_line": 291}, "patch_absence_status": {"executed_lines": [313, 314, 316, 317, 318, 321, 322, 323, 324, 325, 326], "summary": {"covered_lines": 11, "num_statements": 13, "percent_covered": 84.61538461538461, "percent_covered_display": "85", "missing_lines": 2, "excluded_lines": 0, "percent_statements_covered": 84.61538461538461, "percent_statements_covered_display": "85"}, "missing_lines": [315, 319], "excluded_lines": [], "start_line": 311}, "": {"executed_lines": [2, 3, 4, 5, 6, 9, 11, 15, 16, 32, 33, 34, 35, 37, 38, 39, 48, 49, 58, 59, 64, 65, 84, 85, 86, 87, 89, 90, 91, 100, 101, 130, 131, 138, 139, 140, 141, 142, 143, 146, 147, 161, 162, 169, 170, 179, 180, 186, 187, 188, 189, 190, 192, 193, 194, 202, 203, 209, 210, 224, 225, 235, 236, 248, 249, 250, 251, 254, 255, 269, 271, 273, 282, 290, 291, 305, 306, 307, 310, 311], "summary": {"covered_lines": 80, "num_statements": 80, "percent_covered": 100.0, "percent_covered_display": "100", "missing_lines": 0, "excluded_lines": 0, "percent_statements_covered": 100.0, "percent_statements_covered_display": "100"}, "missing_lines": [], "excluded_lines": [], "start_line": 1}}, "classes": {"AbsenceCreate": {"executed_lines": [40, 41, 42, 43, 44, 45], "summary": {"covered_lines": 6, "num_statements": 6, "percent_covered": 100.0, "percent_covered_display": "100", "missing_lines": 0, "excluded_lines": 0, "percent_statements_covered": 100.0, "percent_statements_covered_display": "100"}, "missing_lines": [], "excluded_lines": [], "start_line": 32}, "BulkAbsenceCreate": {"executed_lines": [92, 93, 94, 97], "summary": {"covered_lines": 4, "num_statements": 6, "percent_covered": 66.66666666666667, "percent_covered_display": "67", "missing_lines": 2, "excluded_lines": 0, "percent_statements_covered": 66.66666666666667, "percent_statements_covered_display": "67"}, "missing_lines": [95, 96], "excluded_lines": [], "start_line": 84}, "LeaveEntitlementCreate": {"executed_lines": [], "summary": {"covered_lines": 0, "num_statements": 0, "percent_covered": 100.0, "percent_covered_display": "100", "missing_lines": 0, "excluded_lines": 0, "percent_statements_covered": 100.0, "percent_statements_covered_display": "100"}, "missing_lines": [], "excluded_lines": [], "start_line": 138}, "HolidayBanCreate": {"executed_lines": [195, 196, 197, 200, 204, 206], "summary": {"covered_lines": 6, "num_statements": 9, "percent_covered": 66.66666666666667, "percent_covered_display": "67", "missing_lines": 3, "excluded_lines": 0, "percent_statements_covered": 66.66666666666667, "percent_statements_covered_display": "67"}, "missing_lines": [198, 199, 205], "excluded_lines": [], "start_line": 186}, "AnnualCloseBody": {"executed_lines": [], "summary": {"covered_lines": 0, "num_statements": 0, "percent_covered": 100.0, "percent_covered_display": "100", "missing_lines": 0, "excluded_lines": 0, "percent_statements_covered": 100.0, "percent_statements_covered_display": "100"}, "missing_lines": [], "excluded_lines": [], "start_line": 248}, "AbsenceStatusPatch": {"executed_lines": [], "summary": {"covered_lines": 0, "num_statements": 0, "percent_covered": 100.0, "percent_covered_display": "100", "missing_lines": 0, "excluded_lines": 0, "percent_statements_covered": 100.0, "percent_statements_covered_display": "100"}, "missing_lines": [], "excluded_lines": [], "start_line": 305}, "": {"executed_lines": [2, 3, 4, 5, 6, 9, 11, 15, 16, 18, 19, 20, 21, 22, 23, 24, 25, 26, 32, 33, 34, 35, 37, 38, 39, 48, 49, 55, 58, 59, 61, 64, 65, 67, 68, 69, 70, 71, 72, 73, 74, 75, 84, 85, 86, 87, 89, 90, 91, 100, 101, 103, 104, 105, 107, 108, 109, 111, 113, 114, 115, 116, 117, 118, 125, 130, 131, 135, 138, 139, 140, 141, 142, 143, 146, 147, 148, 149, 156, 161, 162, 166, 169, 170, 174, 179, 180, 183, 186, 187, 188, 189, 190, 192, 193, 194, 202, 203, 209, 210, 212, 213, 219, 224, 225, 226, 227, 228, 235, 236, 241, 248, 249, 250, 251, 254, 255, 256, 257, 262, 269, 271, 273, 274, 275, 276, 277, 282, 283, 284, 285, 290, 291, 294, 296, 297, 298, 301, 302, 305, 306, 307, 310, 311, 313, 314, 316, 317, 318, 321, 322, 323, 324, 325, 326], "summary": {"covered_lines": 155, "num_statements": 181, "percent_covered": 85.6353591160221, "percent_covered_display": "86", "missing_lines": 26, "excluded_lines": 0, "percent_statements_covered": 85.6353591160221, "percent_statements_covered_display": "86"}, "missing_lines": [27, 28, 76, 77, 78, 79, 119, 121, 122, 123, 157, 158, 220, 221, 229, 230, 263, 264, 278, 279, 280, 286, 287, 299, 315, 319], "excluded_lines": [], "start_line": 1}}}, "api/routers/admin.py": {"executed_lines": [2, 3, 4, 5, 6, 7, 8, 9, 10, 11, 15, 21, 22, 26, 29, 30, 31, 32, 33, 36, 37, 38, 39, 40, 41, 42, 43, 44, 45, 46, 47, 53, 58, 59, 60, 61, 62, 69, 70, 72, 73, 78, 79, 80, 81, 82, 83, 84, 85, 88, 89, 91, 92, 93, 94, 98, 106, 107, 110, 111, 114, 115, 116, 118, 119, 120, 123, 125, 126, 127, 128, 129, 130, 131, 132, 133, 136, 138, 142, 150, 155, 156, 160, 161, 165, 169, 170, 171, 172, 175, 176, 177, 179, 180, 181, 183, 184, 185, 186, 187, 188, 189, 195, 196, 198, 199, 202, 207, 208, 209, 210, 211, 212, 220, 223, 224, 227, 228, 230, 231, 234, 235, 236, 238, 239, 241, 248, 249, 251, 252, 254, 255, 258, 259, 260, 262, 263, 266, 267, 269, 270, 273, 276, 277, 278, 279, 280, 281, 282, 283, 287, 288, 290, 297, 298, 305, 307, 308, 311, 316, 319, 320, 321, 326, 327, 328, 329, 331, 332, 333, 334, 336, 337, 338, 339, 340, 341, 343, 344, 347, 348, 352, 353, 354, 355, 357, 358, 363, 364, 371, 372, 373, 375, 376, 379, 380, 381, 383, 384, 385, 388, 389, 390, 391, 393, 398, 399, 400, 402, 407, 408, 411, 412, 415, 416, 417, 418, 419, 420, 422, 423, 424, 426, 428, 429, 430, 433, 434, 435, 436, 437, 440, 441, 442, 443, 444, 445, 446, 448, 450, 451, 456, 466, 468, 469, 470, 472, 473, 474, 478, 479, 480, 481, 484, 485, 486, 487, 488, 489, 492, 493, 494, 496, 497, 505, 507, 509, 510, 511, 514, 515, 517, 518, 521, 522, 524, 525, 526, 528, 529, 530, 532, 533, 534], "summary": {"covered_lines": 284, "num_statements": 330, "percent_covered": 86.06060606060606, "percent_covered_display": "86", "missing_lines": 46, "excluded_lines": 0, "percent_statements_covered": 86.06060606060606, "percent_statements_covered_display": "86"}, "missing_lines": [54, 55, 63, 64, 74, 75, 99, 100, 117, 143, 144, 145, 146, 147, 157, 158, 162, 190, 191, 192, 200, 217, 218, 232, 256, 271, 284, 285, 309, 342, 345, 351, 377, 394, 395, 403, 404, 421, 453, 454, 471, 475, 476, 508, 527, 531], "excluded_lines": [], "functions": {"get_periods": {"executed_lines": [26], "summary": {"covered_lines": 1, "num_statements": 1, "percent_covered": 100.0, "percent_covered_display": "100", "missing_lines": 0, "excluded_lines": 0, "percent_statements_covered": 100.0, "percent_statements_covered_display": "100"}, "missing_lines": [], "excluded_lines": [], "start_line": 22}, "create_period": {"executed_lines": [38, 39, 40, 41, 42, 43, 44, 45, 46, 47, 53], "summary": {"covered_lines": 11, "num_statements": 13, "percent_covered": 84.61538461538461, "percent_covered_display": "85", "missing_lines": 2, "excluded_lines": 0, "percent_statements_covered": 84.61538461538461, "percent_statements_covered_display": "85"}, "missing_lines": [54, 55], "excluded_lines": [], "start_line": 37}, "delete_period": {"executed_lines": [60, 61, 62], "summary": {"covered_lines": 3, "num_statements": 5, "percent_covered": 60.0, "percent_covered_display": "60", "missing_lines": 2, "excluded_lines": 0, "percent_statements_covered": 60.0, "percent_statements_covered_display": "60"}, "missing_lines": [63, 64], "excluded_lines": [], "start_line": 59}, "get_settings": {"executed_lines": [72, 73], "summary": {"covered_lines": 2, "num_statements": 4, "percent_covered": 50.0, "percent_covered_display": "50", "missing_lines": 2, "excluded_lines": 0, "percent_statements_covered": 50.0, "percent_statements_covered_display": "50"}, "missing_lines": [74, 75], "excluded_lines": [], "start_line": 70}, "update_settings": {"executed_lines": [91, 92, 93, 94, 98], "summary": {"covered_lines": 5, "num_statements": 7, "percent_covered": 71.42857142857143, "percent_covered_display": "71", "missing_lines": 2, "excluded_lines": 0, "percent_statements_covered": 71.42857142857143, "percent_statements_covered_display": "71"}, "missing_lines": [99, 100], "excluded_lines": [], "start_line": 89}, "_get_db_path": {"executed_lines": [111], "summary": {"covered_lines": 1, "num_statements": 1, "percent_covered": 100.0, "percent_covered_display": "100", "missing_lines": 0, "excluded_lines": 0, "percent_statements_covered": 100.0, "percent_statements_covered_display": "100"}, "missing_lines": [], "excluded_lines": [], "start_line": 110}, "_get_backup_dir": {"executed_lines": [115, 116, 118, 119, 120], "summary": {"covered_lines": 5, "num_statements": 6, "percent_covered": 83.33333333333333, "percent_covered_display": "83", "missing_lines": 1, "excluded_lines": 0, "percent_statements_covered": 83.33333333333333, "percent_statements_covered_display": "83"}, "missing_lines": [117], "excluded_lines": [], "start_line": 114}, "_create_zip_bytes": {"executed_lines": [125, 126, 127, 128, 129, 130, 131, 132, 133], "summary": {"covered_lines": 9, "num_statements": 9, "percent_covered": 100.0, "percent_covered_display": "100", "missing_lines": 0, "excluded_lines": 0, "percent_statements_covered": 100.0, "percent_statements_covered_display": "100"}, "missing_lines": [], "excluded_lines": [], "start_line": 123}, "_rotate_backups": {"executed_lines": [138, 142], "summary": {"covered_lines": 2, "num_statements": 7, "percent_covered": 28.571428571428573, "percent_covered_display": "29", "missing_lines": 5, "excluded_lines": 0, "percent_statements_covered": 28.571428571428573, "percent_statements_covered_display": "29"}, "missing_lines": [143, 144, 145, 146, 147], "excluded_lines": [], "start_line": 136}, "create_auto_backup": {"executed_lines": [155, 156, 160, 161, 165, 169, 170, 171, 172, 175, 176, 177, 179, 180, 181, 183, 184, 185, 186, 187, 188, 189], "summary": {"covered_lines": 22, "num_statements": 28, "percent_covered": 78.57142857142857, "percent_covered_display": "79", "missing_lines": 6, "excluded_lines": 0, "percent_statements_covered": 78.57142857142857, "percent_statements_covered_display": "79"}, "missing_lines": [157, 158, 162, 190, 191, 192], "excluded_lines": [], "start_line": 150}, "list_backups": {"executed_lines": [198, 199, 202, 207, 208, 209, 210, 211, 212, 220], "summary": {"covered_lines": 10, "num_statements": 13, "percent_covered": 76.92307692307692, "percent_covered_display": "77", "missing_lines": 3, "excluded_lines": 0, "percent_statements_covered": 76.92307692307692, "percent_statements_covered_display": "77"}, "missing_lines": [200, 217, 218], "excluded_lines": [], "start_line": 196}, "download_saved_backup": {"executed_lines": [227, 228, 230, 231, 234, 235, 236, 238, 239, 241], "summary": {"covered_lines": 10, "num_statements": 11, "percent_covered": 90.9090909090909, "percent_covered_display": "91", "missing_lines": 1, "excluded_lines": 0, "percent_statements_covered": 90.9090909090909, "percent_statements_covered_display": "91"}, "missing_lines": [232], "excluded_lines": [], "start_line": 224}, "delete_saved_backup": {"executed_lines": [251, 252, 254, 255, 258, 259, 260, 262, 263], "summary": {"covered_lines": 9, "num_statements": 10, "percent_covered": 90.0, "percent_covered_display": "90", "missing_lines": 1, "excluded_lines": 0, "percent_statements_covered": 90.0, "percent_statements_covered_display": "90"}, "missing_lines": [256], "excluded_lines": [], "start_line": 249}, "backup_download": {"executed_lines": [269, 270, 273, 276, 277, 278, 279, 280, 281, 282, 283, 287, 288, 290], "summary": {"covered_lines": 14, "num_statements": 17, "percent_covered": 82.3529411764706, "percent_covered_display": "82", "missing_lines": 3, "excluded_lines": 0, "percent_statements_covered": 82.3529411764706, "percent_statements_covered_display": "82"}, "missing_lines": [271, 284, 285], "excluded_lines": [], "start_line": 267}, "backup_restore": {"executed_lines": [305, 307, 308, 311, 316, 319, 320, 321, 326, 327, 328, 329, 331, 332, 333, 334, 336, 337, 338, 339, 340, 341, 343, 344, 347, 348, 352, 353, 354, 355, 357, 358], "summary": {"covered_lines": 32, "num_statements": 36, "percent_covered": 88.88888888888889, "percent_covered_display": "89", "missing_lines": 4, "excluded_lines": 0, "percent_statements_covered": 88.88888888888889, "percent_statements_covered_display": "89"}, "missing_lines": [309, 342, 345, 351], "excluded_lines": [], "start_line": 298}, "compact_database": {"executed_lines": [371, 372, 373, 375, 376, 379, 380, 381, 383, 384, 385, 388, 389, 390, 391, 393, 398, 399, 400, 402, 407, 408, 411, 412, 415, 416, 417, 418, 419, 420, 422, 423, 424, 426, 428, 429, 430, 433, 434, 435, 436, 437, 440, 441, 442, 443, 444, 445, 446, 448, 450, 451, 456], "summary": {"covered_lines": 53, "num_statements": 61, "percent_covered": 86.88524590163935, "percent_covered_display": "87", "missing_lines": 8, "excluded_lines": 0, "percent_statements_covered": 86.88524590163935, "percent_statements_covered_display": "87"}, "missing_lines": [377, 394, 395, 403, 404, 421, 453, 454], "excluded_lines": [], "start_line": 364}, "_load_frontend_errors": {"executed_lines": [469, 470, 472, 473, 474], "summary": {"covered_lines": 5, "num_statements": 8, "percent_covered": 62.5, "percent_covered_display": "62", "missing_lines": 3, "excluded_lines": 0, "percent_statements_covered": 62.5, "percent_statements_covered_display": "62"}, "missing_lines": [471, 475, 476], "excluded_lines": [], "start_line": 468}, "_save_frontend_errors": {"executed_lines": [479, 480, 481], "summary": {"covered_lines": 3, "num_statements": 3, "percent_covered": 100.0, "percent_covered_display": "100", "missing_lines": 0, "excluded_lines": 0, "percent_statements_covered": 100.0, "percent_statements_covered_display": "100"}, "missing_lines": [], "excluded_lines": [], "start_line": 478}, "report_frontend_error": {"executed_lines": [496, 497, 505, 507, 509, 510, 511], "summary": {"covered_lines": 7, "num_statements": 8, "percent_covered": 87.5, "percent_covered_display": "88", "missing_lines": 1, "excluded_lines": 0, "percent_statements_covered": 87.5, "percent_statements_covered_display": "88"}, "missing_lines": [508], "excluded_lines": [], "start_line": 494}, "get_frontend_errors": {"executed_lines": [517, 518], "summary": {"covered_lines": 2, "num_statements": 2, "percent_covered": 100.0, "percent_covered_display": "100", "missing_lines": 0, "excluded_lines": 0, "percent_statements_covered": 100.0, "percent_statements_covered_display": "100"}, "missing_lines": [], "excluded_lines": [], "start_line": 515}, "get_cache_stats": {"executed_lines": [524, 525, 526, 528, 529, 530, 532, 533, 534], "summary": {"covered_lines": 9, "num_statements": 11, "percent_covered": 81.81818181818181, "percent_covered_display": "82", "missing_lines": 2, "excluded_lines": 0, "percent_statements_covered": 81.81818181818181, "percent_statements_covered_display": "82"}, "missing_lines": [527, 531], "excluded_lines": [], "start_line": 522}, "": {"executed_lines": [2, 3, 4, 5, 6, 7, 8, 9, 10, 11, 15, 21, 22, 29, 30, 31, 32, 33, 36, 37, 58, 59, 69, 70, 78, 79, 80, 81, 82, 83, 84, 85, 88, 89, 106, 107, 110, 114, 123, 136, 150, 195, 196, 223, 224, 248, 249, 266, 267, 297, 298, 363, 364, 466, 468, 478, 484, 485, 486, 487, 488, 489, 492, 493, 494, 514, 515, 521, 522], "summary": {"covered_lines": 69, "num_statements": 69, "percent_covered": 100.0, "percent_covered_display": "100", "missing_lines": 0, "excluded_lines": 0, "percent_statements_covered": 100.0, "percent_statements_covered_display": "100"}, "missing_lines": [], "excluded_lines": [], "start_line": 1}}, "classes": {"PeriodCreate": {"executed_lines": [], "summary": {"covered_lines": 0, "num_statements": 0, "percent_covered": 100.0, "percent_covered_display": "100", "missing_lines": 0, "excluded_lines": 0, "percent_statements_covered": 100.0, "percent_statements_covered_display": "100"}, "missing_lines": [], "excluded_lines": [], "start_line": 29}, "SettingsUpdate": {"executed_lines": [], "summary": {"covered_lines": 0, "num_statements": 0, "percent_covered": 100.0, "percent_covered_display": "100", "missing_lines": 0, "excluded_lines": 0, "percent_statements_covered": 100.0, "percent_statements_covered_display": "100"}, "missing_lines": [], "excluded_lines": [], "start_line": 78}, "FrontendErrorReport": {"executed_lines": [], "summary": {"covered_lines": 0, "num_statements": 0, "percent_covered": 100.0, "percent_covered_display": "100", "missing_lines": 0, "excluded_lines": 0, "percent_statements_covered": 100.0, "percent_statements_covered_display": "100"}, "missing_lines": [], "excluded_lines": [], "start_line": 484}, "": {"executed_lines": [2, 3, 4, 5, 6, 7, 8, 9, 10, 11, 15, 21, 22, 26, 29, 30, 31, 32, 33, 36, 37, 38, 39, 40, 41, 42, 43, 44, 45, 46, 47, 53, 58, 59, 60, 61, 62, 69, 70, 72, 73, 78, 79, 80, 81, 82, 83, 84, 85, 88, 89, 91, 92, 93, 94, 98, 106, 107, 110, 111, 114, 115, 116, 118, 119, 120, 123, 125, 126, 127, 128, 129, 130, 131, 132, 133, 136, 138, 142, 150, 155, 156, 160, 161, 165, 169, 170, 171, 172, 175, 176, 177, 179, 180, 181, 183, 184, 185, 186, 187, 188, 189, 195, 196, 198, 199, 202, 207, 208, 209, 210, 211, 212, 220, 223, 224, 227, 228, 230, 231, 234, 235, 236, 238, 239, 241, 248, 249, 251, 252, 254, 255, 258, 259, 260, 262, 263, 266, 267, 269, 270, 273, 276, 277, 278, 279, 280, 281, 282, 283, 287, 288, 290, 297, 298, 305, 307, 308, 311, 316, 319, 320, 321, 326, 327, 328, 329, 331, 332, 333, 334, 336, 337, 338, 339, 340, 341, 343, 344, 347, 348, 352, 353, 354, 355, 357, 358, 363, 364, 371, 372, 373, 375, 376, 379, 380, 381, 383, 384, 385, 388, 389, 390, 391, 393, 398, 399, 400, 402, 407, 408, 411, 412, 415, 416, 417, 418, 419, 420, 422, 423, 424, 426, 428, 429, 430, 433, 434, 435, 436, 437, 440, 441, 442, 443, 444, 445, 446, 448, 450, 451, 456, 466, 468, 469, 470, 472, 473, 474, 478, 479, 480, 481, 484, 485, 486, 487, 488, 489, 492, 493, 494, 496, 497, 505, 507, 509, 510, 511, 514, 515, 517, 518, 521, 522, 524, 525, 526, 528, 529, 530, 532, 533, 534], "summary": {"covered_lines": 284, "num_statements": 330, "percent_covered": 86.06060606060606, "percent_covered_display": "86", "missing_lines": 46, "excluded_lines": 0, "percent_statements_covered": 86.06060606060606, "percent_statements_covered_display": "86"}, "missing_lines": [54, 55, 63, 64, 74, 75, 99, 100, 117, 143, 144, 145, 146, 147, 157, 158, 162, 190, 191, 192, 200, 217, 218, 232, 256, 271, 284, 285, 309, 342, 345, 351, 377, 394, 395, 403, 404, 421, 453, 454, 471, 475, 476, 508, 527, 531], "excluded_lines": [], "start_line": 1}}}, "api/routers/auth.py": {"executed_lines": [2, 3, 4, 5, 6, 7, 12, 16, 17, 18, 23, 24, 25, 26, 27, 30, 31, 32, 33, 34, 37, 38, 39, 42, 43, 44, 46, 48, 49, 50, 51, 52, 56, 65, 66, 67, 68, 69, 70, 71, 72, 76, 77, 78, 83, 84, 85, 86, 87, 88, 89, 90, 94, 95, 96, 101, 102, 105, 106, 107, 108, 109, 110, 111, 112, 114, 115, 119, 120, 121, 126, 127, 128, 130, 131, 132, 136, 137, 138, 139, 148, 149, 150, 151, 154, 157, 158, 161, 162, 163, 165, 166, 167, 168, 174, 175, 176, 177, 185, 186, 188, 189, 190], "summary": {"covered_lines": 103, "num_statements": 119, "percent_covered": 86.5546218487395, "percent_covered_display": "87", "missing_lines": 16, "excluded_lines": 0, "percent_statements_covered": 86.5546218487395, "percent_statements_covered_display": "87"}, "missing_lines": [45, 47, 57, 58, 59, 60, 61, 62, 79, 80, 97, 98, 122, 123, 140, 143], "excluded_lines": [], "functions": {"get_users": {"executed_lines": [18], "summary": {"covered_lines": 1, "num_statements": 1, "percent_covered": 100.0, "percent_covered_display": "100", "missing_lines": 0, "excluded_lines": 0, "percent_statements_covered": 100.0, "percent_statements_covered_display": "100"}, "missing_lines": [], "excluded_lines": [], "start_line": 17}, "create_user": {"executed_lines": [44, 46, 48, 49, 50, 51, 52, 56], "summary": {"covered_lines": 8, "num_statements": 16, "percent_covered": 50.0, "percent_covered_display": "50", "missing_lines": 8, "excluded_lines": 0, "percent_statements_covered": 50.0, "percent_statements_covered_display": "50"}, "missing_lines": [45, 47, 57, 58, 59, 60, 61, 62], "excluded_lines": [], "start_line": 43}, "update_user": {"executed_lines": [67, 68, 69, 70, 71, 72, 76, 77, 78], "summary": {"covered_lines": 9, "num_statements": 11, "percent_covered": 81.81818181818181, "percent_covered_display": "82", "missing_lines": 2, "excluded_lines": 0, "percent_statements_covered": 81.81818181818181, "percent_statements_covered_display": "82"}, "missing_lines": [79, 80], "excluded_lines": [], "start_line": 66}, "delete_user": {"executed_lines": [85, 86, 87, 88, 89, 90, 94, 95, 96], "summary": {"covered_lines": 9, "num_statements": 11, "percent_covered": 81.81818181818181, "percent_covered_display": "82", "missing_lines": 2, "excluded_lines": 0, "percent_statements_covered": 81.81818181818181, "percent_statements_covered_display": "82"}, "missing_lines": [97, 98], "excluded_lines": [], "start_line": 84}, "change_user_password": {"executed_lines": [107, 108, 109, 110, 111, 112, 114, 115, 119, 120, 121], "summary": {"covered_lines": 11, "num_statements": 13, "percent_covered": 84.61538461538461, "percent_covered_display": "85", "missing_lines": 2, "excluded_lines": 0, "percent_statements_covered": 84.61538461538461, "percent_statements_covered_display": "85"}, "missing_lines": [122, 123], "excluded_lines": [], "start_line": 106}, "login": {"executed_lines": [130, 131, 132, 136, 137, 138, 139, 148, 149, 150, 151, 154, 157, 158, 161, 162, 163, 165, 166, 167, 168, 174, 175, 176, 177], "summary": {"covered_lines": 25, "num_statements": 27, "percent_covered": 92.5925925925926, "percent_covered_display": "93", "missing_lines": 2, "excluded_lines": 0, "percent_statements_covered": 92.5925925925926, "percent_statements_covered_display": "93"}, "missing_lines": [140, 143], "excluded_lines": [], "start_line": 128}, "logout": {"executed_lines": [188, 189, 190], "summary": {"covered_lines": 3, "num_statements": 3, "percent_covered": 100.0, "percent_covered_display": "100", "missing_lines": 0, "excluded_lines": 0, "percent_statements_covered": 100.0, "percent_statements_covered_display": "100"}, "missing_lines": [], "excluded_lines": [], "start_line": 186}, "": {"executed_lines": [2, 3, 4, 5, 6, 7, 12, 16, 17, 23, 24, 25, 26, 27, 30, 31, 32, 33, 34, 37, 38, 39, 42, 43, 65, 66, 83, 84, 101, 102, 105, 106, 126, 127, 128, 185, 186], "summary": {"covered_lines": 37, "num_statements": 37, "percent_covered": 100.0, "percent_covered_display": "100", "missing_lines": 0, "excluded_lines": 0, "percent_statements_covered": 100.0, "percent_statements_covered_display": "100"}, "missing_lines": [], "excluded_lines": [], "start_line": 1}}, "classes": {"UserCreate": {"executed_lines": [], "summary": {"covered_lines": 0, "num_statements": 0, "percent_covered": 100.0, "percent_covered_display": "100", "missing_lines": 0, "excluded_lines": 0, "percent_statements_covered": 100.0, "percent_statements_covered_display": "100"}, "missing_lines": [], "excluded_lines": [], "start_line": 23}, "UserUpdate": {"executed_lines": [], "summary": {"covered_lines": 0, "num_statements": 0, "percent_covered": 100.0, "percent_covered_display": "100", "missing_lines": 0, "excluded_lines": 0, "percent_statements_covered": 100.0, "percent_statements_covered_display": "100"}, "missing_lines": [], "excluded_lines": [], "start_line": 30}, "LoginBody": {"executed_lines": [], "summary": {"covered_lines": 0, "num_statements": 0, "percent_covered": 100.0, "percent_covered_display": "100", "missing_lines": 0, "excluded_lines": 0, "percent_statements_covered": 100.0, "percent_statements_covered_display": "100"}, "missing_lines": [], "excluded_lines": [], "start_line": 37}, "ChangePasswordBody": {"executed_lines": [], "summary": {"covered_lines": 0, "num_statements": 0, "percent_covered": 100.0, "percent_covered_display": "100", "missing_lines": 0, "excluded_lines": 0, "percent_statements_covered": 100.0, "percent_statements_covered_display": "100"}, "missing_lines": [], "excluded_lines": [], "start_line": 101}, "": {"executed_lines": [2, 3, 4, 5, 6, 7, 12, 16, 17, 18, 23, 24, 25, 26, 27, 30, 31, 32, 33, 34, 37, 38, 39, 42, 43, 44, 46, 48, 49, 50, 51, 52, 56, 65, 66, 67, 68, 69, 70, 71, 72, 76, 77, 78, 83, 84, 85, 86, 87, 88, 89, 90, 94, 95, 96, 101, 102, 105, 106, 107, 108, 109, 110, 111, 112, 114, 115, 119, 120, 121, 126, 127, 128, 130, 131, 132, 136, 137, 138, 139, 148, 149, 150, 151, 154, 157, 158, 161, 162, 163, 165, 166, 167, 168, 174, 175, 176, 177, 185, 186, 188, 189, 190], "summary": {"covered_lines": 103, "num_statements": 119, "percent_covered": 86.5546218487395, "percent_covered_display": "87", "missing_lines": 16, "excluded_lines": 0, "percent_statements_covered": 86.5546218487395, "percent_statements_covered_display": "87"}, "missing_lines": [45, 47, 57, 58, 59, 60, 61, 62, 79, 80, 97, 98, 122, 123, 140, 143], "excluded_lines": [], "start_line": 1}}}, "api/routers/employees.py": {"executed_lines": [2, 3, 4, 5, 6, 10, 14, 15, 16, 19, 20, 21, 22, 23, 24, 27, 28, 29, 30, 32, 33, 34, 35, 38, 39, 40, 41, 42, 43, 44, 49, 52, 54, 55, 56, 57, 58, 59, 60, 61, 62, 63, 66, 67, 68, 69, 70, 71, 72, 73, 74, 75, 76, 77, 78, 80, 81, 82, 83, 84, 85, 86, 87, 88, 89, 91, 92, 94, 95, 96, 97, 98, 99, 100, 102, 103, 104, 106, 107, 108, 109, 110, 111, 113, 114, 115, 116, 117, 118, 120, 121, 122, 123, 124, 127, 128, 129, 130, 131, 132, 133, 134, 135, 136, 137, 138, 139, 140, 142, 143, 144, 145, 146, 147, 148, 149, 150, 151, 153, 154, 156, 157, 158, 159, 160, 161, 162, 164, 165, 166, 168, 169, 170, 171, 172, 173, 175, 176, 177, 178, 180, 183, 184, 186, 187, 188, 192, 193, 194, 195, 196, 202, 203, 204, 206, 207, 208, 212, 213, 215, 216, 221, 222, 223, 224, 225, 226, 227, 231, 232, 233, 240, 243, 244, 245, 246, 247, 248, 249, 250, 252, 257, 258, 259, 260, 261, 262, 263, 264, 265, 266, 267, 270, 271, 272, 273, 274, 275, 276, 277, 278, 279, 280, 281, 284, 285, 288, 289, 290, 291, 292, 293, 294, 295, 300, 301, 302, 303, 304, 305, 306, 307, 308, 313, 314, 315, 316, 317, 318, 323, 324, 325, 326, 327, 332, 333, 334, 335, 336, 346, 347, 349, 350, 351, 353, 354, 355, 356, 358, 359, 360, 361, 363, 364, 365, 366, 367, 370, 371, 372, 376, 377, 378, 379, 380, 381, 383, 384, 385, 389, 394, 395, 396, 397, 400, 401, 403, 404, 406, 407, 408, 409, 410, 411, 415, 416, 417, 418, 419, 421, 422, 426, 427, 428, 429, 430, 431, 432, 437, 439], "summary": {"covered_lines": 300, "num_statements": 330, "percent_covered": 90.9090909090909, "percent_covered_display": "91", "missing_lines": 30, "excluded_lines": 0, "percent_statements_covered": 90.9090909090909, "percent_statements_covered_display": "91"}, "missing_lines": [179, 197, 198, 199, 214, 217, 218, 234, 235, 251, 296, 297, 309, 310, 319, 320, 328, 329, 337, 338, 373, 374, 386, 387, 412, 413, 423, 424, 433, 434], "excluded_lines": [], "functions": {"get_employees": {"executed_lines": [16], "summary": {"covered_lines": 1, "num_statements": 1, "percent_covered": 100.0, "percent_covered_display": "100", "missing_lines": 0, "excluded_lines": 0, "percent_statements_covered": 100.0, "percent_statements_covered_display": "100"}, "missing_lines": [], "excluded_lines": [], "start_line": 15}, "get_employee": {"executed_lines": [21, 22, 23, 24], "summary": {"covered_lines": 4, "num_statements": 4, "percent_covered": 100.0, "percent_covered_display": "100", "missing_lines": 0, "excluded_lines": 0, "percent_statements_covered": 100.0, "percent_statements_covered_display": "100"}, "missing_lines": [], "excluded_lines": [], "start_line": 20}, "get_groups": {"executed_lines": [29, 30, 32, 33, 34, 35], "summary": {"covered_lines": 6, "num_statements": 6, "percent_covered": 100.0, "percent_covered_display": "100", "missing_lines": 0, "excluded_lines": 0, "percent_statements_covered": 100.0, "percent_statements_covered_display": "100"}, "missing_lines": [], "excluded_lines": [], "start_line": 28}, "get_group_members": {"executed_lines": [40, 41, 42, 43, 44], "summary": {"covered_lines": 5, "num_statements": 5, "percent_covered": 100.0, "percent_covered_display": "100", "missing_lines": 0, "excluded_lines": 0, "percent_statements_covered": 100.0, "percent_statements_covered_display": "100"}, "missing_lines": [], "excluded_lines": [], "start_line": 39}, "_validate_date_field": {"executed_lines": [54, 55, 56, 57, 58, 59, 60, 61, 62, 63], "summary": {"covered_lines": 10, "num_statements": 10, "percent_covered": 100.0, "percent_covered_display": "100", "missing_lines": 0, "excluded_lines": 0, "percent_statements_covered": 100.0, "percent_statements_covered_display": "100"}, "missing_lines": [], "excluded_lines": [], "start_line": 52}, "EmployeeCreate.name_not_blank": {"executed_lines": [109, 110, 111], "summary": {"covered_lines": 3, "num_statements": 3, "percent_covered": 100.0, "percent_covered_display": "100", "missing_lines": 0, "excluded_lines": 0, "percent_statements_covered": 100.0, "percent_statements_covered_display": "100"}, "missing_lines": [], "excluded_lines": [], "start_line": 108}, "EmployeeCreate.validate_dates": {"executed_lines": [116, 117, 118], "summary": {"covered_lines": 3, "num_statements": 3, "percent_covered": 100.0, "percent_covered_display": "100", "missing_lines": 0, "excluded_lines": 0, "percent_statements_covered": 100.0, "percent_statements_covered_display": "100"}, "missing_lines": [], "excluded_lines": [], "start_line": 115}, "EmployeeCreate.empend_after_empstart": {"executed_lines": [122, 123, 124], "summary": {"covered_lines": 3, "num_statements": 3, "percent_covered": 100.0, "percent_covered_display": "100", "missing_lines": 0, "excluded_lines": 0, "percent_statements_covered": 100.0, "percent_statements_covered_display": "100"}, "missing_lines": [], "excluded_lines": [], "start_line": 121}, "EmployeeUpdate.name_not_blank": {"executed_lines": [171, 172, 173], "summary": {"covered_lines": 3, "num_statements": 3, "percent_covered": 100.0, "percent_covered_display": "100", "missing_lines": 0, "excluded_lines": 0, "percent_statements_covered": 100.0, "percent_statements_covered_display": "100"}, "missing_lines": [], "excluded_lines": [], "start_line": 170}, "EmployeeUpdate.validate_dates": {"executed_lines": [178, 180], "summary": {"covered_lines": 2, "num_statements": 3, "percent_covered": 66.66666666666667, "percent_covered_display": "67", "missing_lines": 1, "excluded_lines": 0, "percent_statements_covered": 66.66666666666667, "percent_statements_covered_display": "67"}, "missing_lines": [179], "excluded_lines": [], "start_line": 177}, "create_employee": {"executed_lines": [186, 187, 188, 192, 193, 194, 195, 196], "summary": {"covered_lines": 8, "num_statements": 11, "percent_covered": 72.72727272727273, "percent_covered_display": "73", "missing_lines": 3, "excluded_lines": 0, "percent_statements_covered": 72.72727272727273, "percent_statements_covered_display": "73"}, "missing_lines": [197, 198, 199], "excluded_lines": [], "start_line": 184}, "update_employee": {"executed_lines": [204, 206, 207, 208, 212, 213, 215, 216], "summary": {"covered_lines": 8, "num_statements": 11, "percent_covered": 72.72727272727273, "percent_covered_display": "73", "missing_lines": 3, "excluded_lines": 0, "percent_statements_covered": 72.72727272727273, "percent_statements_covered_display": "73"}, "missing_lines": [214, 217, 218], "excluded_lines": [], "start_line": 203}, "delete_employee": {"executed_lines": [223, 224, 225, 226, 227, 231, 232, 233], "summary": {"covered_lines": 8, "num_statements": 10, "percent_covered": 80.0, "percent_covered_display": "80", "missing_lines": 2, "excluded_lines": 0, "percent_statements_covered": 80.0, "percent_statements_covered_display": "80"}, "missing_lines": [234, 235], "excluded_lines": [], "start_line": 222}, "get_employee_photo": {"executed_lines": [245, 246, 247, 248, 249, 250, 252], "summary": {"covered_lines": 7, "num_statements": 8, "percent_covered": 87.5, "percent_covered_display": "88", "missing_lines": 1, "excluded_lines": 0, "percent_statements_covered": 87.5, "percent_statements_covered_display": "88"}, "missing_lines": [251], "excluded_lines": [], "start_line": 244}, "create_group": {"executed_lines": [290, 291, 292, 293, 294, 295], "summary": {"covered_lines": 6, "num_statements": 8, "percent_covered": 75.0, "percent_covered_display": "75", "missing_lines": 2, "excluded_lines": 0, "percent_statements_covered": 75.0, "percent_statements_covered_display": "75"}, "missing_lines": [296, 297], "excluded_lines": [], "start_line": 289}, "update_group": {"executed_lines": [302, 303, 304, 305, 306, 307, 308], "summary": {"covered_lines": 7, "num_statements": 9, "percent_covered": 77.77777777777777, "percent_covered_display": "78", "missing_lines": 2, "excluded_lines": 0, "percent_statements_covered": 77.77777777777777, "percent_statements_covered_display": "78"}, "missing_lines": [309, 310], "excluded_lines": [], "start_line": 301}, "delete_group": {"executed_lines": [315, 316, 317, 318], "summary": {"covered_lines": 4, "num_statements": 6, "percent_covered": 66.66666666666667, "percent_covered_display": "67", "missing_lines": 2, "excluded_lines": 0, "percent_statements_covered": 66.66666666666667, "percent_statements_covered_display": "67"}, "missing_lines": [319, 320], "excluded_lines": [], "start_line": 314}, "add_group_member": {"executed_lines": [325, 326, 327], "summary": {"covered_lines": 3, "num_statements": 5, "percent_covered": 60.0, "percent_covered_display": "60", "missing_lines": 2, "excluded_lines": 0, "percent_statements_covered": 60.0, "percent_statements_covered_display": "60"}, "missing_lines": [328, 329], "excluded_lines": [], "start_line": 324}, "remove_group_member": {"executed_lines": [334, 335, 336], "summary": {"covered_lines": 3, "num_statements": 5, "percent_covered": 60.0, "percent_covered_display": "60", "missing_lines": 2, "excluded_lines": 0, "percent_statements_covered": 60.0, "percent_statements_covered_display": "60"}, "missing_lines": [337, 338], "excluded_lines": [], "start_line": 333}, "upload_employee_photo": {"executed_lines": [349, 350, 351, 353, 354, 355, 356, 358, 359, 360, 361, 363, 364, 365, 366, 367, 370, 371, 372, 376, 377, 378, 379, 380, 381, 383, 384, 385, 389], "summary": {"covered_lines": 29, "num_statements": 33, "percent_covered": 87.87878787878788, "percent_covered_display": "88", "missing_lines": 4, "excluded_lines": 0, "percent_statements_covered": 87.87878787878788, "percent_statements_covered_display": "88"}, "missing_lines": [373, 374, 386, 387], "excluded_lines": [], "start_line": 347}, "bulk_employee_action": {"executed_lines": [403, 404, 406, 407, 408, 409, 410, 411, 415, 416, 417, 418, 419, 421, 422, 426, 427, 428, 429, 430, 431, 432, 437, 439], "summary": {"covered_lines": 24, "num_statements": 30, "percent_covered": 80.0, "percent_covered_display": "80", "missing_lines": 6, "excluded_lines": 0, "percent_statements_covered": 80.0, "percent_statements_covered_display": "80"}, "missing_lines": [412, 413, 423, 424, 433, 434], "excluded_lines": [], "start_line": 401}, "": {"executed_lines": [2, 3, 4, 5, 6, 10, 14, 15, 19, 20, 27, 28, 38, 39, 49, 52, 66, 67, 68, 69, 70, 71, 72, 73, 74, 75, 76, 77, 78, 80, 81, 82, 83, 84, 85, 86, 87, 88, 89, 91, 92, 94, 95, 96, 97, 98, 99, 100, 102, 103, 104, 106, 107, 108, 113, 114, 115, 120, 121, 127, 128, 129, 130, 131, 132, 133, 134, 135, 136, 137, 138, 139, 140, 142, 143, 144, 145, 146, 147, 148, 149, 150, 151, 153, 154, 156, 157, 158, 159, 160, 161, 162, 164, 165, 166, 168, 169, 170, 175, 176, 177, 183, 184, 202, 203, 221, 222, 240, 243, 244, 257, 258, 259, 260, 261, 262, 263, 264, 265, 266, 267, 270, 271, 272, 273, 274, 275, 276, 277, 278, 279, 280, 281, 284, 285, 288, 289, 300, 301, 313, 314, 323, 324, 332, 333, 346, 347, 394, 395, 396, 397, 400, 401], "summary": {"covered_lines": 153, "num_statements": 153, "percent_covered": 100.0, "percent_covered_display": "100", "missing_lines": 0, "excluded_lines": 0, "percent_statements_covered": 100.0, "percent_statements_covered_display": "100"}, "missing_lines": [], "excluded_lines": [], "start_line": 1}}, "classes": {"EmployeeCreate": {"executed_lines": [109, 110, 111, 116, 117, 118, 122, 123, 124], "summary": {"covered_lines": 9, "num_statements": 9, "percent_covered": 100.0, "percent_covered_display": "100", "missing_lines": 0, "excluded_lines": 0, "percent_statements_covered": 100.0, "percent_statements_covered_display": "100"}, "missing_lines": [], "excluded_lines": [], "start_line": 66}, "EmployeeUpdate": {"executed_lines": [171, 172, 173, 178, 180], "summary": {"covered_lines": 5, "num_statements": 6, "percent_covered": 83.33333333333333, "percent_covered_display": "83", "missing_lines": 1, "excluded_lines": 0, "percent_statements_covered": 83.33333333333333, "percent_statements_covered_display": "83"}, "missing_lines": [179], "excluded_lines": [], "start_line": 127}, "GroupCreate": {"executed_lines": [], "summary": {"covered_lines": 0, "num_statements": 0, "percent_covered": 100.0, "percent_covered_display": "100", "missing_lines": 0, "excluded_lines": 0, "percent_statements_covered": 100.0, "percent_statements_covered_display": "100"}, "missing_lines": [], "excluded_lines": [], "start_line": 257}, "GroupUpdate": {"executed_lines": [], "summary": {"covered_lines": 0, "num_statements": 0, "percent_covered": 100.0, "percent_covered_display": "100", "missing_lines": 0, "excluded_lines": 0, "percent_statements_covered": 100.0, "percent_statements_covered_display": "100"}, "missing_lines": [], "excluded_lines": [], "start_line": 270}, "GroupMemberBody": {"executed_lines": [], "summary": {"covered_lines": 0, "num_statements": 0, "percent_covered": 100.0, "percent_covered_display": "100", "missing_lines": 0, "excluded_lines": 0, "percent_statements_covered": 100.0, "percent_statements_covered_display": "100"}, "missing_lines": [], "excluded_lines": [], "start_line": 284}, "BulkEmployeeAction": {"executed_lines": [], "summary": {"covered_lines": 0, "num_statements": 0, "percent_covered": 100.0, "percent_covered_display": "100", "missing_lines": 0, "excluded_lines": 0, "percent_statements_covered": 100.0, "percent_statements_covered_display": "100"}, "missing_lines": [], "excluded_lines": [], "start_line": 394}, "": {"executed_lines": [2, 3, 4, 5, 6, 10, 14, 15, 16, 19, 20, 21, 22, 23, 24, 27, 28, 29, 30, 32, 33, 34, 35, 38, 39, 40, 41, 42, 43, 44, 49, 52, 54, 55, 56, 57, 58, 59, 60, 61, 62, 63, 66, 67, 68, 69, 70, 71, 72, 73, 74, 75, 76, 77, 78, 80, 81, 82, 83, 84, 85, 86, 87, 88, 89, 91, 92, 94, 95, 96, 97, 98, 99, 100, 102, 103, 104, 106, 107, 108, 113, 114, 115, 120, 121, 127, 128, 129, 130, 131, 132, 133, 134, 135, 136, 137, 138, 139, 140, 142, 143, 144, 145, 146, 147, 148, 149, 150, 151, 153, 154, 156, 157, 158, 159, 160, 161, 162, 164, 165, 166, 168, 169, 170, 175, 176, 177, 183, 184, 186, 187, 188, 192, 193, 194, 195, 196, 202, 203, 204, 206, 207, 208, 212, 213, 215, 216, 221, 222, 223, 224, 225, 226, 227, 231, 232, 233, 240, 243, 244, 245, 246, 247, 248, 249, 250, 252, 257, 258, 259, 260, 261, 262, 263, 264, 265, 266, 267, 270, 271, 272, 273, 274, 275, 276, 277, 278, 279, 280, 281, 284, 285, 288, 289, 290, 291, 292, 293, 294, 295, 300, 301, 302, 303, 304, 305, 306, 307, 308, 313, 314, 315, 316, 317, 318, 323, 324, 325, 326, 327, 332, 333, 334, 335, 336, 346, 347, 349, 350, 351, 353, 354, 355, 356, 358, 359, 360, 361, 363, 364, 365, 366, 367, 370, 371, 372, 376, 377, 378, 379, 380, 381, 383, 384, 385, 389, 394, 395, 396, 397, 400, 401, 403, 404, 406, 407, 408, 409, 410, 411, 415, 416, 417, 418, 419, 421, 422, 426, 427, 428, 429, 430, 431, 432, 437, 439], "summary": {"covered_lines": 286, "num_statements": 315, "percent_covered": 90.7936507936508, "percent_covered_display": "91", "missing_lines": 29, "excluded_lines": 0, "percent_statements_covered": 90.7936507936508, "percent_statements_covered_display": "91"}, "missing_lines": [197, 198, 199, 214, 217, 218, 234, 235, 251, 296, 297, 309, 310, 319, 320, 328, 329, 337, 338, 373, 374, 386, 387, 412, 413, 423, 424, 433, 434], "excluded_lines": [], "start_line": 1}}}, "api/routers/events.py": {"executed_lines": [2, 3, 4, 5, 6, 7, 8, 9, 11, 13, 17, 18, 21, 26, 27, 28, 29, 30, 31, 32, 33, 34, 35, 36, 39, 40, 43, 45, 47, 60, 61, 62, 63, 64, 65, 66, 69, 73], "summary": {"covered_lines": 38, "num_statements": 56, "percent_covered": 67.85714285714286, "percent_covered_display": "68", "missing_lines": 18, "excluded_lines": 0, "percent_statements_covered": 67.85714285714286, "percent_statements_covered_display": "68"}, "missing_lines": [37, 38, 48, 49, 50, 51, 52, 53, 54, 55, 56, 58, 75, 76, 77, 78, 79, 81], "excluded_lines": [], "functions": {"broadcast": {"executed_lines": [26, 27, 28, 29, 30, 31, 32, 33, 34, 35, 36, 39, 40], "summary": {"covered_lines": 13, "num_statements": 15, "percent_covered": 86.66666666666667, "percent_covered_display": "87", "missing_lines": 2, "excluded_lines": 0, "percent_statements_covered": 86.66666666666667, "percent_statements_covered_display": "87"}, "missing_lines": [37, 38], "excluded_lines": [], "start_line": 21}, "_event_generator": {"executed_lines": [45, 47, 60, 61, 62, 63, 64, 65, 66], "summary": {"covered_lines": 9, "num_statements": 19, "percent_covered": 47.36842105263158, "percent_covered_display": "47", "missing_lines": 10, "excluded_lines": 0, "percent_statements_covered": 47.36842105263158, "percent_statements_covered_display": "47"}, "missing_lines": [48, 49, 50, 51, 52, 53, 54, 55, 56, 58], "excluded_lines": [], "start_line": 43}, "sse_stream": {"executed_lines": [], "summary": {"covered_lines": 0, "num_statements": 6, "percent_covered": 0.0, "percent_covered_display": "0", "missing_lines": 6, "excluded_lines": 0, "percent_statements_covered": 0.0, "percent_statements_covered_display": "0"}, "missing_lines": [75, 76, 77, 78, 79, 81], "excluded_lines": [], "start_line": 73}, "": {"executed_lines": [2, 3, 4, 5, 6, 7, 8, 9, 11, 13, 17, 18, 21, 43, 69, 73], "summary": {"covered_lines": 16, "num_statements": 16, "percent_covered": 100.0, "percent_covered_display": "100", "missing_lines": 0, "excluded_lines": 0, "percent_statements_covered": 100.0, "percent_statements_covered_display": "100"}, "missing_lines": [], "excluded_lines": [], "start_line": 1}}, "classes": {"": {"executed_lines": [2, 3, 4, 5, 6, 7, 8, 9, 11, 13, 17, 18, 21, 26, 27, 28, 29, 30, 31, 32, 33, 34, 35, 36, 39, 40, 43, 45, 47, 60, 61, 62, 63, 64, 65, 66, 69, 73], "summary": {"covered_lines": 38, "num_statements": 56, "percent_covered": 67.85714285714286, "percent_covered_display": "68", "missing_lines": 18, "excluded_lines": 0, "percent_statements_covered": 67.85714285714286, "percent_statements_covered_display": "68"}, "missing_lines": [37, 38, 48, 49, 50, 51, 52, 53, 54, 55, 56, 58, 75, 76, 77, 78, 79, 81], "excluded_lines": [], "start_line": 1}}}, "api/routers/master_data.py": {"executed_lines": [2, 3, 4, 5, 9, 13, 14, 15, 18, 19, 20, 23, 24, 25, 28, 29, 30, 35, 36, 41, 42, 47, 52, 53, 54, 55, 56, 57, 60, 61, 62, 64, 66, 68, 69, 76, 83, 84, 85, 86, 87, 88, 89, 90, 91, 92, 93, 94, 95, 96, 97, 98, 99, 100, 101, 102, 103, 104, 105, 108, 109, 110, 111, 112, 113, 114, 115, 116, 117, 118, 119, 120, 121, 122, 123, 124, 125, 126, 127, 128, 129, 130, 131, 134, 135, 136, 137, 138, 140, 141, 142, 143, 152, 153, 154, 155, 156, 157, 158, 159, 160, 165, 166, 167, 168, 169, 170, 177, 178, 179, 180, 181, 182, 183, 184, 185, 188, 189, 190, 191, 192, 193, 194, 195, 196, 197, 200, 201, 202, 203, 204, 206, 207, 208, 213, 214, 215, 216, 217, 218, 219, 220, 225, 226, 227, 228, 229, 236, 237, 238, 239, 242, 243, 244, 245, 248, 249, 250, 251, 252, 253, 254, 255, 256, 257, 258, 259, 264, 265, 266, 267, 268, 269, 270, 271, 276, 277, 278, 279, 280, 287, 288, 289, 290, 291, 292, 293, 296, 297, 298, 299, 300, 301, 302, 303, 306, 307, 308, 309, 310, 311, 312, 317, 318, 319, 320, 321, 322, 323, 324, 329, 330, 331, 332, 333, 340, 341, 343, 344, 349, 350, 352, 353, 354, 359, 360, 362, 363, 364, 371, 372, 373, 374, 375, 376, 377, 378, 381, 382, 383, 384, 385, 386, 387, 388, 389, 392, 393, 394, 397, 398, 399, 400, 401, 402, 403, 405, 407, 408, 409, 414, 415, 421, 422, 423, 428, 429, 430, 431, 432, 433, 434, 435, 440, 441, 442, 443, 444, 451, 452, 457, 458, 463, 464, 465, 466, 467, 468, 469, 472, 473, 474, 475, 476, 477, 478, 481, 482, 484, 485, 486, 487, 488, 489, 490, 498, 503, 504, 506, 508, 509, 510, 511, 512, 513, 514, 519, 520, 522, 523, 524, 525, 526, 527, 528, 534, 535, 536, 537, 539, 540, 541, 542, 544, 545, 546, 548, 549, 550, 554, 555, 556, 558, 559, 560, 561, 562, 563, 565, 566, 567, 568, 569, 570, 572, 573, 574, 575, 576, 577, 579, 580, 581, 582, 584, 585, 586, 587, 596, 597, 598, 600, 601, 602, 603, 604, 605, 606, 607, 608, 609, 610, 611, 612, 614, 615, 616, 617, 618, 619, 620, 622, 623, 624, 625, 626, 627, 628, 630, 631, 632, 634, 638, 647, 648, 649, 651, 652, 653, 654, 655, 656, 657, 658, 659, 661, 662, 664, 665, 666, 667, 670, 671, 672, 673, 674, 675, 677, 678, 679, 680, 690, 691, 692, 693, 694, 695, 696, 697, 701, 702, 703, 704, 705, 713], "summary": {"covered_lines": 445, "num_statements": 508, "percent_covered": 87.5984251968504, "percent_covered_display": "88", "missing_lines": 63, "excluded_lines": 0, "percent_statements_covered": 87.5984251968504, "percent_statements_covered_display": "88"}, "missing_lines": [43, 63, 65, 67, 77, 78, 139, 144, 145, 146, 147, 148, 149, 161, 162, 171, 172, 205, 209, 210, 221, 222, 230, 231, 260, 261, 272, 273, 281, 282, 313, 314, 325, 326, 334, 335, 345, 346, 355, 356, 365, 366, 404, 406, 410, 411, 424, 425, 436, 437, 445, 446, 459, 460, 499, 500, 515, 516, 529, 530, 547, 551, 552], "excluded_lines": [], "functions": {"get_shifts": {"executed_lines": [15], "summary": {"covered_lines": 1, "num_statements": 1, "percent_covered": 100.0, "percent_covered_display": "100", "missing_lines": 0, "excluded_lines": 0, "percent_statements_covered": 100.0, "percent_statements_covered_display": "100"}, "missing_lines": [], "excluded_lines": [], "start_line": 14}, "get_leave_types": {"executed_lines": [20], "summary": {"covered_lines": 1, "num_statements": 1, "percent_covered": 100.0, "percent_covered_display": "100", "missing_lines": 0, "excluded_lines": 0, "percent_statements_covered": 100.0, "percent_statements_covered_display": "100"}, "missing_lines": [], "excluded_lines": [], "start_line": 19}, "get_workplaces": {"executed_lines": [25], "summary": {"covered_lines":
[...]
3863, 3864, 3870, 3872, 3873, 3874, 3875, 3881, 3883, 3884, 3885, 3896, 3898, 3899, 3900, 3901, 3904, 3906, 3907, 3911, 3913, 3914, 3915, 3916, 3917, 3922, 3924, 3925, 3926, 3927, 3933, 3937, 3939, 3940, 3941, 3942, 3945, 3947, 3948, 3952, 3954, 3955, 3956, 3957, 3958, 3964, 3966, 3971, 3973, 3974, 3976, 3977, 3978, 3982, 3984, 3985, 3987, 3993, 3995, 3996, 3997, 3998, 3999, 4000, 4002, 4003, 4011, 4013, 4015, 4017, 4023, 4025, 4030, 4032, 4033, 4035, 4036, 4037, 4040, 4041, 4042, 4043, 4044, 4054, 4055, 4056, 4057, 4058, 4059, 4063, 4072, 4074, 4075, 4079, 4081, 4082, 4084, 4085, 4086, 4089, 4090, 4091, 4092, 4106, 4107, 4109, 4111, 4112, 4113, 4114, 4116, 4117, 4127, 4148, 4149, 4150, 4151, 4152, 4154, 4159, 4160, 4161, 4170, 4171, 4172, 4173, 4174, 4175, 4180, 4181, 4182, 4183, 4184, 4185, 4190, 4192, 4194, 4195, 4196, 4197, 4198, 4199, 4204, 4205, 4206, 4211, 4212, 4213, 4214, 4215, 4216, 4217, 4219, 4221, 4235, 4256, 4260, 4261, 4262, 4264, 4265, 4266, 4270, 4271, 4275, 4285, 4286, 4293, 4295, 4299, 4301, 4302, 4303, 4304, 4315, 4317, 4318, 4320, 4322, 4323, 4327, 4328, 4351, 4368, 4370, 4371, 4372, 4373, 4374, 4376, 4377, 4378, 4379, 4380, 4381, 4382, 4383, 4399, 4401, 4402, 4407, 4408, 4413, 4414, 4415, 4416, 4417, 4419, 4420, 4423, 4424, 4426, 4428, 4429, 4430, 4431, 4502, 4503, 4507, 4508, 4509, 4511, 4512, 4513, 4517, 4522, 4523, 4524, 4525, 4526, 4535, 4536, 4559, 4561, 4562, 4563, 4564, 4575, 4584, 4585, 4586, 4587, 4588], "summary": {"covered_lines": 1761, "num_statements": 2450, "percent_covered": 71.87755102040816, "percent_covered_display": "72", "missing_lines": 689, "excluded_lines": 0, "percent_statements_covered": 71.87755102040816, "percent_statements_covered_display": "72"}, "missing_lines": [47, 50, 104, 114, 115, 116, 117, 119, 164, 165, 184, 234, 235, 237, 238, 239, 240, 276, 277, 278, 351, 379, 381, 450, 454, 455, 456, 457, 458, 459, 460, 461, 462, 463, 464, 465, 466, 468, 503, 513, 514, 515, 517, 526, 532, 536, 593, 719, 720, 763, 764, 844, 872, 873, 888, 889, 904, 905, 906, 907, 919, 920, 925, 926, 927, 931, 932, 945, 986, 987, 988, 989, 990, 991, 992, 993, 1031, 1032, 1033, 1045, 1046, 1047, 1048, 1049, 1050, 1051, 1053, 1054, 1055, 1056, 1058, 1059, 1060, 1144, 1151, 1152, 1153, 1154, 1155, 1156, 1157, 1158, 1210, 1211, 1212, 1213, 1269, 1270, 1271, 1275, 1322, 1323, 1332, 1333, 1339, 1349, 1353, 1355, 1356, 1357, 1358, 1359, 1361, 1362, 1372, 1375, 1380, 1384, 1407, 1413, 1416, 1417, 1429, 1430, 1445, 1447, 1448, 1449, 1450, 1451, 1452, 1453, 1455, 1456, 1468, 1469, 1477, 1487, 1488, 1493, 1498, 1506, 1509, 1520, 1521, 1523, 1524, 1525, 1540, 1541, 1552, 1553, 1560, 1567, 1581, 1582, 1584, 1585, 1608, 1609, 1651, 1652, 1655, 1661, 1662, 1674, 1680, 1692, 1704, 1719, 1720, 1723, 1727, 1728, 1742, 1748, 1752, 1753, 1756, 1779, 1798, 1823, 1835, 1845, 1847, 1849, 1853, 1868, 1881, 1887, 1892, 1899, 1906, 1935, 1936, 1942, 1961, 1962, 1970, 1987, 1988, 1995, 2001, 2002, 2007, 2008, 2013, 2014, 2024, 2025, 2029, 2045, 2051, 2061, 2066, 2075, 2079, 2089, 2092, 2103, 2111, 2129, 2130, 2135, 2137, 2139, 2142, 2155, 2160, 2162, 2165, 2175, 2194, 2197, 2210, 2216, 2220, 2231, 2234, 2247, 2253, 2257, 2274, 2277, 2290, 2296, 2300, 2305, 2315, 2323, 2343, 2355, 2366, 2383, 2386, 2404, 2407, 2420, 2426, 2433, 2444, 2452, 2465, 2475, 2496, 2497, 2501, 2502, 2505, 2515, 2517, 2518, 2519, 2520, 2521, 2528, 2529, 2535, 2536, 2541, 2544, 2554, 2557, 2566, 2567, 2589, 2610, 2615, 2620, 2623, 2629, 2646, 2649, 2650, 2653, 2654, 2658, 2683, 2690, 2693, 2696, 2697, 2700, 2701, 2704, 2715, 2732, 2743, 2751, 2756, 2757, 2758, 2767, 2768, 2774, 2800, 2813, 2818, 2822, 2829, 2858, 2859, 2863, 2864, 2869, 2876, 2884, 2885, 2909, 2914, 2915, 2916, 2917, 2923, 2929, 2939, 2949, 2955, 2981, 2992, 2999, 3005, 3010, 3014, 3018, 3019, 3020, 3021, 3022, 3024, 3025, 3038, 3045, 3046, 3049, 3050, 3070, 3071, 3075, 3079, 3094, 3095, 3107, 3108, 3110, 3111, 3112, 3113, 3114, 3117, 3118, 3127, 3128, 3130, 3131, 3134, 3135, 3137, 3138, 3141, 3142, 3149, 3168, 3187, 3190, 3191, 3194, 3208, 3219, 3220, 3223, 3224, 3227, 3229, 3232, 3233, 3244, 3245, 3259, 3260, 3261, 3262, 3263, 3266, 3267, 3279, 3280, 3299, 3302, 3303, 3310, 3311, 3318, 3319, 3320, 3321, 3322, 3323, 3324, 3325, 3326, 3327, 3328, 3334, 3337, 3338, 3345, 3362, 3373, 3378, 3381, 3391, 3396, 3401, 3410, 3434, 3452, 3455, 3458, 3467, 3492, 3512, 3517, 3518, 3522, 3523, 3524, 3536, 3542, 3543, 3544, 3545, 3546, 3547, 3548, 3562, 3563, 3568, 3581, 3586, 3600, 3613, 3614, 3622, 3625, 3641, 3644, 3647, 3648, 3654, 3655, 3672, 3673, 3685, 3686, 3697, 3698, 3700, 3701, 3702, 3703, 3704, 3705, 3706, 3707, 3708, 3710, 3711, 3712, 3713, 3714, 3716, 3717, 3718, 3719, 3722, 3723, 3735, 3736, 3745, 3781, 3782, 3803, 3826, 3830, 3831, 3832, 3839, 3845, 3848, 3851, 3854, 3871, 3876, 3882, 3886, 3892, 3897, 3902, 3903, 3912, 3923, 3938, 3943, 3944, 3953, 3965, 3972, 3975, 3980, 3981, 3983, 3988, 3994, 4014, 4016, 4024, 4031, 4034, 4038, 4039, 4052, 4053, 4061, 4062, 4073, 4080, 4083, 4087, 4088, 4104, 4105, 4110, 4115, 4128, 4146, 4147, 4157, 4158, 4164, 4165, 4168, 4169, 4178, 4179, 4188, 4189, 4193, 4202, 4203, 4209, 4210, 4233, 4259, 4263, 4269, 4283, 4284, 4294, 4300, 4313, 4316, 4321, 4325, 4326, 4329, 4330, 4331, 4333, 4334, 4336, 4337, 4339, 4340, 4341, 4343, 4344, 4345, 4347, 4349, 4365, 4366, 4369, 4375, 4396, 4397, 4400, 4405, 4406, 4411, 4412, 4418, 4421, 4422, 4427, 4434, 4435, 4436, 4437, 4438, 4439, 4440, 4441, 4442, 4443, 4444, 4445, 4446, 4449, 4452, 4453, 4454, 4455, 4456, 4457, 4459, 4460, 4461, 4462, 4463, 4464, 4465, 4467, 4468, 4469, 4470, 4471, 4473, 4474, 4477, 4481, 4495, 4496, 4501, 4506, 4510, 4516, 4518, 4530, 4537, 4538, 4551, 4552, 4553, 4560, 4565, 4566, 4567, 4568, 4569, 4570, 4571, 4574, 4576, 4577, 4578, 4579, 4580, 4583], "excluded_lines": [], "start_line": 19}, "": {"executed_lines": [4, 5, 6, 7, 8, 9, 10, 11, 16, 19, 20, 23, 26, 54, 64, 73, 92, 130, 137, 146, 151, 162, 168, 191, 198, 207, 214, 224, 248, 252, 334, 341, 346, 369, 439, 483, 493, 519, 562, 584, 654, 663, 690, 700, 713, 733, 745, 760, 767, 792, 803, 1072, 1078, 1118, 1131, 1141, 1181, 1300, 1689, 1701, 1795, 1830, 1889, 1898, 1941, 1967, 1978, 2050, 2065, 2074, 2091, 2141, 2164, 2196, 2209, 2233, 2246, 2276, 2289, 2302, 2320, 2340, 2385, 2406, 2419, 2448, 2457, 2462, 2472, 2486, 2612, 2617, 2642, 2770, 2925, 2951, 3007, 3040, 3364, 3393, 3442, 3565, 3583, 3597, 3636, 3841, 3868, 3894, 3909, 3935, 3950, 3968, 3990, 4027, 4046, 4077, 4258, 4273, 4277, 4297, 4306, 4358, 4386, 4505, 4532, 4555, 4573], "summary": {"covered_lines": 127, "num_statements": 188, "percent_covered": 67.55319148936171, "percent_covered_display": "68", "missing_lines": 61, "excluded_lines": 0, "percent_statements_covered": 67.55319148936171, "percent_statements_covered_display": "68"}, "missing_lines": [1410, 1482, 1645, 1677, 1713, 1745, 1776, 1820, 1865, 1884, 2028, 2102, 2174, 2219, 2256, 2299, 2314, 2352, 2365, 2429, 2430, 2440, 2441, 2449, 2458, 2585, 2680, 2687, 2729, 2748, 2797, 2809, 2852, 2906, 2978, 2989, 3064, 3183, 3212, 3342, 3407, 3431, 3489, 3509, 3533, 3609, 3776, 3802, 3822, 3879, 3920, 3962, 4021, 4096, 4132, 4254, 4268, 4500, 4515, 4520, 4582], "excluded_lines": [], "start_line": 1}}}, "sp5lib/dbf_reader.py": {"executed_lines": [5, 6, 9, 15, 19, 20, 21, 22, 24, 27, 37, 40, 42, 43, 44, 45, 46, 47, 48, 49, 50, 51, 57, 58, 59, 64, 66, 67, 68, 69, 70, 71, 74, 77, 86, 87, 88, 90, 92, 94, 95, 96, 98, 99, 100, 103, 104, 105, 106, 107, 108, 109, 110, 111, 112, 113, 116, 117, 119, 120, 121, 122, 125, 126, 128, 129, 131, 132, 133, 134, 136, 138, 139, 141, 142, 144, 145, 146, 148, 149, 162, 163, 165, 167, 170, 172, 173, 174, 175, 176, 177, 178, 179, 180, 181, 182, 183, 184, 185, 186, 187, 188], "summary": {"covered_lines": 102, "num_statements": 118, "percent_covered": 86.44067796610169, "percent_covered_display": "86", "missing_lines": 16, "excluded_lines": 0, "percent_statements_covered": 86.44067796610169, "percent_statements_covered_display": "86"}, "missing_lines": [17, 38, 52, 53, 60, 61, 72, 73, 150, 151, 152, 154, 155, 156, 158, 160], "excluded_lines": [], "functions": {"_is_utf16_le": {"executed_lines": [15, 19, 20, 21, 22, 24], "summary": {"covered_lines": 6, "num_statements": 7, "percent_covered": 85.71428571428571, "percent_covered_display": "86", "missing_lines": 1, "excluded_lines": 0, "percent_statements_covered": 85.71428571428571, "percent_statements_covered_display": "86"}, "missing_lines": [17], "excluded_lines": [], "start_line": 9}, "_decode_string": {"executed_lines": [37, 40, 42, 43, 44, 45, 46, 47, 48, 49, 50, 51, 57, 58, 59], "summary": {"covered_lines": 15, "num_statements": 20, "percent_covered": 75.0, "percent_covered_display": "75", "missing_lines": 5, "excluded_lines": 0, "percent_statements_covered": 75.0, "percent_statements_covered_display": "75"}, "missing_lines": [38, 52, 53, 60, 61], "excluded_lines": [], "start_line": 27}, "_parse_date": {"executed_lines": [66, 67, 68, 69, 70, 71, 74], "summary": {"covered_lines": 7, "num_statements": 9, "percent_covered": 77.77777777777777, "percent_covered_display": "78", "missing_lines": 2, "excluded_lines": 0, "percent_statements_covered": 77.77777777777777, "percent_statements_covered_display": "78"}, "missing_lines": [72, 73], "excluded_lines": [], "start_line": 64}, "read_dbf": {"executed_lines": [86, 87, 88, 90, 92, 94, 95, 96, 98, 99, 100, 103, 104, 105, 106, 107, 108, 109, 110, 111, 112, 113, 116, 117, 119, 120, 121, 122, 125, 126, 128, 129, 131, 132, 133, 134, 136, 138, 139, 141, 142, 144, 145, 146, 148, 149, 162, 163, 165, 167], "summary": {"covered_lines": 50, "num_statements": 58, "percent_covered": 86.20689655172414, "percent_covered_display": "86", "missing_lines": 8, "excluded_lines": 0, "percent_statements_covered": 86.20689655172414, "percent_statements_covered_display": "86"}, "missing_lines": [150, 151, 152, 154, 155, 156, 158, 160], "excluded_lines": [], "start_line": 77}, "get_table_fields": {"executed_lines": [172, 173, 174, 175, 176, 177, 178, 179, 180, 181, 182, 183, 184, 185, 186, 187, 188], "summary": {"covered_lines": 17, "num_statements": 17, "percent_covered": 100.0, "percent_covered_display": "100", "missing_lines": 0, "excluded_lines": 0, "percent_statements_covered": 100.0, "percent_statements_covered_display": "100"}, "missing_lines": [], "excluded_lines": [], "start_line": 170}, "": {"executed_lines": [5, 6, 9, 27, 64, 77, 170], "summary": {"covered_lines": 7, "num_statements": 7, "percent_covered": 100.0, "percent_covered_display": "100", "missing_lines": 0, "excluded_lines": 0, "percent_statements_covered": 100.0, "percent_statements_covered_display": "100"}, "missing_lines": [], "excluded_lines": [], "start_line": 1}}, "classes": {"": {"executed_lines": [5, 6, 9, 15, 19, 20, 21, 22, 24, 27, 37, 40, 42, 43, 44, 45, 46, 47, 48, 49, 50, 51, 57, 58, 59, 64, 66, 67, 68, 69, 70, 71, 74, 77, 86, 87, 88, 90, 92, 94, 95, 96, 98, 99, 100, 103, 104, 105, 106, 107, 108, 109, 110, 111, 112, 113, 116, 117, 119, 120, 121, 122, 125, 126, 128, 129, 131, 132, 133, 134, 136, 138, 139, 141, 142, 144, 145, 146, 148, 149, 162, 163, 165, 167, 170, 172, 173, 174, 175, 176, 177, 178, 179, 180, 181, 182, 183, 184, 185, 186, 187, 188], "summary": {"covered_lines": 102, "num_statements": 118, "percent_covered": 86.44067796610169, "percent_covered_display": "86", "missing_lines": 16, "excluded_lines": 0, "percent_statements_covered": 86.44067796610169, "percent_statements_covered_display": "86"}, "missing_lines": [17, 38, 52, 53, 60, 61, 72, 73, 150, 151, 152, 154, 155, 156, 158, 160], "excluded_lines": [], "start_line": 1}}}, "sp5lib/dbf_writer.py": {"executed_lines": [25, 26, 27, 28, 29, 30, 32, 37, 44, 45, 47, 49, 50, 54, 57, 59, 60, 62, 63, 64, 67, 69, 72, 74, 75, 76, 78, 79, 81, 84, 85, 86, 88, 90, 91, 92, 93, 94, 95, 97, 98, 99, 100, 101, 103, 104, 105, 106, 107, 109, 110, 121, 123, 124, 125, 126, 127, 129, 130, 131, 132, 135, 137, 138, 139, 142, 144, 145, 150, 151, 153, 154, 155, 156, 158, 163, 182, 183, 184, 186, 189, 191, 193, 197, 198, 201, 202, 205, 206, 207, 208, 209, 213, 214, 216, 217, 218, 220, 223, 233, 235, 236, 240, 242, 243, 244, 245, 246, 247, 248, 249, 252, 274, 276, 277, 281, 284, 285, 286, 288, 291, 292, 295, 296, 297, 298, 299, 300, 302, 303, 304, 307, 332, 333, 335, 336, 338, 339, 344, 346, 347, 351, 353, 354, 355, 356, 357, 358, 360, 361, 363, 365, 366, 368, 370, 375, 377, 378, 380, 381, 382, 383, 385, 386, 387, 388, 389, 390, 391, 392, 394, 395, 406, 407, 409, 412, 414, 415, 416, 417], "summary": {"covered_lines": 180, "num_statements": 202, "percent_covered": 89.10891089108911, "percent_covered_display": "89", "missing_lines": 22, "excluded_lines": 0, "percent_statements_covered": 89.10891089108911, "percent_statements_covered_display": "89"}, "missing_lines": [52, 68, 112, 113, 116, 128, 190, 211, 289, 340, 342, 348, 349, 359, 396, 397, 398, 399, 400, 401, 402, 404], "excluded_lines": [], "functions": {"_encode_string": {"executed_lines": [44, 45, 47, 49, 50, 54, 57, 59, 60, 62, 63, 64, 67, 69], "summary": {"covered_lines": 14, "num_statements": 16, "percent_covered": 87.5, "percent_covered_display": "88", "missing_lines": 2, "excluded_lines": 0, "percent_statements_covered": 87.5, "percent_statements_covered_display": "88"}, "missing_lines": [52, 68], "excluded_lines": [], "start_line": 37}, "_encode_field": {"executed_lines": [74, 75, 76, 78, 79, 81, 84, 85, 86, 88, 90, 91, 92, 93, 94, 95, 97, 98, 99, 100, 101, 103, 104, 105, 106, 107, 109, 110], "summary": {"covered_lines": 28, "num_statements": 31, "percent_covered": 90.3225806451613, "percent_covered_display": "90", "missing_lines": 3, "excluded_lines": 0, "percent_statements_covered": 90.3225806451613, "percent_statements_covered_display": "90"}, "missing_lines": [112, 113, 116], "excluded_lines": [], "start_line": 72}, "_read_header_info": {"executed_lines": [123, 124, 125, 126, 127, 129, 130, 131, 132], "summary": {"covered_lines": 9, "num_statements": 10, "percent_covered": 90.0, "percent_covered_display": "90", "missing_lines": 1, "excluded_lines": 0, "percent_statements_covered": 90.0, "percent_statements_covered_display": "90"}, "missing_lines": [128], "excluded_lines": [], "start_line": 121}, "_stamp_header": {"executed_lines": [137, 138, 139], "summary": {"covered_lines": 3, "num_statements": 3, "percent_covered": 100.0, "percent_covered_display": "100", "missing_lines": 0, "excluded_lines": 0, "percent_statements_covered": 100.0, "percent_statements_covered_display": "100"}, "missing_lines": [], "excluded_lines": [], "start_line": 135}, "_update_record_count": {"executed_lines": [144, 145], "summary": {"covered_lines": 2, "num_statements": 2, "percent_covered": 100.0, "percent_covered_display": "100", "missing_lines": 0, "excluded_lines": 0, "percent_statements_covered": 100.0, "percent_statements_covered_display": "100"}, "missing_lines": [], "excluded_lines": [], "start_line": 142}, "_exclusive_open": {"executed_lines": [153, 154, 155, 156, 158], "summary": {"covered_lines": 5, "num_statements": 5, "percent_covered": 100.0, "percent_covered_display": "100", "missing_lines": 0, "excluded_lines": 0, "percent_statements_covered": 100.0, "percent_statements_covered_display": "100"}, "missing_lines": [], "excluded_lines": [], "start_line": 151}, "append_record": {"executed_lines": [182, 183, 184, 186, 189, 191, 193, 197, 198, 201, 202, 205, 206, 207, 208, 209, 213, 214, 216, 217, 218, 220], "summary": {"covered_lines": 22, "num_statements": 24, "percent_covered": 91.66666666666667, "percent_covered_display": "92", "missing_lines": 2, "excluded_lines": 0, "percent_statements_covered": 91.66666666666667, "percent_statements_covered_display": "92"}, "missing_lines": [190, 211], "excluded_lines": [], "start_line": 163}, "delete_record": {"executed_lines": [233, 235, 236, 240, 242, 243, 244, 245, 246, 247, 248, 249], "summary": {"covered_lines": 12, "num_statements": 12, "percent_covered": 100.0, "percent_covered_display": "100", "missing_lines": 0, "excluded_lines": 0, "percent_statements_covered": 100.0, "percent_statements_covered_display": "100"}, "missing_lines": [], "excluded_lines": [], "start_line": 223}, "update_record": {"executed_lines": [274, 276, 277, 281, 284, 285, 286, 288, 291, 292, 295, 296, 297, 298, 299, 300, 302, 303, 304], "summary": {"covered_lines": 19, "num_statements": 20, "percent_covered": 95.0, "percent_covered_display": "95", "missing_lines": 1, "excluded_lines": 0, "percent_statements_covered": 95.0, "percent_statements_covered_display": "95"}, "missing_lines": [289], "excluded_lines": [], "start_line": 252}, "find_all_records": {"executed_lines": [332, 333, 335, 336, 338, 339, 344, 346, 347, 351, 353, 354, 355, 356, 357, 358, 360, 361, 363, 365, 366, 368, 370], "summary": {"covered_lines": 23, "num_statements": 28, "percent_covered": 82.14285714285714, "percent_covered_display": "82", "missing_lines": 5, "excluded_lines": 0, "percent_statements_covered": 82.14285714285714, "percent_statements_covered_display": "82"}, "missing_lines": [340, 342, 348, 349, 359], "excluded_lines": [], "start_line": 307}, "_parse_record": {"executed_lines": [377, 378, 380, 381, 382, 383, 385, 386, 387, 388, 389, 390, 391, 392, 394, 395, 406, 407, 409], "summary": {"covered_lines": 19, "num_statements": 27, "percent_covered": 70.37037037037037, "percent_covered_display": "70", "missing_lines": 8, "excluded_lines": 0, "percent_statements_covered": 70.37037037037037, "percent_statements_covered_display": "70"}, "missing_lines": [396, 397, 398, 399, 400, 401, 402, 404], "excluded_lines": [], "start_line": 375}, "_matches": {"executed_lines": [414, 415, 416, 417], "summary": {"covered_lines": 4, "num_statements": 4, "percent_covered": 100.0, "percent_covered_display": "100", "missing_lines": 0, "excluded_lines": 0, "percent_statements_covered": 100.0, "percent_statements_covered_display": "100"}, "missing_lines": [], "excluded_lines": [], "start_line": 412}, "": {"executed_lines": [25, 26, 27, 28, 29, 30, 32, 37, 72, 121, 135, 142, 150, 151, 163, 223, 252, 307, 375, 412], "summary": {"covered_lines": 20, "num_statements": 20, "percent_covered": 100.0, "percent_covered_display": "100", "missing_lines": 0, "excluded_lines": 0, "percent_statements_covered": 100.0, "percent_statements_covered_display": "100"}, "missing_lines": [], "excluded_lines": [], "start_line": 1}}, "classes": {"": {"executed_lines": [25, 26, 27, 28, 29, 30, 32, 37, 44, 45, 47, 49, 50, 54, 57, 59, 60, 62, 63, 64, 67, 69, 72, 74, 75, 76, 78, 79, 81, 84, 85, 86, 88, 90, 91, 92, 93, 94, 95, 97, 98, 99, 100, 101, 103, 104, 105, 106, 107, 109, 110, 121, 123, 124, 125, 126, 127, 129, 130, 131, 132, 135, 137, 138, 139, 142, 144, 145, 150, 151, 153, 154, 155, 156, 158, 163, 182, 183, 184, 186, 189, 191, 193, 197, 198, 201, 202, 205, 206, 207, 208, 209, 213, 214, 216, 217, 218, 220, 223, 233, 235, 236, 240, 242, 243, 244, 245, 246, 247, 248, 249, 252, 274, 276, 277, 281, 284, 285, 286, 288, 291, 292, 295, 296, 297, 298, 299, 300, 302, 303, 304, 307, 332, 333, 335, 336, 338, 339, 344, 346, 347, 351, 353, 354, 355, 356, 357, 358, 360, 361, 363, 365, 366, 368, 370, 375, 377, 378, 380, 381, 382, 383, 385, 386, 387, 388, 389, 390, 391, 392, 394, 395, 406, 407, 409, 412, 414, 415, 416, 417], "summary": {"covered_lines": 180, "num_statements": 202, "percent_covered": 89.10891089108911, "percent_covered_display": "89", "missing_lines": 22, "excluded_lines": 0, "percent_statements_covered": 89.10891089108911, "percent_statements_covered_display": "89"}, "missing_lines": [52, 68, 112, 113, 116, 128, 190, 211, 289, 340, 342, 348, 349, 359, 396, 397, 398, 399, 400, 401, 402, 404], "excluded_lines": [], "start_line": 1}}}}, "totals": {"covered_lines": 6189, "num_statements": 7808, "percent_covered": 79.26485655737704, "percent_covered_display": "79", "missing_lines": 1619, "excluded_lines": 2, "percent_statements_covered": 79.26485655737704, "percent_statements_covered_display": "79"}}